#
# A fatal error has been detected by the Java Runtime Environment:
#
#  SIGSEGV (0xb) at pc=0x00007fb2d3e7da4c, pid=5203, tid=5224
#
# JRE version: OpenJDK Runtime Environment (Red_Hat-21.0.6.0.7-1) (21.0.6+7) (build 21.0.6+7)
# Java VM: OpenJDK 64-Bit Server VM (Red_Hat-21.0.6.0.7-1) (21.0.6+7, mixed mode, sharing, tiered, compressed oops, compressed class ptrs, g1 gc, linux-amd64)
# Problematic frame:
# V  [libjvm.so+0x67da4c]  PhaseChaitin::interfere_with_live(unsigned int, IndexSet*) [clone .part.0]+0x25c
#
# Core dump will be written. Default location: Core dumps may be processed with "/usr/lib/systemd/systemd-coredump %P %u %g %s %t %c %h" (or dumping to /home/rohit/AndroidStudioProjects/ExpectedKeyboard/core.5203)
#
# If you would like to submit a bug report, please visit:
#   https://bugzilla.redhat.com/enter_bug.cgi?product=Fedora&component=java-21-openjdk&version=40
#

---------------  S U M M A R Y ------------

Command Line: --add-opens=java.base/java.lang=ALL-UNNAMED --add-opens=java.base/java.lang.invoke=ALL-UNNAMED --add-opens=java.base/java.util=ALL-UNNAMED --add-opens=java.prefs/java.util.prefs=ALL-UNNAMED --add-exports=jdk.compiler/com.sun.tools.javac.api=ALL-UNNAMED --add-exports=jdk.compiler/com.sun.tools.javac.util=ALL-UNNAMED --add-opens=java.base/java.util=ALL-UNNAMED --add-opens=java.prefs/java.util.prefs=ALL-UNNAMED --add-opens=java.base/java.nio.charset=ALL-UNNAMED --add-opens=java.base/java.net=ALL-UNNAMED --add-opens=java.base/java.util.concurrent.atomic=ALL-UNNAMED --add-opens=java.xml/javax.xml.namespace=ALL-UNNAMED -Xmx2048m -Dfile.encoding=UTF-8 -Duser.country=US -Duser.language=en -Duser.variant -javaagent:/home/rohit/.gradle/wrapper/dists/gradle-8.12.1-bin/eumc4uhoysa37zql93vfjkxy0/gradle-8.12.1/lib/agents/gradle-instrumentation-agent-8.12.1.jar org.gradle.launcher.daemon.bootstrap.GradleDaemon 8.12.1

Host: Intel(R) Core(TM) i3-6006U CPU @ 2.00GHz, 4 cores, 7G, Fedora release 41 (Forty One)
Time: Sun Feb 23 13:29:52 2025 IST elapsed time: 3.332649 seconds (0d 0h 0m 3s)

---------------  T H R E A D  ---------------

Current thread (0x00007fb22408b1e0):  JavaThread "C2 CompilerThread1" daemon [_thread_in_native, id=5224, stack(0x00007fb2a542e000,0x00007fb2a552e000) (1024K)]


Current CompileTask:
C2:3332 2431   !   4       java.lang.ClassLoader::loadClass (121 bytes)

Stack: [0x00007fb2a542e000,0x00007fb2a552e000],  sp=0x00007fb2a5529ea0,  free space=1007k
Native frames: (J=compiled Java code, j=interpreted, Vv=VM code, C=native code)
V  [libjvm.so+0x67da4c]  PhaseChaitin::interfere_with_live(unsigned int, IndexSet*) [clone .part.0]+0x25c
V  [libjvm.so+0x680664]  PhaseChaitin::build_ifg_physical(ResourceArea*)+0x5a4
V  [libjvm.so+0x34e889]  PhaseChaitin::Register_Allocate()+0x829
V  [libjvm.so+0x3ff552]  Compile::Code_Gen()+0x312
V  [libjvm.so+0x4035d2]  Compile::Compile(ciEnv*, ciMethod*, int, Options, DirectiveSet*)+0x16c2
V  [libjvm.so+0x31ebbd]  C2Compiler::compile_method(ciEnv*, ciMethod*, int, bool, DirectiveSet*)+0x1ad
V  [libjvm.so+0x409618]  CompileBroker::invoke_compiler_on_method(CompileTask*)+0xae8
V  [libjvm.so+0x40c938]  CompileBroker::compiler_thread_loop()+0x678
V  [libjvm.so+0x6db99c]  JavaThread::thread_main_inner() [clone .part.0]+0xcc
V  [libjvm.so+0xd71224]  Thread::call_run()+0xb4
V  [libjvm.so+0xae4205]  thread_native_entry(Thread*)+0xd5
C  [libc.so.6+0x71168]  start_thread+0x3b8

siginfo: si_signo: 11 (SIGSEGV), si_code: 1 (SEGV_MAPERR), si_addr: 0x0000000000000000

Registers:
RAX=0x0000000000000000, RBX=0x00007fb252cef3c8, RCX=0x0000000000000000, RDX=0x2000000000000000
RSP=0x00007fb2a5529ea0, RBP=0x00007fb2a5529f40, RSI=0x2000000000000000, RDI=0x00000000001d4ca0
R8 =0x0000000000000000, R9 =0x0000000000040000, R10=0x0000000000009801, R11=0x00007fb2a552a260
R12=0x00007fb2a552a5b0, R13=0x00007fb252ee2cc0, R14=0x000000000000000e, R15=0x0000000000002ee1
RIP=0x00007fb2d3e7da4c, EFLAGS=0x0000000000010246, CSGSFS=0x002b000000000033, ERR=0x0000000000000004
  TRAPNO=0x000000000000000e

XMM[0]=0x0000000000000000 0x40d04ccc80a45d29
XMM[1]=0x0000000000000000 0xfffffffffc000000
XMM[2]=0xfffffffffc000000 0x0000000000000000
XMM[3]=0x0000000000000000 0x7fefffffffffffff
XMM[4]=0x0000000000000000 0x0000000000000000
XMM[5]=0x0000000000000000 0x0000000000000000
XMM[6]=0x0000000000000000 0x0000000000000000
XMM[7]=0xffffffffffffffff 0xffffffffffffffff
XMM[8]=0x00007fb2244bf3f8 0x00007fb2244c6478
XMM[9]=0x0000000000000000 0x46293e5939a08cea
XMM[10]=0x0000000000000000 0x4376345785d8a000
XMM[11]=0x00007fb1f43a0cf0 0x00007fb1f43a0c90
XMM[12]=0x2020202020202020 0x2020202020202020
XMM[13]=0x0000000000000000 0x0000000000000000
XMM[14]=0x0000000000000000 0x0000000000000000
XMM[15]=0x0000000000000000 0x0000000000000000
  MXCSR=0x00001fa0


Register to memory mapping:

RAX=0x0 is null
RBX=0x00007fb252cef3c8 points into unknown readable memory: 0x3e967cfa7446afd0 | d0 af 46 74 fa 7c 96 3e
RCX=0x0 is null
RDX=0x2000000000000000 is an unknown value
RSP=0x00007fb2a5529ea0 is pointing into the stack for thread: 0x00007fb22408b1e0
RBP=0x00007fb2a5529f40 is pointing into the stack for thread: 0x00007fb22408b1e0
RSI=0x2000000000000000 is an unknown value
RDI=0x00000000001d4ca0 is an unknown value
R8 =0x0 is null
R9 =0x0000000000040000 is an unknown value
R10=0x0000000000009801 is an unknown value
R11=0x00007fb2a552a260 is pointing into the stack for thread: 0x00007fb22408b1e0
R12=0x00007fb2a552a5b0 is pointing into the stack for thread: 0x00007fb22408b1e0
R13=0x00007fb252ee2cc0 points into unknown readable memory: 0x0000000000000000 | 00 00 00 00 00 00 00 00
R14=0x000000000000000e is an unknown value
R15=0x0000000000002ee1 is an unknown value

Top of Stack: (sp=0x00007fb2a5529ea0)
0x00007fb2a5529ea0:   00000000001d4ca0 00007fb2a5529ed0
0x00007fb2a5529eb0:   000000000003d875 00007fb252b03020
0x00007fb2a5529ec0:   00002ee1a5529f40 00007fb2a552a5b0
0x00007fb2a5529ed0:   0000000000000000 000000010000073d
0x00007fb2a5529ee0:   0000002f00000008 00007fb2246e2040
0x00007fb2a5529ef0:   00007fb2246e2400 00007fb2a552a0a0
0x00007fb2a5529f00:   00007fb2a552a0a0 9b14d3c0eee47400
0x00007fb2a5529f10:   0000000000000000 0000000000002ee1
0x00007fb2a5529f20:   00007fb221174d40 000000000000000f
0x00007fb2a5529f30:   000000000000000e 00007fb1f4423be0
0x00007fb2a5529f40:   00007fb2a552a180 00007fb2d3e80664
0x00007fb2a5529f50:   00000000000404e0 00007fb2a552a040
0x00007fb2a5529f60:   00000040a5529fa0 00007fb2a552a5b0
0x00007fb2a5529f70:   0000000000000007 0000000000000000
0x00007fb2a5529f80:   000000000000bb84 0000000000002ee1
0x00007fb2a5529f90:   00007fb252b03020 00000000000004c9
0x00007fb2a5529fa0:   00007fb2a552a020 00007fb252cef3c8
0x00007fb2a5529fb0:   00007fb2a552a0a0 00007fb2a552a5b0
0x00007fb2a5529fc0:   0000000c00000001 0000000000000020
0x00007fb2a5529fd0:   0000000d0000000e 000000410000003f
0x00007fb2a5529fe0:   00007fb2a552a5b0 0000000e00000020
0x00007fb2a5529ff0:   00007fb210e4e630 00000000a552d6c0
0x00007fb2a552a000:   0000004100000001 0000000d0000000c
0x00007fb2a552a010:   00007fb200000000 00007fb2d457178b
0x00007fb2a552a020:   0000003f00000000 0000000e00000020
0x00007fb2a552a030:   0000000000000000 9b14d3c0eee47400
0x00007fb2a552a040:   00007fb2a5520000 0000000000000000
0x00007fb2a552a050:   00007fb210928f50 00007fb2212d3400
0x00007fb2a552a060:   00007fb2212cb500 00007fb2d47362dc
0x00007fb2a552a070:   0000000000000000 0000000000000000
0x00007fb2a552a080:   0000000000000000 00007fb2d47362dc
0x00007fb2a552a090:   00007fb2212cb500 00007fb2212cba50 

Instructions: (pc=0x00007fb2d3e7da4c)
0x00007fb2d3e7d94c:   01 4f 8d 54 17 07 41 89 d6 4f 8d 44 07 07 4f 8d
0x00007fb2d3e7d95c:   0c d1 41 d1 ee 4f 8d 04 c4 f3 41 0f 6f 19 f3 41
0x00007fb2d3e7d96c:   0f 6f 61 10 f3 41 0f 6f 00 f3 41 0f 6f 48 10 66
0x00007fb2d3e7d97c:   0f db c3 66 0f db cc 66 0f eb c1 41 83 fe 02 74
0x00007fb2d3e7d98c:   48 f3 41 0f 6f 48 20 f3 41 0f 6f 69 20 66 0f db
0x00007fb2d3e7d99c:   cd 66 0f eb c1 41 83 fe 03 74 2e f3 41 0f 6f 48
0x00007fb2d3e7d9ac:   30 f3 41 0f 6f 71 30 66 0f db ce 66 0f eb c1 41
0x00007fb2d3e7d9bc:   83 fe 04 74 14 f3 41 0f 6f 49 40 f3 41 0f 6f 50
0x00007fb2d3e7d9cc:   40 66 0f db ca 66 0f eb c1 66 0f 6f c8 66 0f 73
0x00007fb2d3e7d9dc:   d9 08 66 0f eb c1 66 49 0f 7e c1 f6 c2 01 74 14
0x00007fb2d3e7d9ec:   83 e2 fe 01 c2 89 d2 48 8b 44 d6 38 48 23 44 d3
0x00007fb2d3e7d9fc:   38 49 09 c1 4d 85 c9 74 5b 49 8b 43 10 39 4d 84
0x00007fb2d3e7da0c:   0f 82 b6 00 00 00 48 8b bd 60 ff ff ff 4c 8d 2c
0x00007fb2d3e7da1c:   38 49 8b 55 08 89 c8 c1 e8 08 48 8b 04 c2 48 3b
0x00007fb2d3e7da2c:   05 8f 53 c5 00 0f 84 f6 01 00 00 ba 01 00 00 00
0x00007fb2d3e7da3c:   48 d3 e2 c1 e9 06 83 e1 03 48 89 d6 48 8d 0c c8
0x00007fb2d3e7da4c:   48 8b 01 48 09 c6 48 89 31 48 85 c2 75 06 41 83
0x00007fb2d3e7da5c:   45 00 01 90 48 8b 45 90 48 85 c0 0f 85 43 fe ff
0x00007fb2d3e7da6c:   ff 83 7d 9c 03 76 08 8b 45 a4 39 45 a0 73 25 48
0x00007fb2d3e7da7c:   8b bd 68 ff ff ff e8 39 aa 00 00 89 c1 85 c9 0f
0x00007fb2d3e7da8c:   85 3f fe ff ff 66 66 2e 0f 1f 84 00 00 00 00 00
0x00007fb2d3e7da9c:   0f 1f 40 00 48 8b 45 c8 64 48 2b 04 25 28 00 00
0x00007fb2d3e7daac:   00 0f 85 8f 01 00 00 48 83 c4 78 5b 41 5c 41 5d
0x00007fb2d3e7dabc:   41 5e 41 5f 5d c3 66 0f 1f 44 00 00 8b 55 84 85
0x00007fb2d3e7dacc:   d2 74 91 49 01 fd 8b 4d 84 49 c1 e5 05 49 01 c5
0x00007fb2d3e7dadc:   e9 3c ff ff ff 0f 1f 80 00 00 00 00 89 c2 4c 8b
0x00007fb2d3e7daec:   4c d3 38 4c 23 4c d6 38 8d 50 01 41 39 d0 0f 82
0x00007fb2d3e7dafc:   00 ff ff ff 4c 8b 54 d6 38 4c 23 54 d3 38 8d 50
0x00007fb2d3e7db0c:   02 4d 09 d1 41 39 d0 0f 82 e7 fe ff ff 4c 8b 54
0x00007fb2d3e7db1c:   d6 38 4c 23 54 d3 38 8d 50 03 4d 09 d1 41 39 d0
0x00007fb2d3e7db2c:   73 3c e9 cd fe ff ff 89 c2 4c 8b 4c d3 38 4c 23
0x00007fb2d3e7db3c:   4c d6 38 4c 89 ca 44 8d 48 01 4e 8b 54 ce 38 4e 


Stack slot to memory mapping:

stack at sp + 0 slots: 0x00000000001d4ca0 is an unknown value
stack at sp + 1 slots: 0x00007fb2a5529ed0 is pointing into the stack for thread: 0x00007fb22408b1e0
stack at sp + 2 slots: 0x000000000003d875 is an unknown value
stack at sp + 3 slots: 0x00007fb252b03020 points into unknown readable memory: 0x0000000000000000 | 00 00 00 00 00 00 00 00
stack at sp + 4 slots: 0x00002ee1a5529f40 is an unknown value
stack at sp + 5 slots: 0x00007fb2a552a5b0 is pointing into the stack for thread: 0x00007fb22408b1e0
stack at sp + 6 slots: 0x0 is null
stack at sp + 7 slots: 0x000000010000073d is an unknown value


---------------  P R O C E S S  ---------------

Threads class SMR info:
_java_thread_list=0x00007fb1f427ab80, length=24, elements={
0x00007fb2cc02dc80, 0x00007fb2cc149850, 0x00007fb2cc14adb0, 0x00007fb2cc14c560,
0x00007fb2cc14db90, 0x00007fb2cc14f120, 0x00007fb2cc150c50, 0x00007fb2cc152300,
0x00007fb2cc1cab80, 0x00007fb2cc2a2a00, 0x00007fb22408b1e0, 0x00007fb2cd3a2230,
0x00007fb2cd419370, 0x00007fb2cd455c70, 0x00007fb200015d40, 0x00007fb1f8001440,
0x00007fb1f80075d0, 0x00007fb1f8009af0, 0x00007fb1f40052b0, 0x00007fb1f400ca90,
0x00007fb1f400ed70, 0x00007fb1f4253b70, 0x00007fb1f425e6b0, 0x00007fb1f426ec30
}

Java Threads: ( => current thread )
  0x00007fb2cc02dc80 JavaThread "main"                              [_thread_blocked, id=5204, stack(0x00007fb2d3700000,0x00007fb2d3800000) (1024K)]
  0x00007fb2cc149850 JavaThread "Reference Handler"          daemon [_thread_blocked, id=5215, stack(0x00007fb2a5dff000,0x00007fb2a5eff000) (1024K)]
  0x00007fb2cc14adb0 JavaThread "Finalizer"                  daemon [_thread_blocked, id=5216, stack(0x00007fb2a5cff000,0x00007fb2a5dff000) (1024K)]
  0x00007fb2cc14c560 JavaThread "Signal Dispatcher"          daemon [_thread_blocked, id=5217, stack(0x00007fb2a5bff000,0x00007fb2a5cff000) (1024K)]
  0x00007fb2cc14db90 JavaThread "Service Thread"             daemon [_thread_blocked, id=5218, stack(0x00007fb2a5aff000,0x00007fb2a5bff000) (1024K)]
  0x00007fb2cc14f120 JavaThread "Monitor Deflation Thread"   daemon [_thread_blocked, id=5219, stack(0x00007fb2a59ff000,0x00007fb2a5aff000) (1024K)]
  0x00007fb2cc150c50 JavaThread "C2 CompilerThread0"         daemon [_thread_in_native, id=5220, stack(0x00007fb2a58ff000,0x00007fb2a59ff000) (1024K)]
  0x00007fb2cc152300 JavaThread "C1 CompilerThread0"         daemon [_thread_blocked, id=5221, stack(0x00007fb2a57ff000,0x00007fb2a58ff000) (1024K)]
  0x00007fb2cc1cab80 JavaThread "Common-Cleaner"             daemon [_thread_blocked, id=5222, stack(0x00007fb2a562e000,0x00007fb2a572e000) (1024K)]
  0x00007fb2cc2a2a00 JavaThread "Notification Thread"        daemon [_thread_blocked, id=5223, stack(0x00007fb2a552e000,0x00007fb2a562e000) (1024K)]
=>0x00007fb22408b1e0 JavaThread "C2 CompilerThread1"         daemon [_thread_in_native, id=5224, stack(0x00007fb2a542e000,0x00007fb2a552e000) (1024K)]
  0x00007fb2cd3a2230 JavaThread "Daemon health stats"               [_thread_blocked, id=5227, stack(0x00007fb2a4d00000,0x00007fb2a4e00000) (1024K)]
  0x00007fb2cd419370 JavaThread "Incoming local TCP Connector on port 41713"        [_thread_in_native, id=5228, stack(0x00007fb2a4c00000,0x00007fb2a4d00000) (1024K)]
  0x00007fb2cd455c70 JavaThread "Daemon periodic checks"            [_thread_blocked, id=5229, stack(0x00007fb2a4b00000,0x00007fb2a4c00000) (1024K)]
  0x00007fb200015d40 JavaThread "Daemon"                            [_thread_blocked, id=5230, stack(0x00007fb2a4a00000,0x00007fb2a4b00000) (1024K)]
  0x00007fb1f8001440 JavaThread "Handler for socket connection from /127.0.0.1:41713 to /127.0.0.1:49562"        [_thread_in_native, id=5231, stack(0x00007fb2a4900000,0x00007fb2a4a00000) (1024K)]
  0x00007fb1f80075d0 JavaThread "Cancel handler"                    [_thread_blocked, id=5232, stack(0x00007fb2a4800000,0x00007fb2a4900000) (1024K)]
  0x00007fb1f8009af0 JavaThread "Daemon worker"                     [_thread_in_vm, id=5233, stack(0x00007fb2a4700000,0x00007fb2a4800000) (1024K)]
  0x00007fb1f40052b0 JavaThread "Asynchronous log dispatcher for DefaultDaemonConnection: socket connection from /127.0.0.1:41713 to /127.0.0.1:49562"        [_thread_blocked, id=5234, stack(0x00007fb2a4600000,0x00007fb2a4700000) (1024K)]
  0x00007fb1f400ca90 JavaThread "Stdin handler"                     [_thread_blocked, id=5235, stack(0x00007fb2a4500000,0x00007fb2a4600000) (1024K)]
  0x00007fb1f400ed70 JavaThread "Daemon client event forwarder"        [_thread_in_Java, id=5236, stack(0x00007fb2a4400000,0x00007fb2a4500000) (1024K)]
  0x00007fb1f4253b70 JavaThread "Cache worker for journal cache (/home/rohit/.gradle/caches/journal-1)"        [_thread_blocked, id=5238, stack(0x00007fb2a41ff000,0x00007fb2a42ff000) (1024K)]
  0x00007fb1f425e6b0 JavaThread "File lock request listener"        [_thread_in_native, id=5239, stack(0x00007fb2a40ff000,0x00007fb2a41ff000) (1024K)]
  0x00007fb1f426ec30 JavaThread "Cache worker for file hash cache (/home/rohit/.gradle/caches/8.12.1/fileHashes)"        [_thread_blocked, id=5240, stack(0x00007fb252f00000,0x00007fb253000000) (1024K)]
Total: 24

Other Threads:
  0x00007fb2cc140460 VMThread "VM Thread"                           [id=5214, stack(0x00007fb2a5f00000,0x00007fb2a6000000) (1024K)]
  0x00007fb2cc12ea00 WatcherThread "VM Periodic Task Thread"        [id=5213, stack(0x00007fb2b407f000,0x00007fb2b417f000) (1024K)]
  0x00007fb2cc086680 WorkerThread "GC Thread#0"                     [id=5205, stack(0x00007fb2d3026000,0x00007fb2d3126000) (1024K)]
  0x00007fb24c0068d0 WorkerThread "GC Thread#1"                     [id=5225, stack(0x00007fb2a532e000,0x00007fb2a542e000) (1024K)]
  0x00007fb24c0073e0 WorkerThread "GC Thread#2"                     [id=5226, stack(0x00007fb2a522d000,0x00007fb2a532d000) (1024K)]
  0x00007fb24c009030 WorkerThread "GC Thread#3"                     [id=5237, stack(0x00007fb2a4300000,0x00007fb2a4400000) (1024K)]
  0x00007fb2cc097c70 ConcurrentGCThread "G1 Main Marker"            [id=5206, stack(0x00007fb2d0700000,0x00007fb2d0800000) (1024K)]
  0x00007fb2cc098c10 WorkerThread "G1 Conc#0"                       [id=5207, stack(0x00007fb2d05ff000,0x00007fb2d06ff000) (1024K)]
  0x00007fb2cc11ac10 ConcurrentGCThread "G1 Refine#0"               [id=5209, stack(0x00007fb2d00fa000,0x00007fb2d01fa000) (1024K)]
  0x00007fb2cc11bbc0 ConcurrentGCThread "G1 Service"                [id=5210, stack(0x00007fb2cbf00000,0x00007fb2cc000000) (1024K)]
Total: 10

Threads with active compile tasks:
C2 CompilerThread0  3349 2545       4       java.lang.invoke.MethodType::makeImpl (109 bytes)
C2 CompilerThread1  3349 2431   !   4       java.lang.ClassLoader::loadClass (121 bytes)
Total: 2

VM state: not at safepoint (normal execution)

VM Mutex/Monitor currently owned by a thread: None

Heap address: 0x0000000080000000, size: 2048 MB, Compressed Oops mode: 32-bit

CDS archive(s) mapped at: [0x00007fb257000000-0x00007fb257c99000-0x00007fb257c99000), size 13209600, SharedBaseAddress: 0x00007fb257000000, ArchiveRelocationMode: 1.
Compressed class space mapped at: 0x00007fb258000000-0x00007fb298000000, reserved size: 1073741824
Narrow klass base: 0x00007fb257000000, Narrow klass shift: 0, Narrow klass range: 0x100000000

GC Precious Log:
 CardTable entry size: 512
 Card Set container configuration: InlinePtr #cards 5 size 8 Array Of Cards #cards 12 size 40 Howl #buckets 4 coarsen threshold 1843 Howl Bitmap #cards 512 size 80 coarsen threshold 460 Card regions per heap region 1 cards per card region 2048
 CPUs: 4 total, 4 available
 Memory: 7837M
 Large Page Support: Disabled
 NUMA Support: Disabled
 Compressed Oops: Enabled (32-bit)
 Heap Region Size: 1M
 Heap Min Capacity: 8M
 Heap Initial Capacity: 124M
 Heap Max Capacity: 2G
 Pre-touch: Disabled
 Parallel Workers: 4
 Concurrent Workers: 1
 Concurrent Refinement Workers: 4
 Periodic GC: Disabled

Heap:
 garbage-first heap   total 129024K, used 57980K [0x0000000080000000, 0x0000000100000000)
  region size 1024K, 48 young (49152K), 10 survivors (10240K)
 Metaspace       used 18694K, committed 19328K, reserved 1114112K
  class space    used 2626K, committed 2944K, reserved 1048576K

Heap Regions: E=young(eden), S=young(survivor), O=old, HS=humongous(starts), HC=humongous(continues), CS=collection set, F=free, TAMS=top-at-mark-start, PB=parsable bottom
|   0|0x0000000080000000, 0x0000000080100000, 0x0000000080100000|100%|HS|  |TAMS 0x0000000080000000| PB 0x0000000080000000| Complete 
|   1|0x0000000080100000, 0x0000000080200000, 0x0000000080200000|100%|HC|  |TAMS 0x0000000080100000| PB 0x0000000080100000| Complete 
|   2|0x0000000080200000, 0x0000000080300000, 0x0000000080300000|100%|HC|  |TAMS 0x0000000080200000| PB 0x0000000080200000| Complete 
|   3|0x0000000080300000, 0x0000000080400000, 0x0000000080400000|100%| O|  |TAMS 0x0000000080300000| PB 0x0000000080300000| Untracked 
|   4|0x0000000080400000, 0x0000000080500000, 0x0000000080500000|100%| O|  |TAMS 0x0000000080400000| PB 0x0000000080400000| Untracked 
|   5|0x0000000080500000, 0x0000000080600000, 0x0000000080600000|100%| O|  |TAMS 0x0000000080500000| PB 0x0000000080500000| Untracked 
|   6|0x0000000080600000, 0x0000000080700000, 0x0000000080700000|100%| O|  |TAMS 0x0000000080600000| PB 0x0000000080600000| Untracked 
|   7|0x0000000080700000, 0x0000000080800000, 0x0000000080800000|100%|HS|  |TAMS 0x0000000080700000| PB 0x0000000080700000| Complete 
|   8|0x0000000080800000, 0x0000000080800000, 0x0000000080900000|  0%| F|  |TAMS 0x0000000080800000| PB 0x0000000080800000| Untracked 
|   9|0x0000000080900000, 0x0000000080992690, 0x0000000080a00000| 57%| O|  |TAMS 0x0000000080900000| PB 0x0000000080900000| Untracked 
|  10|0x0000000080a00000, 0x0000000080a00000, 0x0000000080b00000|  0%| F|  |TAMS 0x0000000080a00000| PB 0x0000000080a00000| Untracked 
|  11|0x0000000080b00000, 0x0000000080b00000, 0x0000000080c00000|  0%| F|  |TAMS 0x0000000080b00000| PB 0x0000000080b00000| Untracked 
|  12|0x0000000080c00000, 0x0000000080c00000, 0x0000000080d00000|  0%| F|  |TAMS 0x0000000080c00000| PB 0x0000000080c00000| Untracked 
|  13|0x0000000080d00000, 0x0000000080d00000, 0x0000000080e00000|  0%| F|  |TAMS 0x0000000080d00000| PB 0x0000000080d00000| Untracked 
|  14|0x0000000080e00000, 0x0000000080e00000, 0x0000000080f00000|  0%| F|  |TAMS 0x0000000080e00000| PB 0x0000000080e00000| Untracked 
|  15|0x0000000080f00000, 0x0000000080f00000, 0x0000000081000000|  0%| F|  |TAMS 0x0000000080f00000| PB 0x0000000080f00000| Untracked 
|  16|0x0000000081000000, 0x0000000081000000, 0x0000000081100000|  0%| F|  |TAMS 0x0000000081000000| PB 0x0000000081000000| Untracked 
|  17|0x0000000081100000, 0x0000000081100000, 0x0000000081200000|  0%| F|  |TAMS 0x0000000081100000| PB 0x0000000081100000| Untracked 
|  18|0x0000000081200000, 0x0000000081200000, 0x0000000081300000|  0%| F|  |TAMS 0x0000000081200000| PB 0x0000000081200000| Untracked 
|  19|0x0000000081300000, 0x0000000081300000, 0x0000000081400000|  0%| F|  |TAMS 0x0000000081300000| PB 0x0000000081300000| Untracked 
|  20|0x0000000081400000, 0x0000000081400000, 0x0000000081500000|  0%| F|  |TAMS 0x0000000081400000| PB 0x0000000081400000| Untracked 
|  21|0x0000000081500000, 0x0000000081500000, 0x0000000081600000|  0%| F|  |TAMS 0x0000000081500000| PB 0x0000000081500000| Untracked 
|  22|0x0000000081600000, 0x0000000081600000, 0x0000000081700000|  0%| F|  |TAMS 0x0000000081600000| PB 0x0000000081600000| Untracked 
|  23|0x0000000081700000, 0x0000000081700000, 0x0000000081800000|  0%| F|  |TAMS 0x0000000081700000| PB 0x0000000081700000| Untracked 
|  24|0x0000000081800000, 0x0000000081800000, 0x0000000081900000|  0%| F|  |TAMS 0x0000000081800000| PB 0x0000000081800000| Untracked 
|  25|0x0000000081900000, 0x0000000081900000, 0x0000000081a00000|  0%| F|  |TAMS 0x0000000081900000| PB 0x0000000081900000| Untracked 
|  26|0x0000000081a00000, 0x0000000081a00000, 0x0000000081b00000|  0%| F|  |TAMS 0x0000000081a00000| PB 0x0000000081a00000| Untracked 
|  27|0x0000000081b00000, 0x0000000081b00000, 0x0000000081c00000|  0%| F|  |TAMS 0x0000000081b00000| PB 0x0000000081b00000| Untracked 
|  28|0x0000000081c00000, 0x0000000081c00000, 0x0000000081d00000|  0%| F|  |TAMS 0x0000000081c00000| PB 0x0000000081c00000| Untracked 
|  29|0x0000000081d00000, 0x0000000081d00000, 0x0000000081e00000|  0%| F|  |TAMS 0x0000000081d00000| PB 0x0000000081d00000| Untracked 
|  30|0x0000000081e00000, 0x0000000081e00000, 0x0000000081f00000|  0%| F|  |TAMS 0x0000000081e00000| PB 0x0000000081e00000| Untracked 
|  31|0x0000000081f00000, 0x0000000081f00000, 0x0000000082000000|  0%| F|  |TAMS 0x0000000081f00000| PB 0x0000000081f00000| Untracked 
|  32|0x0000000082000000, 0x0000000082000000, 0x0000000082100000|  0%| F|  |TAMS 0x0000000082000000| PB 0x0000000082000000| Untracked 
|  33|0x0000000082100000, 0x0000000082100000, 0x0000000082200000|  0%| F|  |TAMS 0x0000000082100000| PB 0x0000000082100000| Untracked 
|  34|0x0000000082200000, 0x0000000082200000, 0x0000000082300000|  0%| F|  |TAMS 0x0000000082200000| PB 0x0000000082200000| Untracked 
|  35|0x0000000082300000, 0x0000000082300000, 0x0000000082400000|  0%| F|  |TAMS 0x0000000082300000| PB 0x0000000082300000| Untracked 
|  36|0x0000000082400000, 0x0000000082400000, 0x0000000082500000|  0%| F|  |TAMS 0x0000000082400000| PB 0x0000000082400000| Untracked 
|  37|0x0000000082500000, 0x0000000082500000, 0x0000000082600000|  0%| F|  |TAMS 0x0000000082500000| PB 0x0000000082500000| Untracked 
|  38|0x0000000082600000, 0x0000000082600000, 0x0000000082700000|  0%| F|  |TAMS 0x0000000082600000| PB 0x0000000082600000| Untracked 
|  39|0x0000000082700000, 0x0000000082700000, 0x0000000082800000|  0%| F|  |TAMS 0x0000000082700000| PB 0x0000000082700000| Untracked 
|  40|0x0000000082800000, 0x0000000082900000, 0x0000000082900000|100%| S|CS|TAMS 0x0000000082800000| PB 0x0000000082800000| Complete 
|  41|0x0000000082900000, 0x0000000082a00000, 0x0000000082a00000|100%| S|CS|TAMS 0x0000000082900000| PB 0x0000000082900000| Complete 
|  42|0x0000000082a00000, 0x0000000082b00000, 0x0000000082b00000|100%| S|CS|TAMS 0x0000000082a00000| PB 0x0000000082a00000| Complete 
|  43|0x0000000082b00000, 0x0000000082c00000, 0x0000000082c00000|100%| S|CS|TAMS 0x0000000082b00000| PB 0x0000000082b00000| Complete 
|  44|0x0000000082c00000, 0x0000000082d00000, 0x0000000082d00000|100%| S|CS|TAMS 0x0000000082c00000| PB 0x0000000082c00000| Complete 
|  45|0x0000000082d00000, 0x0000000082e00000, 0x0000000082e00000|100%| S|CS|TAMS 0x0000000082d00000| PB 0x0000000082d00000| Complete 
|  46|0x0000000082e00000, 0x0000000082f00000, 0x0000000082f00000|100%| S|CS|TAMS 0x0000000082e00000| PB 0x0000000082e00000| Complete 
|  47|0x0000000082f00000, 0x0000000083000000, 0x0000000083000000|100%| S|CS|TAMS 0x0000000082f00000| PB 0x0000000082f00000| Complete 
|  48|0x0000000083000000, 0x0000000083100000, 0x0000000083100000|100%| S|CS|TAMS 0x0000000083000000| PB 0x0000000083000000| Complete 
|  49|0x0000000083100000, 0x0000000083200000, 0x0000000083200000|100%| S|CS|TAMS 0x0000000083100000| PB 0x0000000083100000| Complete 
|  50|0x0000000083200000, 0x0000000083200000, 0x0000000083300000|  0%| F|  |TAMS 0x0000000083200000| PB 0x0000000083200000| Untracked 
|  51|0x0000000083300000, 0x0000000083300000, 0x0000000083400000|  0%| F|  |TAMS 0x0000000083300000| PB 0x0000000083300000| Untracked 
|  52|0x0000000083400000, 0x0000000083400000, 0x0000000083500000|  0%| F|  |TAMS 0x0000000083400000| PB 0x0000000083400000| Untracked 
|  53|0x0000000083500000, 0x0000000083500000, 0x0000000083600000|  0%| F|  |TAMS 0x0000000083500000| PB 0x0000000083500000| Untracked 
|  54|0x0000000083600000, 0x0000000083600000, 0x0000000083700000|  0%| F|  |TAMS 0x0000000083600000| PB 0x0000000083600000| Untracked 
|  55|0x0000000083700000, 0x0000000083700000, 0x0000000083800000|  0%| F|  |TAMS 0x0000000083700000| PB 0x0000000083700000| Untracked 
|  56|0x0000000083800000, 0x0000000083800000, 0x0000000083900000|  0%| F|  |TAMS 0x0000000083800000| PB 0x0000000083800000| Untracked 
|  57|0x0000000083900000, 0x0000000083900000, 0x0000000083a00000|  0%| F|  |TAMS 0x0000000083900000| PB 0x0000000083900000| Untracked 
|  58|0x0000000083a00000, 0x0000000083a00000, 0x0000000083b00000|  0%| F|  |TAMS 0x0000000083a00000| PB 0x0000000083a00000| Untracked 
|  59|0x0000000083b00000, 0x0000000083b00000, 0x0000000083c00000|  0%| F|  |TAMS 0x0000000083b00000| PB 0x0000000083b00000| Untracked 
|  60|0x0000000083c00000, 0x0000000083c00000, 0x0000000083d00000|  0%| F|  |TAMS 0x0000000083c00000| PB 0x0000000083c00000| Untracked 
|  61|0x0000000083d00000, 0x0000000083d00000, 0x0000000083e00000|  0%| F|  |TAMS 0x0000000083d00000| PB 0x0000000083d00000| Untracked 
|  62|0x0000000083e00000, 0x0000000083e00000, 0x0000000083f00000|  0%| F|  |TAMS 0x0000000083e00000| PB 0x0000000083e00000| Untracked 
|  63|0x0000000083f00000, 0x0000000083f00000, 0x0000000084000000|  0%| F|  |TAMS 0x0000000083f00000| PB 0x0000000083f00000| Untracked 
|  64|0x0000000084000000, 0x0000000084000000, 0x0000000084100000|  0%| F|  |TAMS 0x0000000084000000| PB 0x0000000084000000| Untracked 
|  65|0x0000000084100000, 0x0000000084100000, 0x0000000084200000|  0%| F|  |TAMS 0x0000000084100000| PB 0x0000000084100000| Untracked 
|  66|0x0000000084200000, 0x0000000084200000, 0x0000000084300000|  0%| F|  |TAMS 0x0000000084200000| PB 0x0000000084200000| Untracked 
|  67|0x0000000084300000, 0x0000000084300000, 0x0000000084400000|  0%| F|  |TAMS 0x0000000084300000| PB 0x0000000084300000| Untracked 
|  68|0x0000000084400000, 0x0000000084400000, 0x0000000084500000|  0%| F|  |TAMS 0x0000000084400000| PB 0x0000000084400000| Untracked 
|  69|0x0000000084500000, 0x0000000084500000, 0x0000000084600000|  0%| F|  |TAMS 0x0000000084500000| PB 0x0000000084500000| Untracked 
|  70|0x0000000084600000, 0x0000000084600000, 0x0000000084700000|  0%| F|  |TAMS 0x0000000084600000| PB 0x0000000084600000| Untracked 
|  71|0x0000000084700000, 0x0000000084700000, 0x0000000084800000|  0%| F|  |TAMS 0x0000000084700000| PB 0x0000000084700000| Untracked 
|  72|0x0000000084800000, 0x0000000084800000, 0x0000000084900000|  0%| F|  |TAMS 0x0000000084800000| PB 0x0000000084800000| Untracked 
|  73|0x0000000084900000, 0x0000000084900000, 0x0000000084a00000|  0%| F|  |TAMS 0x0000000084900000| PB 0x0000000084900000| Untracked 
|  74|0x0000000084a00000, 0x0000000084a00000, 0x0000000084b00000|  0%| F|  |TAMS 0x0000000084a00000| PB 0x0000000084a00000| Untracked 
|  75|0x0000000084b00000, 0x0000000084b00000, 0x0000000084c00000|  0%| F|  |TAMS 0x0000000084b00000| PB 0x0000000084b00000| Untracked 
|  76|0x0000000084c00000, 0x0000000084c00000, 0x0000000084d00000|  0%| F|  |TAMS 0x0000000084c00000| PB 0x0000000084c00000| Untracked 
|  77|0x0000000084d00000, 0x0000000084d00000, 0x0000000084e00000|  0%| F|  |TAMS 0x0000000084d00000| PB 0x0000000084d00000| Untracked 
|  78|0x0000000084e00000, 0x0000000084e00000, 0x0000000084f00000|  0%| F|  |TAMS 0x0000000084e00000| PB 0x0000000084e00000| Untracked 
|  79|0x0000000084f00000, 0x0000000084f00000, 0x0000000085000000|  0%| F|  |TAMS 0x0000000084f00000| PB 0x0000000084f00000| Untracked 
|  80|0x0000000085000000, 0x0000000085000000, 0x0000000085100000|  0%| F|  |TAMS 0x0000000085000000| PB 0x0000000085000000| Untracked 
|  81|0x0000000085100000, 0x0000000085100000, 0x0000000085200000|  0%| F|  |TAMS 0x0000000085100000| PB 0x0000000085100000| Untracked 
|  82|0x0000000085200000, 0x0000000085200000, 0x0000000085300000|  0%| F|  |TAMS 0x0000000085200000| PB 0x0000000085200000| Untracked 
|  83|0x0000000085300000, 0x0000000085300000, 0x0000000085400000|  0%| F|  |TAMS 0x0000000085300000| PB 0x0000000085300000| Untracked 
|  84|0x0000000085400000, 0x0000000085400000, 0x0000000085500000|  0%| F|  |TAMS 0x0000000085400000| PB 0x0000000085400000| Untracked 
|  85|0x0000000085500000, 0x0000000085500000, 0x0000000085600000|  0%| F|  |TAMS 0x0000000085500000| PB 0x0000000085500000| Untracked 
|  86|0x0000000085600000, 0x000000008565c128, 0x0000000085700000| 35%| E|  |TAMS 0x0000000085600000| PB 0x0000000085600000| Complete 
|  87|0x0000000085700000, 0x0000000085800000, 0x0000000085800000|100%| E|CS|TAMS 0x0000000085700000| PB 0x0000000085700000| Complete 
|  88|0x0000000085800000, 0x0000000085900000, 0x0000000085900000|100%| E|CS|TAMS 0x0000000085800000| PB 0x0000000085800000| Complete 
|  89|0x0000000085900000, 0x0000000085a00000, 0x0000000085a00000|100%| E|CS|TAMS 0x0000000085900000| PB 0x0000000085900000| Complete 
|  90|0x0000000085a00000, 0x0000000085b00000, 0x0000000085b00000|100%| E|CS|TAMS 0x0000000085a00000| PB 0x0000000085a00000| Complete 
|  91|0x0000000085b00000, 0x0000000085c00000, 0x0000000085c00000|100%| E|CS|TAMS 0x0000000085b00000| PB 0x0000000085b00000| Complete 
|  92|0x0000000085c00000, 0x0000000085d00000, 0x0000000085d00000|100%| E|CS|TAMS 0x0000000085c00000| PB 0x0000000085c00000| Complete 
|  93|0x0000000085d00000, 0x0000000085e00000, 0x0000000085e00000|100%| E|CS|TAMS 0x0000000085d00000| PB 0x0000000085d00000| Complete 
|  94|0x0000000085e00000, 0x0000000085f00000, 0x0000000085f00000|100%| E|CS|TAMS 0x0000000085e00000| PB 0x0000000085e00000| Complete 
|  95|0x0000000085f00000, 0x0000000086000000, 0x0000000086000000|100%| E|CS|TAMS 0x0000000085f00000| PB 0x0000000085f00000| Complete 
|  96|0x0000000086000000, 0x0000000086100000, 0x0000000086100000|100%| E|CS|TAMS 0x0000000086000000| PB 0x0000000086000000| Complete 
|  97|0x0000000086100000, 0x0000000086200000, 0x0000000086200000|100%| E|CS|TAMS 0x0000000086100000| PB 0x0000000086100000| Complete 
|  98|0x0000000086200000, 0x0000000086300000, 0x0000000086300000|100%| E|CS|TAMS 0x0000000086200000| PB 0x0000000086200000| Complete 
|  99|0x0000000086300000, 0x0000000086400000, 0x0000000086400000|100%| E|CS|TAMS 0x0000000086300000| PB 0x0000000086300000| Complete 
| 100|0x0000000086400000, 0x0000000086500000, 0x0000000086500000|100%| E|CS|TAMS 0x0000000086400000| PB 0x0000000086400000| Complete 
| 101|0x0000000086500000, 0x0000000086600000, 0x0000000086600000|100%| E|CS|TAMS 0x0000000086500000| PB 0x0000000086500000| Complete 
| 102|0x0000000086600000, 0x0000000086700000, 0x0000000086700000|100%| E|CS|TAMS 0x0000000086600000| PB 0x0000000086600000| Complete 
| 103|0x0000000086700000, 0x0000000086800000, 0x0000000086800000|100%| E|CS|TAMS 0x0000000086700000| PB 0x0000000086700000| Complete 
| 104|0x0000000086800000, 0x0000000086900000, 0x0000000086900000|100%| E|CS|TAMS 0x0000000086800000| PB 0x0000000086800000| Complete 
| 105|0x0000000086900000, 0x0000000086a00000, 0x0000000086a00000|100%| E|CS|TAMS 0x0000000086900000| PB 0x0000000086900000| Complete 
| 106|0x0000000086a00000, 0x0000000086b00000, 0x0000000086b00000|100%| E|CS|TAMS 0x0000000086a00000| PB 0x0000000086a00000| Complete 
| 107|0x0000000086b00000, 0x0000000086c00000, 0x0000000086c00000|100%| E|CS|TAMS 0x0000000086b00000| PB 0x0000000086b00000| Complete 
| 108|0x0000000086c00000, 0x0000000086d00000, 0x0000000086d00000|100%| E|CS|TAMS 0x0000000086c00000| PB 0x0000000086c00000| Complete 
| 109|0x0000000086d00000, 0x0000000086e00000, 0x0000000086e00000|100%| E|CS|TAMS 0x0000000086d00000| PB 0x0000000086d00000| Complete 
| 110|0x0000000086e00000, 0x0000000086f00000, 0x0000000086f00000|100%| E|CS|TAMS 0x0000000086e00000| PB 0x0000000086e00000| Complete 
| 111|0x0000000086f00000, 0x0000000087000000, 0x0000000087000000|100%| E|CS|TAMS 0x0000000086f00000| PB 0x0000000086f00000| Complete 
| 112|0x0000000087000000, 0x0000000087100000, 0x0000000087100000|100%| E|CS|TAMS 0x0000000087000000| PB 0x0000000087000000| Complete 
| 113|0x0000000087100000, 0x0000000087200000, 0x0000000087200000|100%| E|CS|TAMS 0x0000000087100000| PB 0x0000000087100000| Complete 
| 114|0x0000000087200000, 0x0000000087300000, 0x0000000087300000|100%| E|CS|TAMS 0x0000000087200000| PB 0x0000000087200000| Complete 
| 115|0x0000000087300000, 0x0000000087400000, 0x0000000087400000|100%| E|CS|TAMS 0x0000000087300000| PB 0x0000000087300000| Complete 
| 116|0x0000000087400000, 0x0000000087500000, 0x0000000087500000|100%| E|CS|TAMS 0x0000000087400000| PB 0x0000000087400000| Complete 
| 117|0x0000000087500000, 0x0000000087600000, 0x0000000087600000|100%| E|CS|TAMS 0x0000000087500000| PB 0x0000000087500000| Complete 
| 118|0x0000000087600000, 0x0000000087700000, 0x0000000087700000|100%| E|CS|TAMS 0x0000000087600000| PB 0x0000000087600000| Complete 
| 119|0x0000000087700000, 0x0000000087800000, 0x0000000087800000|100%| E|CS|TAMS 0x0000000087700000| PB 0x0000000087700000| Complete 
| 120|0x0000000087800000, 0x0000000087900000, 0x0000000087900000|100%| E|CS|TAMS 0x0000000087800000| PB 0x0000000087800000| Complete 
| 121|0x0000000087900000, 0x0000000087a00000, 0x0000000087a00000|100%| E|CS|TAMS 0x0000000087900000| PB 0x0000000087900000| Complete 
| 122|0x0000000087a00000, 0x0000000087b00000, 0x0000000087b00000|100%| E|CS|TAMS 0x0000000087a00000| PB 0x0000000087a00000| Complete 
| 123|0x0000000087b00000, 0x0000000087c00000, 0x0000000087c00000|100%| E|CS|TAMS 0x0000000087b00000| PB 0x0000000087b00000| Complete 
|2046|0x00000000ffe00000, 0x00000000fff00000, 0x00000000fff00000|100%| O|  |TAMS 0x00000000ffe00000| PB 0x00000000ffe00000| Untracked 
|2047|0x00000000fff00000, 0x00000000fff0ccd8, 0x0000000100000000|  5%| O|  |TAMS 0x00000000fff00000| PB 0x00000000fff00000| Untracked 

Card table byte_map: [0x00007fb2d2800000,0x00007fb2d2c00000] _byte_map_base: 0x00007fb2d2400000

Marking Bits: (CMBitMap*) 0x00007fb2cc0871a0
 Bits: [0x00007fb2d0800000, 0x00007fb2d2800000)

Polling page: 0x00007fb2d4ef8000

Metaspace:

Usage:
  Non-class:     15.70 MB used.
      Class:      2.57 MB used.
       Both:     18.27 MB used.

Virtual space:
  Non-class space:       64.00 MB reserved,      16.00 MB ( 25%) committed,  1 nodes.
      Class space:        1.00 GB reserved,       2.88 MB ( <1%) committed,  1 nodes.
             Both:        1.06 GB reserved,      18.88 MB (  2%) committed. 

Chunk freelists:
   Non-Class:  15.59 MB
       Class:  13.14 MB
        Both:  28.73 MB

MaxMetaspaceSize: unlimited
CompressedClassSpaceSize: 1.00 GB
Initial GC threshold: 21.00 MB
Current GC threshold: 21.00 MB
CDS: on
 - commit_granule_bytes: 65536.
 - commit_granule_words: 8192.
 - virtual_space_node_default_size: 8388608.
 - enlarge_chunks_in_place: 1.
 - use_allocation_guard: 0.


Internal statistics:

num_allocs_failed_limit: 0.
num_arena_births: 862.
num_arena_deaths: 0.
num_vsnodes_births: 2.
num_vsnodes_deaths: 0.
num_space_committed: 302.
num_space_uncommitted: 0.
num_chunks_returned_to_freelist: 0.
num_chunks_taken_from_freelist: 1578.
num_chunk_merges: 0.
num_chunk_splits: 1028.
num_chunks_enlarged: 682.
num_inconsistent_stats: 0.

CodeHeap 'non-profiled nmethods': size=120032Kb used=1124Kb max_used=1124Kb free=118907Kb
 bounds [0x00007fb2bbcc8000, 0x00007fb2bbf38000, 0x00007fb2c3200000]
CodeHeap 'profiled nmethods': size=120028Kb used=5201Kb max_used=5201Kb free=114826Kb
 bounds [0x00007fb2b4200000, 0x00007fb2b4720000, 0x00007fb2bb737000]
CodeHeap 'non-nmethods': size=5700Kb used=1473Kb max_used=1473Kb free=4227Kb
 bounds [0x00007fb2bb737000, 0x00007fb2bb9a7000, 0x00007fb2bbcc8000]
 total_blobs=3244 nmethods=2673 adapters=476
 compilation: enabled
              stopped_count=0, restarted_count=0
 full_count=0

Compilation events (20 events):
Event: 3.297 Thread 0x00007fb2cc152300 2670       3       org.gradle.internal.service.DefaultServiceRegistry$CollectingVisitor::visit (25 bytes)
Event: 3.297 Thread 0x00007fb2cc152300 nmethod 2670 0x00007fb2b470d710 code [0x00007fb2b470d8c0, 0x00007fb2b470dba0]
Event: 3.297 Thread 0x00007fb2cc152300 2668       3       java.lang.WeakPairMap$Pair$Lookup::hashCode (12 bytes)
Event: 3.297 Thread 0x00007fb2cc152300 nmethod 2668 0x00007fb2b470dc90 code [0x00007fb2b470de40, 0x00007fb2b470e010]
Event: 3.297 Thread 0x00007fb2cc152300 2671       1       java.util.ImmutableCollections$List12::isEmpty (2 bytes)
Event: 3.297 Thread 0x00007fb2cc152300 nmethod 2671 0x00007fb2bbde0b90 code [0x00007fb2bbde0d20, 0x00007fb2bbde0de0]
Event: 3.317 Thread 0x00007fb2cc152300 2672       3       org.gradle.internal.service.DefaultServiceRegistry$FactoryMethodService::<init> (17 bytes)
Event: 3.317 Thread 0x00007fb2cc152300 nmethod 2672 0x00007fb2b470e110 code [0x00007fb2b470e2c0, 0x00007fb2b470e480]
Event: 3.317 Thread 0x00007fb2cc152300 2673       3       org.gradle.internal.service.DefaultServiceRegistry$FactoryMethodService::serviceTypesOf (42 bytes)
Event: 3.318 Thread 0x00007fb2cc152300 nmethod 2673 0x00007fb2b470e590 code [0x00007fb2b470e860, 0x00007fb2b470f908]
Event: 3.318 Thread 0x00007fb2cc152300 2674   !   3       jdk.proxy1.$Proxy2::value (29 bytes)
Event: 3.319 Thread 0x00007fb2cc152300 nmethod 2674 0x00007fb2b470fe90 code [0x00007fb2b4710060, 0x00007fb2b4710450]
Event: 3.319 Thread 0x00007fb2cc152300 2675       3       org.gradle.internal.service.DefaultServiceRegistry$FactoryMethodService::<init> (34 bytes)
Event: 3.319 Thread 0x00007fb2cc152300 nmethod 2675 0x00007fb2b4710610 code [0x00007fb2b47107e0, 0x00007fb2b4710c40]
Event: 3.324 Thread 0x00007fb2cc152300 2676       3       jdk.internal.misc.Unsafe::putReferenceOpaque (9 bytes)
Event: 3.324 Thread 0x00007fb2cc152300 nmethod 2676 0x00007fb2b4710e90 code [0x00007fb2b4711020, 0x00007fb2b4711178]
Event: 3.325 Thread 0x00007fb2cc152300 2677       3       sun.net.www.protocol.file.Handler::openConnection (7 bytes)
Event: 3.325 Thread 0x00007fb2cc152300 nmethod 2677 0x00007fb2b4711210 code [0x00007fb2b47113c0, 0x00007fb2b4711518]
Event: 3.325 Thread 0x00007fb2cc152300 2678   !   3       sun.net.www.protocol.file.Handler::openConnection (195 bytes)
Event: 3.327 Thread 0x00007fb2cc152300 nmethod 2678 0x00007fb2b4711610 code [0x00007fb2b4711a00, 0x00007fb2b47130a0]

GC Heap History (6 events):
Event: 0.257 GC heap before
{Heap before GC invocations=0 (full 0):
 garbage-first heap   total 129024K, used 14387K [0x0000000080000000, 0x0000000100000000)
  region size 1024K, 13 young (13312K), 0 survivors (0K)
 Metaspace       used 796K, committed 960K, reserved 1114112K
  class space    used 67K, committed 128K, reserved 1048576K
}
Event: 0.261 GC heap after
{Heap after GC invocations=1 (full 0):
 garbage-first heap   total 129024K, used 1993K [0x0000000080000000, 0x0000000100000000)
  region size 1024K, 1 young (1024K), 1 survivors (1024K)
 Metaspace       used 796K, committed 960K, reserved 1114112K
  class space    used 67K, committed 128K, reserved 1048576K
}
Event: 0.953 GC heap before
{Heap before GC invocations=1 (full 0):
 garbage-first heap   total 129024K, used 32713K [0x0000000080000000, 0x0000000100000000)
  region size 1024K, 29 young (29696K), 1 survivors (1024K)
 Metaspace       used 4407K, committed 4608K, reserved 1114112K
  class space    used 547K, committed 640K, reserved 1048576K
}
Event: 0.961 GC heap after
{Heap after GC invocations=2 (full 0):
 garbage-first heap   total 129024K, used 11705K [0x0000000080000000, 0x0000000100000000)
  region size 1024K, 4 young (4096K), 4 survivors (4096K)
 Metaspace       used 4407K, committed 4608K, reserved 1114112K
  class space    used 547K, committed 640K, reserved 1048576K
}
Event: 2.501 GC heap before
{Heap before GC invocations=2 (full 0):
 garbage-first heap   total 129024K, used 84409K [0x0000000080000000, 0x0000000100000000)
  region size 1024K, 74 young (75776K), 4 survivors (4096K)
 Metaspace       used 13340K, committed 13760K, reserved 1114112K
  class space    used 1781K, committed 1984K, reserved 1048576K
}
Event: 2.516 GC heap after
{Heap after GC invocations=3 (full 0):
 garbage-first heap   total 129024K, used 20092K [0x0000000080000000, 0x0000000100000000)
  region size 1024K, 10 young (10240K), 10 survivors (10240K)
 Metaspace       used 13340K, committed 13760K, reserved 1114112K
  class space    used 1781K, committed 1984K, reserved 1048576K
}

Dll operation events (15 events):
Event: 0.002 Loaded shared library /usr/lib/jvm/java-21-openjdk-21.0.6.0.7-1.fc41.x86_64/lib/libjava.so
Event: 0.030 Loaded shared library /usr/lib/jvm/java-21-openjdk-21.0.6.0.7-1.fc41.x86_64/lib/libjsvml.so
Event: 0.091 Loaded shared library /usr/lib/jvm/java-21-openjdk-21.0.6.0.7-1.fc41.x86_64/lib/libzip.so
Event: 0.094 Loaded shared library /usr/lib/jvm/java-21-openjdk-21.0.6.0.7-1.fc41.x86_64/lib/libinstrument.so
Event: 0.096 Loaded shared library /usr/lib/jvm/java-21-openjdk-21.0.6.0.7-1.fc41.x86_64/lib/libnio.so
Event: 0.098 Loaded shared library /usr/lib/jvm/java-21-openjdk-21.0.6.0.7-1.fc41.x86_64/lib/libzip.so
Event: 0.313 Loaded shared library /usr/lib/jvm/java-21-openjdk-21.0.6.0.7-1.fc41.x86_64/lib/libjimage.so
Event: 0.341 Loaded shared library /usr/lib/jvm/java-21-openjdk-21.0.6.0.7-1.fc41.x86_64/lib/libsystemconf.so
Event: 0.442 Loaded shared library /usr/lib/jvm/java-21-openjdk-21.0.6.0.7-1.fc41.x86_64/lib/libverify.so
Event: 0.619 Loaded shared library /usr/lib/jvm/java-21-openjdk-21.0.6.0.7-1.fc41.x86_64/lib/libnet.so
Event: 0.621 Loaded shared library /home/rohit/.gradle/native/1def1411415f61bf3af743bc5b6707747c0891f09f0c88961ee8f79bc544acac/linux-amd64/libnative-platform.so
Event: 0.635 Loaded shared library /home/rohit/.gradle/native/0.2.6/x86_64-linux-gnu/libgradle-fileevents.so
Event: 1.689 Loaded shared library /usr/lib/jvm/java-21-openjdk-21.0.6.0.7-1.fc41.x86_64/lib/libmanagement.so
Event: 1.691 Loaded shared library /usr/lib/jvm/java-21-openjdk-21.0.6.0.7-1.fc41.x86_64/lib/libmanagement_ext.so
Event: 1.820 Loaded shared library /usr/lib/jvm/java-21-openjdk-21.0.6.0.7-1.fc41.x86_64/lib/libextnet.so

Deoptimization events (20 events):
Event: 2.775 Thread 0x00007fb1f8009af0 Uncommon trap: trap_request=0xffffffc6 fr.pc=0x00007fb2bbd3aac0 relative=0x00000000000000a0
Event: 2.775 Thread 0x00007fb1f8009af0 Uncommon trap: reason=bimorphic_or_optimized_type_check action=maybe_recompile pc=0x00007fb2bbd3aac0 method=java.util.AbstractList$Itr.hasNext()Z @ 8 c2
Event: 2.775 Thread 0x00007fb1f8009af0 DEOPT PACKING pc=0x00007fb2bbd3aac0 sp=0x00007fb2a47fa330
Event: 2.775 Thread 0x00007fb1f8009af0 DEOPT UNPACKING pc=0x00007fb2bb78af99 sp=0x00007fb2a47fa2e8 mode 2
Event: 2.775 Thread 0x00007fb1f8009af0 Uncommon trap: trap_request=0xffffffc6 fr.pc=0x00007fb2bbd3b850 relative=0x0000000000000190
Event: 2.775 Thread 0x00007fb1f8009af0 Uncommon trap: reason=bimorphic_or_optimized_type_check action=maybe_recompile pc=0x00007fb2bbd3b850 method=java.util.AbstractList$Itr.next()Ljava/lang/Object; @ 14 c2
Event: 2.775 Thread 0x00007fb1f8009af0 DEOPT PACKING pc=0x00007fb2bbd3b850 sp=0x00007fb2a47fa320
Event: 2.775 Thread 0x00007fb1f8009af0 DEOPT UNPACKING pc=0x00007fb2bb78af99 sp=0x00007fb2a47fa2d8 mode 2
Event: 2.775 Thread 0x00007fb1f8009af0 Uncommon trap: trap_request=0xffffff45 fr.pc=0x00007fb2bbd3c98c relative=0x00000000000006ac
Event: 2.775 Thread 0x00007fb1f8009af0 Uncommon trap: reason=unstable_if action=reinterpret pc=0x00007fb2bbd3c98c method=java.io.File.getName()Ljava/lang/String; @ 16 c2
Event: 2.775 Thread 0x00007fb1f8009af0 DEOPT PACKING pc=0x00007fb2bbd3c98c sp=0x00007fb2a47faba0
Event: 2.775 Thread 0x00007fb1f8009af0 DEOPT UNPACKING pc=0x00007fb2bb78af99 sp=0x00007fb2a47fab70 mode 2
Event: 2.841 Thread 0x00007fb1f8009af0 Uncommon trap: trap_request=0xffffff45 fr.pc=0x00007fb2bbcf541c relative=0x00000000000000fc
Event: 2.841 Thread 0x00007fb1f8009af0 Uncommon trap: reason=unstable_if action=reinterpret pc=0x00007fb2bbcf541c method=java.util.HashMap.hash(Ljava/lang/Object;)I @ 1 c2
Event: 2.841 Thread 0x00007fb1f8009af0 DEOPT PACKING pc=0x00007fb2bbcf541c sp=0x00007fb2a47fbbd0
Event: 2.841 Thread 0x00007fb1f8009af0 DEOPT UNPACKING pc=0x00007fb2bb78af99 sp=0x00007fb2a47fbb30 mode 2
Event: 2.926 Thread 0x00007fb1f8009af0 Uncommon trap: trap_request=0xffffffcc fr.pc=0x00007fb2bbdd37a4 relative=0x0000000000000364
Event: 2.926 Thread 0x00007fb1f8009af0 Uncommon trap: reason=intrinsic_or_type_checked_inlining action=make_not_entrant pc=0x00007fb2bbdd37a4 method=java.util.Arrays.copyOf([Ljava/lang/Object;ILjava/lang/Class;)[Ljava/lang/Object; @ 35 c2
Event: 2.926 Thread 0x00007fb1f8009af0 DEOPT PACKING pc=0x00007fb2bbdd37a4 sp=0x00007fb2a47fc2f0
Event: 2.926 Thread 0x00007fb1f8009af0 DEOPT UNPACKING pc=0x00007fb2bb78af99 sp=0x00007fb2a47fc298 mode 2

Classes loaded (20 events):
Event: 2.949 Loading class java/lang/invoke/BoundMethodHandle$Species_LLLLLLLLLLLLLLLLLLLLLLL
Event: 2.949 Loading class java/lang/invoke/BoundMethodHandle$Species_LLLLLLLLLLLLLLLLLLLLLLL done
Event: 2.952 Loading class java/lang/invoke/BoundMethodHandle$Species_LLLLLLLLLLLLLLLLLLLLLLLL
Event: 2.952 Loading class java/lang/invoke/BoundMethodHandle$Species_LLLLLLLLLLLLLLLLLLLLLLLL done
Event: 3.054 Loading class java/util/function/LongFunction
Event: 3.054 Loading class java/util/function/LongFunction done
Event: 3.119 Loading class java/security/InvalidKeyException
Event: 3.119 Loading class java/security/KeyException
Event: 3.119 Loading class java/security/KeyException done
Event: 3.119 Loading class java/security/InvalidKeyException done
Event: 3.179 Loading class java/io/ObjectOutputStream
Event: 3.179 Loading class java/io/ObjectOutput
Event: 3.179 Loading class java/io/ObjectOutput done
Event: 3.179 Loading class java/io/ObjectStreamConstants
Event: 3.179 Loading class java/io/ObjectStreamConstants done
Event: 3.180 Loading class java/io/ObjectOutputStream done
Event: 3.180 Loading class java/io/ObjectInputStream
Event: 3.181 Loading class java/io/ObjectInput
Event: 3.181 Loading class java/io/ObjectInput done
Event: 3.181 Loading class java/io/ObjectInputStream done

Classes unloaded (0 events):
No events

Classes redefined (0 events):
No events

Internal exceptions (20 events):
Event: 2.812 Thread 0x00007fb1f8009af0 Exception <a 'java/lang/NoSuchMethodError'{0x0000000086fa70d8}: 'java.lang.Object java.lang.invoke.DirectMethodHandle$Holder.invokeInterface(java.lang.Object, java.lang.Object, java.lang.Object)'> (0x0000000086fa70d8) 
thrown [src/hotspot/share/interpreter/linkResolver.cpp, line 772]
Event: 2.813 Thread 0x00007fb1f8009af0 Exception <a 'java/lang/IncompatibleClassChangeError'{0x0000000086faacf0}: Found class java.lang.Object, but interface was expected> (0x0000000086faacf0) 
thrown [src/hotspot/share/interpreter/linkResolver.cpp, line 840]
Event: 2.841 Thread 0x00007fb1f8009af0 Implicit null exception at 0x00007fb2bbcf5366 to 0x00007fb2bbcf5412
Event: 2.864 Thread 0x00007fb1f8009af0 Exception <a 'java/lang/NoSuchMethodError'{0x0000000086d99a18}: 'int java.lang.invoke.DirectMethodHandle$Holder.invokeStatic(java.lang.Object, java.lang.Object, java.lang.Object, java.lang.Object)'> (0x0000000086d99a18) 
thrown [src/hotspot/share/interpreter/linkResolver.cpp, line 772]
Event: 2.921 Thread 0x00007fb1f8009af0 Exception <a 'java/lang/NoSuchMethodError'{0x0000000086a04850}: 'java.lang.Object java.lang.invoke.DelegatingMethodHandle$Holder.reinvoke_L(java.lang.Object, java.lang.Object, java.lang.Object, java.lang.Object, java.lang.Object, java.lang.Object, java.lang.Object, java.lang.Object, java.lang.Object, java.lang.Object, java.lang.Object, java.lang.Object, java.lang.Object, java.lang.Object, java.lang.Object, java.lang.Object, java.lang.Object, java.lang.Object, java.lang.Object, java.lang.Object, java.lang.O
Event: 2.928 Thread 0x00007fb1f8009af0 Exception <a 'java/lang/NoSuchMethodError'{0x0000000086a73758}: 'java.lang.Object java.lang.invoke.DirectMethodHandle$Holder.invokeStatic(java.lang.Object, java.lang.Object, java.lang.Object, java.lang.Object, java.lang.Object, java.lang.Object, java.lang.Object, java.lang.Object, java.lang.Object, java.lang.Object, java.lang.Object, java.lang.Object, java.lang.Object, java.lang.Object, java.lang.Object, java.lang.Object, java.lang.Object)'> (0x0000000086a73758) 
thrown [src/hotspot/share/interpreter/linkR
Event: 2.931 Thread 0x00007fb1f8009af0 Exception <a 'java/lang/NoSuchMethodError'{0x0000000086a9c4e8}: 'java.lang.Object java.lang.invoke.DirectMethodHandle$Holder.invokeStatic(java.lang.Object, java.lang.Object, java.lang.Object, java.lang.Object, java.lang.Object, java.lang.Object, java.lang.Object, java.lang.Object, java.lang.Object, java.lang.Object, java.lang.Object, java.lang.Object, java.lang.Object, java.lang.Object, java.lang.Object, java.lang.Object, java.lang.Object, java.lang.Object)'> (0x0000000086a9c4e8) 
thrown [src/hotspot/share
Event: 2.933 Thread 0x00007fb1f8009af0 Exception <a 'java/lang/NoSuchMethodError'{0x0000000086ac6d30}: 'java.lang.Object java.lang.invoke.DirectMethodHandle$Holder.invokeStatic(java.lang.Object, java.lang.Object, java.lang.Object, java.lang.Object, java.lang.Object, java.lang.Object, java.lang.Object, java.lang.Object, java.lang.Object, java.lang.Object, java.lang.Object, java.lang.Object, java.lang.Object, java.lang.Object, java.lang.Object, java.lang.Object, java.lang.Object, java.lang.Object, java.lang.Object)'> (0x0000000086ac6d30) 
thrown 
Event: 2.935 Thread 0x00007fb1f8009af0 Exception <a 'java/lang/NoSuchMethodError'{0x0000000086af23f0}: 'java.lang.Object java.lang.invoke.DirectMethodHandle$Holder.invokeStatic(java.lang.Object, java.lang.Object, java.lang.Object, java.lang.Object, java.lang.Object, java.lang.Object, java.lang.Object, java.lang.Object, java.lang.Object, java.lang.Object, java.lang.Object, java.lang.Object, java.lang.Object, java.lang.Object, java.lang.Object, java.lang.Object, java.lang.Object, java.lang.Object, java.lang.Object, java.lang.Object)'> (0x00000000
Event: 2.938 Thread 0x00007fb1f8009af0 Exception <a 'java/lang/NoSuchMethodError'{0x000000008691ef60}: 'java.lang.Object java.lang.invoke.DirectMethodHandle$Holder.invokeStatic(java.lang.Object, java.lang.Object, java.lang.Object, java.lang.Object, java.lang.Object, java.lang.Object, java.lang.Object, java.lang.Object, java.lang.Object, java.lang.Object, java.lang.Object, java.lang.Object, java.lang.Object, java.lang.Object, java.lang.Object, java.lang.Object, java.lang.Object, java.lang.Object, java.lang.Object, java.lang.Object, java.lang.Obj
Event: 2.940 Thread 0x00007fb1f8009af0 Exception <a 'java/lang/NoSuchMethodError'{0x000000008694ca08}: 'java.lang.Object java.lang.invoke.DirectMethodHandle$Holder.invokeStatic(java.lang.Object, java.lang.Object, java.lang.Object, java.lang.Object, java.lang.Object, java.lang.Object, java.lang.Object, java.lang.Object, java.lang.Object, java.lang.Object, java.lang.Object, java.lang.Object, java.lang.Object, java.lang.Object, java.lang.Object, java.lang.Object, java.lang.Object, java.lang.Object, java.lang.Object, java.lang.Object, java.lang.Obj
Event: 2.943 Thread 0x00007fb1f8009af0 Exception <a 'java/lang/NoSuchMethodError'{0x000000008697b7d0}: 'java.lang.Object java.lang.invoke.DirectMethodHandle$Holder.invokeStatic(java.lang.Object, java.lang.Object, java.lang.Object, java.lang.Object, java.lang.Object, java.lang.Object, java.lang.Object, java.lang.Object, java.lang.Object, java.lang.Object, java.lang.Object, java.lang.Object, java.lang.Object, java.lang.Object, java.lang.Object, java.lang.Object, java.lang.Object, java.lang.Object, java.lang.Object, java.lang.Object, java.lang.Obj
Event: 2.946 Thread 0x00007fb1f8009af0 Exception <a 'java/lang/NoSuchMethodError'{0x00000000869aaec0}: 'java.lang.Object java.lang.invoke.DirectMethodHandle$Holder.invokeStatic(java.lang.Object, java.lang.Object, java.lang.Object, java.lang.Object, java.lang.Object, java.lang.Object, java.lang.Object, java.lang.Object, java.lang.Object, java.lang.Object, java.lang.Object, java.lang.Object, java.lang.Object, java.lang.Object, java.lang.Object, java.lang.Object, java.lang.Object, java.lang.Object, java.lang.Object, java.lang.Object, java.lang.Obj
Event: 2.948 Thread 0x00007fb1f8009af0 Exception <a 'java/lang/NoSuchMethodError'{0x00000000869db848}: 'java.lang.Object java.lang.invoke.DirectMethodHandle$Holder.invokeStatic(java.lang.Object, java.lang.Object, java.lang.Object, java.lang.Object, java.lang.Object, java.lang.Object, java.lang.Object, java.lang.Object, java.lang.Object, java.lang.Object, java.lang.Object, java.lang.Object, java.lang.Object, java.lang.Object, java.lang.Object, java.lang.Object, java.lang.Object, java.lang.Object, java.lang.Object, java.lang.Object, java.lang.Obj
Event: 2.951 Thread 0x00007fb1f8009af0 Exception <a 'java/lang/NoSuchMethodError'{0x000000008680c9c8}: 'java.lang.Object java.lang.invoke.DirectMethodHandle$Holder.invokeStatic(java.lang.Object, java.lang.Object, java.lang.Object, java.lang.Object, java.lang.Object, java.lang.Object, java.lang.Object, java.lang.Object, java.lang.Object, java.lang.Object, java.lang.Object, java.lang.Object, java.lang.Object, java.lang.Object, java.lang.Object, java.lang.Object, java.lang.Object, java.lang.Object, java.lang.Object, java.lang.Object, java.lang.Obj
Event: 2.953 Thread 0x00007fb1f8009af0 Exception <a 'java/lang/NoSuchMethodError'{0x000000008683f450}: 'java.lang.Object java.lang.invoke.DirectMethodHandle$Holder.invokeStatic(java.lang.Object, java.lang.Object, java.lang.Object, java.lang.Object, java.lang.Object, java.lang.Object, java.lang.Object, java.lang.Object, java.lang.Object, java.lang.Object, java.lang.Object, java.lang.Object, java.lang.Object, java.lang.Object, java.lang.Object, java.lang.Object, java.lang.Object, java.lang.Object, java.lang.Object, java.lang.Object, java.lang.Obj
Event: 3.160 Thread 0x00007fb1f8009af0 Exception <a 'java/lang/IncompatibleClassChangeError'{0x0000000085f951b0}: Found class java.lang.Object, but interface was expected> (0x0000000085f951b0) 
thrown [src/hotspot/share/interpreter/linkResolver.cpp, line 840]
Event: 3.166 Thread 0x00007fb1f8009af0 Exception <a 'java/lang/NoSuchMethodError'{0x0000000085fc2768}: 'java.lang.Object java.lang.invoke.DirectMethodHandle$Holder.newInvokeSpecial(java.lang.Object, java.lang.Object, java.lang.Object, java.lang.Object, java.lang.Object, java.lang.Object, java.lang.Object, java.lang.Object, java.lang.Object, java.lang.Object)'> (0x0000000085fc2768) 
thrown [src/hotspot/share/interpreter/linkResolver.cpp, line 772]
Event: 3.194 Thread 0x00007fb1f8009af0 Exception <a 'java/lang/NoSuchMethodError'{0x0000000085d10fc8}: 'java.lang.Object java.lang.invoke.DirectMethodHandle$Holder.newInvokeSpecial(java.lang.Object, java.lang.Object, java.lang.Object, java.lang.Object, java.lang.Object, java.lang.Object, java.lang.Object, java.lang.Object)'> (0x0000000085d10fc8) 
thrown [src/hotspot/share/interpreter/linkResolver.cpp, line 772]
Event: 3.216 Thread 0x00007fb1f8009af0 Exception <a 'java/lang/NoSuchMethodError'{0x0000000085df2008}: 'int java.lang.invoke.DirectMethodHandle$Holder.invokeStaticInit(java.lang.Object, java.lang.Object, java.lang.Object)'> (0x0000000085df2008) 
thrown [src/hotspot/share/interpreter/linkResolver.cpp, line 772]

ZGC Phase Switch (0 events):
No events

VM Operations (20 events):
Event: 1.734 Executing VM operation: HandshakeAllThreads (Deoptimize)
Event: 1.734 Executing VM operation: HandshakeAllThreads (Deoptimize) done
Event: 1.734 Executing VM operation: HandshakeAllThreads (Deoptimize)
Event: 1.734 Executing VM operation: HandshakeAllThreads (Deoptimize) done
Event: 1.781 Executing VM operation: HandshakeAllThreads (Deoptimize)
Event: 1.781 Executing VM operation: HandshakeAllThreads (Deoptimize) done
Event: 1.893 Executing VM operation: HandshakeAllThreads (Deoptimize)
Event: 1.893 Executing VM operation: HandshakeAllThreads (Deoptimize) done
Event: 1.953 Executing VM operation: ICBufferFull
Event: 1.953 Executing VM operation: ICBufferFull done
Event: 2.501 Executing VM operation: G1CollectForAllocation (G1 Evacuation Pause)
Event: 2.517 Executing VM operation: G1CollectForAllocation (G1 Evacuation Pause) done
Event: 2.673 Executing VM operation: HandshakeAllThreads (Deoptimize)
Event: 2.673 Executing VM operation: HandshakeAllThreads (Deoptimize) done
Event: 2.732 Executing VM operation: HandshakeAllThreads (Deoptimize)
Event: 2.732 Executing VM operation: HandshakeAllThreads (Deoptimize) done
Event: 2.959 Executing VM operation: HandshakeAllThreads (Deoptimize)
Event: 2.959 Executing VM operation: HandshakeAllThreads (Deoptimize) done
Event: 2.959 Executing VM operation: HandshakeAllThreads (Deoptimize)
Event: 2.959 Executing VM operation: HandshakeAllThreads (Deoptimize) done

Memory protections (20 events):
Event: 0.029 Protecting memory [0x00007fb2a5aff000,0x00007fb2a5b03000] with protection modes 0
Event: 0.029 Protecting memory [0x00007fb2a59ff000,0x00007fb2a5a03000] with protection modes 0
Event: 0.029 Protecting memory [0x00007fb2a58ff000,0x00007fb2a5903000] with protection modes 0
Event: 0.029 Protecting memory [0x00007fb2a57ff000,0x00007fb2a5803000] with protection modes 0
Event: 0.054 Protecting memory [0x00007fb2a562e000,0x00007fb2a5632000] with protection modes 0
Event: 0.116 Protecting memory [0x00007fb2a552e000,0x00007fb2a5532000] with protection modes 0
Event: 0.232 Protecting memory [0x00007fb2a542e000,0x00007fb2a5432000] with protection modes 0
Event: 1.735 Protecting memory [0x00007fb2a4d00000,0x00007fb2a4d04000] with protection modes 0
Event: 1.932 Protecting memory [0x00007fb2a4c00000,0x00007fb2a4c04000] with protection modes 0
Event: 2.012 Protecting memory [0x00007fb2a4b00000,0x00007fb2a4b04000] with protection modes 0
Event: 2.028 Protecting memory [0x00007fb2a4a00000,0x00007fb2a4a04000] with protection modes 0
Event: 2.034 Protecting memory [0x00007fb2a4900000,0x00007fb2a4904000] with protection modes 0
Event: 2.088 Protecting memory [0x00007fb2a4800000,0x00007fb2a4804000] with protection modes 0
Event: 2.103 Protecting memory [0x00007fb2a4700000,0x00007fb2a4704000] with protection modes 0
Event: 2.118 Protecting memory [0x00007fb2a4600000,0x00007fb2a4604000] with protection modes 0
Event: 2.123 Protecting memory [0x00007fb2a4500000,0x00007fb2a4504000] with protection modes 0
Event: 2.127 Protecting memory [0x00007fb2a4400000,0x00007fb2a4404000] with protection modes 0
Event: 2.674 Protecting memory [0x00007fb2a41ff000,0x00007fb2a4203000] with protection modes 0
Event: 2.683 Protecting memory [0x00007fb2a40ff000,0x00007fb2a4103000] with protection modes 0
Event: 2.720 Protecting memory [0x00007fb252f00000,0x00007fb252f04000] with protection modes 0

Nmethod flushes (0 events):
No events

Events (20 events):
Event: 0.029 Thread 0x00007fb2cc02dc80 Thread added: 0x00007fb2cc14db90
Event: 0.029 Thread 0x00007fb2cc02dc80 Thread added: 0x00007fb2cc14f120
Event: 0.029 Thread 0x00007fb2cc02dc80 Thread added: 0x00007fb2cc150c50
Event: 0.029 Thread 0x00007fb2cc02dc80 Thread added: 0x00007fb2cc152300
Event: 0.054 Thread 0x00007fb2cc02dc80 Thread added: 0x00007fb2cc1cab80
Event: 0.116 Thread 0x00007fb2cc02dc80 Thread added: 0x00007fb2cc2a2a00
Event: 0.232 Thread 0x00007fb2cc152300 Thread added: 0x00007fb22408b1e0
Event: 1.735 Thread 0x00007fb2cc02dc80 Thread added: 0x00007fb2cd3a2230
Event: 1.932 Thread 0x00007fb2cc02dc80 Thread added: 0x00007fb2cd419370
Event: 2.010 Thread 0x00007fb2cc02dc80 Thread added: 0x00007fb2cd455c70
Event: 2.028 Thread 0x00007fb2cd419370 Thread added: 0x00007fb200015d40
Event: 2.034 Thread 0x00007fb200015d40 Thread added: 0x00007fb1f8001440
Event: 2.088 Thread 0x00007fb200015d40 Thread added: 0x00007fb1f80075d0
Event: 2.103 Thread 0x00007fb200015d40 Thread added: 0x00007fb1f8009af0
Event: 2.118 Thread 0x00007fb1f8009af0 Thread added: 0x00007fb1f40052b0
Event: 2.123 Thread 0x00007fb1f8009af0 Thread added: 0x00007fb1f400ca90
Event: 2.127 Thread 0x00007fb1f8009af0 Thread added: 0x00007fb1f400ed70
Event: 2.674 Thread 0x00007fb1f8009af0 Thread added: 0x00007fb1f4253b70
Event: 2.683 Thread 0x00007fb1f8009af0 Thread added: 0x00007fb1f425e6b0
Event: 2.720 Thread 0x00007fb1f8009af0 Thread added: 0x00007fb1f426ec30


Dynamic libraries:
80000000-87c00000 rw-p 00000000 00:00 0 
87c00000-ffe00000 ---p 00000000 00:00 0 
ffe00000-fff0d000 rw-p 00cd8000 00:1f 298286                             /usr/lib/jvm/java-21-openjdk-21.0.6.0.7-1.fc41.x86_64/lib/server/classes.jsa
fff0d000-100000000 rw-p 00000000 00:00 0 
5622a86d7000-5622a86d8000 r--p 00000000 00:1f 297919                     /usr/lib/jvm/java-21-openjdk-21.0.6.0.7-1.fc41.x86_64/bin/java
5622a86d8000-5622a86d9000 r-xp 00001000 00:1f 297919                     /usr/lib/jvm/java-21-openjdk-21.0.6.0.7-1.fc41.x86_64/bin/java
5622a86d9000-5622a86da000 r--p 00002000 00:1f 297919                     /usr/lib/jvm/java-21-openjdk-21.0.6.0.7-1.fc41.x86_64/bin/java
5622a86da000-5622a86db000 r--p 00002000 00:1f 297919                     /usr/lib/jvm/java-21-openjdk-21.0.6.0.7-1.fc41.x86_64/bin/java
5622a86db000-5622a86dc000 rw-p 00003000 00:1f 297919                     /usr/lib/jvm/java-21-openjdk-21.0.6.0.7-1.fc41.x86_64/bin/java
5622e05bb000-5622e0602000 rw-p 00000000 00:00 0                          [heap]
7fb1e0000000-7fb1e0021000 rw-p 00000000 00:00 0 
7fb1e0021000-7fb1e4000000 ---p 00000000 00:00 0 
7fb1e4000000-7fb1e4021000 rw-p 00000000 00:00 0 
7fb1e4021000-7fb1e8000000 ---p 00000000 00:00 0 
7fb1e8000000-7fb1e8021000 rw-p 00000000 00:00 0 
7fb1e8021000-7fb1ec000000 ---p 00000000 00:00 0 
7fb1ec000000-7fb1ec021000 rw-p 00000000 00:00 0 
7fb1ec021000-7fb1f0000000 ---p 00000000 00:00 0 
7fb1f0000000-7fb1f0021000 rw-p 00000000 00:00 0 
7fb1f0021000-7fb1f4000000 ---p 00000000 00:00 0 
7fb1f4000000-7fb1f4a92000 rw-p 00000000 00:00 0 
7fb1f4a92000-7fb1f8000000 ---p 00000000 00:00 0 
7fb1f8000000-7fb1f8021000 rw-p 00000000 00:00 0 
7fb1f8021000-7fb1fc000000 ---p 00000000 00:00 0 
7fb1fc000000-7fb1fc032000 rw-p 00000000 00:00 0 
7fb1fc032000-7fb200000000 ---p 00000000 00:00 0 
7fb200000000-7fb200053000 rw-p 00000000 00:00 0 
7fb200053000-7fb204000000 ---p 00000000 00:00 0 
7fb204000000-7fb204021000 rw-p 00000000 00:00 0 
7fb204021000-7fb208000000 ---p 00000000 00:00 0 
7fb208000000-7fb208021000 rw-p 00000000 00:00 0 
7fb208021000-7fb20c000000 ---p 00000000 00:00 0 
7fb20c000000-7fb20c021000 rw-p 00000000 00:00 0 
7fb20c021000-7fb210000000 ---p 00000000 00:00 0 
7fb210000000-7fb2111fc000 rw-p 00000000 00:00 0 
7fb2111fc000-7fb214000000 ---p 00000000 00:00 0 
7fb214000000-7fb214021000 rw-p 00000000 00:00 0 
7fb214021000-7fb218000000 ---p 00000000 00:00 0 
7fb218000000-7fb218021000 rw-p 00000000 00:00 0 
7fb218021000-7fb21c000000 ---p 00000000 00:00 0 
7fb21c000000-7fb21c021000 rw-p 00000000 00:00 0 
7fb21c021000-7fb220000000 ---p 00000000 00:00 0 
7fb220000000-7fb22142a000 rw-p 00000000 00:00 0 
7fb22142a000-7fb224000000 ---p 00000000 00:00 0 
7fb224000000-7fb224707000 rw-p 00000000 00:00 0 
7fb224707000-7fb228000000 ---p 00000000 00:00 0 
7fb228000000-7fb228021000 rw-p 00000000 00:00 0 
7fb228021000-7fb22c000000 ---p 00000000 00:00 0 
7fb22c000000-7fb22c021000 rw-p 00000000 00:00 0 
7fb22c021000-7fb230000000 ---p 00000000 00:00 0 
7fb230000000-7fb230021000 rw-p 00000000 00:00 0 
7fb230021000-7fb234000000 ---p 00000000 00:00 0 
7fb234000000-7fb234021000 rw-p 00000000 00:00 0 
7fb234021000-7fb238000000 ---p 00000000 00:00 0 
7fb238000000-7fb238021000 rw-p 00000000 00:00 0 
7fb238021000-7fb23c000000 ---p 00000000 00:00 0 
7fb23e200000-7fb24bf97000 r--p 00000000 00:1f 333912                     /usr/lib/locale/locale-archive
7fb24c000000-7fb24c021000 rw-p 00000000 00:00 0 
7fb24c021000-7fb250000000 ---p 00000000 00:00 0 
7fb252820000-7fb252f00000 rw-p 00000000 00:00 0 
7fb252f00000-7fb252f04000 ---p 00000000 00:00 0 
7fb252f04000-7fb253000000 rw-p 00000000 00:00 0 
7fb253000000-7fb253400000 rw-p 00000000 00:00 0 
7fb253400000-7fb2537e0000 rw-p 00000000 00:00 0 
7fb2537e0000-7fb253800000 rw-p 00000000 00:00 0 
7fb253800000-7fb253900000 rw-p 00000000 00:00 0 
7fb253900000-7fb253a00000 rw-p 00000000 00:00 0 
7fb253a00000-7fb253f80000 rw-p 00000000 00:00 0 
7fb253f80000-7fb253f90000 rw-p 00000000 00:00 0 
7fb253f90000-7fb254000000 ---p 00000000 00:00 0 
7fb254000000-7fb254070000 rw-p 00000000 00:00 0 
7fb254070000-7fb257000000 ---p 00000000 00:00 0 
7fb257000000-7fb257c99000 rw-p 00001000 00:1f 298286                     /usr/lib/jvm/java-21-openjdk-21.0.6.0.7-1.fc41.x86_64/lib/server/classes.jsa
7fb257c99000-7fb258000000 ---p 00000000 00:00 0 
7fb258000000-7fb258040000 rw-p 00000000 00:00 0 
7fb258040000-7fb258080000 rw-p 00000000 00:00 0 
7fb258080000-7fb258140000 rw-p 00000000 00:00 0 
7fb258140000-7fb258180000 rw-p 00000000 00:00 0 
7fb258180000-7fb2582e0000 rw-p 00000000 00:00 0 
7fb2582e0000-7fb298000000 ---p 00000000 00:00 0 
7fb298000000-7fb298021000 rw-p 00000000 00:00 0 
7fb298021000-7fb29c000000 ---p 00000000 00:00 0 
7fb29c000000-7fb29c021000 rw-p 00000000 00:00 0 
7fb29c021000-7fb2a0000000 ---p 00000000 00:00 0 
7fb2a0000000-7fb2a0021000 rw-p 00000000 00:00 0 
7fb2a0021000-7fb2a4000000 ---p 00000000 00:00 0 
7fb2a40ff000-7fb2a4103000 ---p 00000000 00:00 0 
7fb2a4103000-7fb2a41ff000 rw-p 00000000 00:00 0 
7fb2a41ff000-7fb2a4203000 ---p 00000000 00:00 0 
7fb2a4203000-7fb2a42ff000 rw-p 00000000 00:00 0 
7fb2a42ff000-7fb2a4300000 ---p 00000000 00:00 0 
7fb2a4300000-7fb2a4400000 rw-p 00000000 00:00 0 
7fb2a4400000-7fb2a4404000 ---p 00000000 00:00 0 
7fb2a4404000-7fb2a4500000 rw-p 00000000 00:00 0 
7fb2a4500000-7fb2a4504000 ---p 00000000 00:00 0 
7fb2a4504000-7fb2a4600000 rw-p 00000000 00:00 0 
7fb2a4600000-7fb2a4604000 ---p 00000000 00:00 0 
7fb2a4604000-7fb2a4700000 rw-p 00000000 00:00 0 
7fb2a4700000-7fb2a4704000 ---p 00000000 00:00 0 
7fb2a4704000-7fb2a4800000 rw-p 00000000 00:00 0 
7fb2a4800000-7fb2a4804000 ---p 00000000 00:00 0 
7fb2a4804000-7fb2a4900000 rw-p 00000000 00:00 0 
7fb2a4900000-7fb2a4904000 ---p 00000000 00:00 0 
7fb2a4904000-7fb2a4a00000 rw-p 00000000 00:00 0 
7fb2a4a00000-7fb2a4a04000 ---p 00000000 00:00 0 
7fb2a4a04000-7fb2a4b00000 rw-p 00000000 00:00 0 
7fb2a4b00000-7fb2a4b04000 ---p 00000000 00:00 0 
7fb2a4b04000-7fb2a4c00000 rw-p 00000000 00:00 0 
7fb2a4c00000-7fb2a4c04000 ---p 00000000 00:00 0 
7fb2a4c04000-7fb2a4d00000 rw-p 00000000 00:00 0 
7fb2a4d00000-7fb2a4d04000 ---p 00000000 00:00 0 
7fb2a4d04000-7fb2a4e00000 rw-p 00000000 00:00 0 
7fb2a4e00000-7fb2a4e05000 r-xp 00000000 00:1f 1666324                    /home/rohit/.gradle/native/1def1411415f61bf3af743bc5b6707747c0891f09f0c88961ee8f79bc544acac/linux-amd64/libnative-platform.so
7fb2a4e05000-7fb2a5005000 ---p 00005000 00:1f 1666324                    /home/rohit/.gradle/native/1def1411415f61bf3af743bc5b6707747c0891f09f0c88961ee8f79bc544acac/linux-amd64/libnative-platform.so
7fb2a5005000-7fb2a5006000 r--p 00005000 00:1f 1666324                    /home/rohit/.gradle/native/1def1411415f61bf3af743bc5b6707747c0891f09f0c88961ee8f79bc544acac/linux-amd64/libnative-platform.so
7fb2a5006000-7fb2a5007000 rw-p 00006000 00:1f 1666324                    /home/rohit/.gradle/native/1def1411415f61bf3af743bc5b6707747c0891f09f0c88961ee8f79bc544acac/linux-amd64/libnative-platform.so
7fb2a5061000-7fb2a509d000 r--p 00000000 00:1f 1666341                    /home/rohit/.gradle/native/0.2.6/x86_64-linux-gnu/libgradle-fileevents.so
7fb2a509d000-7fb2a50e5000 r-xp 0003b000 00:1f 1666341                    /home/rohit/.gradle/native/0.2.6/x86_64-linux-gnu/libgradle-fileevents.so
7fb2a50e5000-7fb2a50ee000 r--p 00082000 00:1f 1666341                    /home/rohit/.gradle/native/0.2.6/x86_64-linux-gnu/libgradle-fileevents.so
7fb2a50ee000-7fb2a50ef000 rw-p 0008a000 00:1f 1666341                    /home/rohit/.gradle/native/0.2.6/x86_64-linux-gnu/libgradle-fileevents.so
7fb2a50ef000-7fb2a50f2000 rw-p 00000000 00:00 0 
7fb2a50f2000-7fb2a51d9000 r-xp 00000000 00:1f 95437                      /usr/lib64/libnss3.so
7fb2a51d9000-7fb2a5222000 r--p 000e7000 00:1f 95437                      /usr/lib64/libnss3.so
7fb2a5222000-7fb2a5229000 r--p 00130000 00:1f 95437                      /usr/lib64/libnss3.so
7fb2a5229000-7fb2a522a000 rw-p 00137000 00:1f 95437                      /usr/lib64/libnss3.so
7fb2a522a000-7fb2a522c000 rw-p 00000000 00:00 0 
7fb2a522c000-7fb2a522d000 ---p 00000000 00:00 0 
7fb2a522d000-7fb2a532d000 rw-p 00000000 00:00 0 
7fb2a532d000-7fb2a532e000 ---p 00000000 00:00 0 
7fb2a532e000-7fb2a542e000 rw-p 00000000 00:00 0 
7fb2a542e000-7fb2a5432000 ---p 00000000 00:00 0 
7fb2a5432000-7fb2a552e000 rw-p 00000000 00:00 0 
7fb2a552e000-7fb2a5532000 ---p 00000000 00:00 0 
7fb2a5532000-7fb2a562e000 rw-p 00000000 00:00 0 
7fb2a562e000-7fb2a5632000 ---p 00000000 00:00 0 
7fb2a5632000-7fb2a572e000 rw-p 00000000 00:00 0 
7fb2a572e000-7fb2a5733000 r--p 00000000 00:1f 298264                     /usr/lib/jvm/java-21-openjdk-21.0.6.0.7-1.fc41.x86_64/lib/libjsvml.so
7fb2a5733000-7fb2a5774000 r-xp 00005000 00:1f 298264                     /usr/lib/jvm/java-21-openjdk-21.0.6.0.7-1.fc41.x86_64/lib/libjsvml.so
7fb2a5774000-7fb2a57fd000 r--p 00046000 00:1f 298264                     /usr/lib/jvm/java-21-openjdk-21.0.6.0.7-1.fc41.x86_64/lib/libjsvml.so
7fb2a57fd000-7fb2a57fe000 r--p 000ce000 00:1f 298264                     /usr/lib/jvm/java-21-openjdk-21.0.6.0.7-1.fc41.x86_64/lib/libjsvml.so
7fb2a57fe000-7fb2a57ff000 rw-p 000cf000 00:1f 298264                     /usr/lib/jvm/java-21-openjdk-21.0.6.0.7-1.fc41.x86_64/lib/libjsvml.so
7fb2a57ff000-7fb2a5803000 ---p 00000000 00:00 0 
7fb2a5803000-7fb2a58ff000 rw-p 00000000 00:00 0 
7fb2a58ff000-7fb2a5903000 ---p 00000000 00:00 0 
7fb2a5903000-7fb2a59ff000 rw-p 00000000 00:00 0 
7fb2a59ff000-7fb2a5a03000 ---p 00000000 00:00 0 
7fb2a5a03000-7fb2a5aff000 rw-p 00000000 00:00 0 
7fb2a5aff000-7fb2a5b03000 ---p 00000000 00:00 0 
7fb2a5b03000-7fb2a5bff000 rw-p 00000000 00:00 0 
7fb2a5bff000-7fb2a5c03000 ---p 00000000 00:00 0 
7fb2a5c03000-7fb2a5cff000 rw-p 00000000 00:00 0 
7fb2a5cff000-7fb2a5d03000 ---p 00000000 00:00 0 
7fb2a5d03000-7fb2a5dff000 rw-p 00000000 00:00 0 
7fb2a5dff000-7fb2a5e03000 ---p 00000000 00:00 0 
7fb2a5e03000-7fb2a5eff000 rw-p 00000000 00:00 0 
7fb2a5eff000-7fb2a5f00000 ---p 00000000 00:00 0 
7fb2a5f00000-7fb2a6000000 rw-p 00000000 00:00 0 
7fb2a6000000-7fb2a8021000 rw-p 00000000 00:00 0 
7fb2a8021000-7fb2ac000000 ---p 00000000 00:00 0 
7fb2ac000000-7fb2ac021000 rw-p 00000000 00:00 0 
7fb2ac021000-7fb2b0000000 ---p 00000000 00:00 0 
7fb2b0000000-7fb2b0021000 rw-p 00000000 00:00 0 
7fb2b0021000-7fb2b4000000 ---p 00000000 00:00 0 
7fb2b4072000-7fb2b4079000 r--s 00000000 00:1f 146412                     /usr/lib64/gconv/gconv-modules.cache
7fb2b4079000-7fb2b407a000 r--p 00000000 00:1f 298249                     /usr/lib/jvm/java-21-openjdk-21.0.6.0.7-1.fc41.x86_64/lib/libextnet.so
7fb2b407a000-7fb2b407b000 r-xp 00001000 00:1f 298249                     /usr/lib/jvm/java-21-openjdk-21.0.6.0.7-1.fc41.x86_64/lib/libextnet.so
7fb2b407b000-7fb2b407c000 r--p 00002000 00:1f 298249                     /usr/lib/jvm/java-21-openjdk-21.0.6.0.7-1.fc41.x86_64/lib/libextnet.so
7fb2b407c000-7fb2b407d000 r--p 00002000 00:1f 298249                     /usr/lib/jvm/java-21-openjdk-21.0.6.0.7-1.fc41.x86_64/lib/libextnet.so
7fb2b407d000-7fb2b407e000 rw-p 00000000 00:00 0 
7fb2b407e000-7fb2b407f000 ---p 00000000 00:00 0 
7fb2b407f000-7fb2b417f000 rw-p 00000000 00:00 0 
7fb2b417f000-7fb2b4200000 rw-p 00000000 00:00 0 
7fb2b4200000-7fb2b4720000 rwxp 00000000 00:00 0 
7fb2b4720000-7fb2bb737000 ---p 00000000 00:00 0 
7fb2bb737000-7fb2bb9a7000 rwxp 00000000 00:00 0 
7fb2bb9a7000-7fb2bbcc8000 ---p 00000000 00:00 0 
7fb2bbcc8000-7fb2bbf38000 rwxp 00000000 00:00 0 
7fb2bbf38000-7fb2c3200000 ---p 00000000 00:00 0 
7fb2c3200000-7fb2cbe8c000 r--s 00000000 00:1f 298281                     /usr/lib/jvm/java-21-openjdk-21.0.6.0.7-1.fc41.x86_64/lib/modules
7fb2cbe8f000-7fb2cbeb7000 r-xp 00000000 00:1f 78602                      /usr/lib64/libnspr4.so
7fb2cbeb7000-7fb2cbecb000 r--p 00028000 00:1f 78602                      /usr/lib64/libnspr4.so
7fb2cbecb000-7fb2cbecd000 r--p 0003b000 00:1f 78602                      /usr/lib64/libnspr4.so
7fb2cbecd000-7fb2cbece000 rw-p 0003d000 00:1f 78602                      /usr/lib64/libnspr4.so
7fb2cbece000-7fb2cbed1000 rw-p 00000000 00:00 0 
7fb2cbed1000-7fb2cbee5000 r-xp 00000000 00:1f 78727                      /usr/lib64/libnssutil3.so
7fb2cbee5000-7fb2cbef7000 r--p 00014000 00:1f 78727                      /usr/lib64/libnssutil3.so
7fb2cbef7000-7fb2cbefe000 r--p 00026000 00:1f 78727                      /usr/lib64/libnssutil3.so
7fb2cbefe000-7fb2cbeff000 rw-p 0002d000 00:1f 78727                      /usr/lib64/libnssutil3.so
7fb2cbeff000-7fb2cbf00000 ---p 00000000 00:00 0 
7fb2cbf00000-7fb2cc000000 rw-p 00000000 00:00 0 
7fb2cc000000-7fb2cd45a000 rw-p 00000000 00:00 0 
7fb2cd45a000-7fb2d0000000 ---p 00000000 00:00 0 
7fb2d0001000-7fb2d0003000 r--p 00000000 00:1f 298269                     /usr/lib/jvm/java-21-openjdk-21.0.6.0.7-1.fc41.x86_64/lib/libmanagement_ext.so
7fb2d0003000-7fb2d0006000 r-xp 00002000 00:1f 298269                     /usr/lib/jvm/java-21-openjdk-21.0.6.0.7-1.fc41.x86_64/lib/libmanagement_ext.so
7fb2d0006000-7fb2d0007000 r--p 00005000 00:1f 298269                     /usr/lib/jvm/java-21-openjdk-21.0.6.0.7-1.fc41.x86_64/lib/libmanagement_ext.so
7fb2d0007000-7fb2d0008000 r--p 00006000 00:1f 298269                     /usr/lib/jvm/java-21-openjdk-21.0.6.0.7-1.fc41.x86_64/lib/libmanagement_ext.so
7fb2d0008000-7fb2d0009000 rw-p 00000000 00:00 0 
7fb2d0009000-7fb2d000b000 r--p 00000000 00:1f 298267                     /usr/lib/jvm/java-21-openjdk-21.0.6.0.7-1.fc41.x86_64/lib/libmanagement.so
7fb2d000b000-7fb2d000c000 r-xp 00002000 00:1f 298267                     /usr/lib/jvm/java-21-openjdk-21.0.6.0.7-1.fc41.x86_64/lib/libmanagement.so
7fb2d000c000-7fb2d000d000 r--p 00003000 00:1f 298267                     /usr/lib/jvm/java-21-openjdk-21.0.6.0.7-1.fc41.x86_64/lib/libmanagement.so
7fb2d000d000-7fb2d000e000 r--p 00003000 00:1f 298267                     /usr/lib/jvm/java-21-openjdk-21.0.6.0.7-1.fc41.x86_64/lib/libmanagement.so
7fb2d000e000-7fb2d000f000 rw-p 00000000 00:00 0 
7fb2d000f000-7fb2d0010000 r--p 00000000 00:1f 142761                     /usr/lib64/libdl.so.2
7fb2d0010000-7fb2d0011000 r-xp 00001000 00:1f 142761                     /usr/lib64/libdl.so.2
7fb2d0011000-7fb2d0012000 r--p 00002000 00:1f 142761                     /usr/lib64/libdl.so.2
7fb2d0012000-7fb2d0013000 r--p 00002000 00:1f 142761                     /usr/lib64/libdl.so.2
7fb2d0013000-7fb2d0014000 rw-p 00000000 00:00 0 
7fb2d0014000-7fb2d0017000 r-xp 00000000 00:1f 78604                      /usr/lib64/libplds4.so
7fb2d0017000-7fb2d0019000 r--p 00003000 00:1f 78604                      /usr/lib64/libplds4.so
7fb2d0019000-7fb2d001a000 r--p 00004000 00:1f 78604                      /usr/lib64/libplds4.so
7fb2d001a000-7fb2d001b000 rw-p 00005000 00:1f 78604                      /usr/lib64/libplds4.so
7fb2d001b000-7fb2d001e000 r-xp 00000000 00:1f 78603                      /usr/lib64/libplc4.so
7fb2d001e000-7fb2d0020000 r--p 00003000 00:1f 78603                      /usr/lib64/libplc4.so
7fb2d0020000-7fb2d0021000 r--p 00004000 00:1f 78603                      /usr/lib64/libplc4.so
7fb2d0021000-7fb2d0022000 rw-p 00005000 00:1f 78603                      /usr/lib64/libplc4.so
7fb2d0023000-7fb2d0024000 r--p 00000000 00:1f 142768                     /usr/lib64/libpthread.so.0
7fb2d0024000-7fb2d0025000 r-xp 00001000 00:1f 142768                     /usr/lib64/libpthread.so.0
7fb2d0025000-7fb2d0026000 r--p 00002000 00:1f 142768                     /usr/lib64/libpthread.so.0
7fb2d0026000-7fb2d0027000 r--p 00002000 00:1f 142768                     /usr/lib64/libpthread.so.0
7fb2d0027000-7fb2d0028000 rw-p 00000000 00:00 0 
7fb2d0028000-7fb2d002a000 r--p 00000000 00:1f 298279                     /usr/lib/jvm/java-21-openjdk-21.0.6.0.7-1.fc41.x86_64/lib/libverify.so
7fb2d002a000-7fb2d0032000 r-xp 00002000 00:1f 298279                     /usr/lib/jvm/java-21-openjdk-21.0.6.0.7-1.fc41.x86_64/lib/libverify.so
7fb2d0032000-7fb2d0034000 r--p 0000a000 00:1f 298279                     /usr/lib/jvm/java-21-openjdk-21.0.6.0.7-1.fc41.x86_64/lib/libverify.so
7fb2d0034000-7fb2d0036000 r--p 0000b000 00:1f 298279                     /usr/lib/jvm/java-21-openjdk-21.0.6.0.7-1.fc41.x86_64/lib/libverify.so
7fb2d0036000-7fb2d0037000 rw-p 00000000 00:00 0 
7fb2d0037000-7fb2d003a000 r--p 00000000 00:1f 298271                     /usr/lib/jvm/java-21-openjdk-21.0.6.0.7-1.fc41.x86_64/lib/libnet.so
7fb2d003a000-7fb2d0042000 r-xp 00003000 00:1f 298271                     /usr/lib/jvm/java-21-openjdk-21.0.6.0.7-1.fc41.x86_64/lib/libnet.so
7fb2d0042000-7fb2d0044000 r--p 0000b000 00:1f 298271                     /usr/lib/jvm/java-21-openjdk-21.0.6.0.7-1.fc41.x86_64/lib/libnet.so
7fb2d0044000-7fb2d0045000 r--p 0000c000 00:1f 298271                     /usr/lib/jvm/java-21-openjdk-21.0.6.0.7-1.fc41.x86_64/lib/libnet.so
7fb2d0045000-7fb2d0046000 rw-p 00000000 00:00 0 
7fb2d0046000-7fb2d004d000 r--p 00000000 00:1f 298272                     /usr/lib/jvm/java-21-openjdk-21.0.6.0.7-1.fc41.x86_64/lib/libnio.so
7fb2d004d000-7fb2d0057000 r-xp 00007000 00:1f 298272                     /usr/lib/jvm/java-21-openjdk-21.0.6.0.7-1.fc41.x86_64/lib/libnio.so
7fb2d0057000-7fb2d005b000 r--p 00011000 00:1f 298272                     /usr/lib/jvm/java-21-openjdk-21.0.6.0.7-1.fc41.x86_64/lib/libnio.so
7fb2d005b000-7fb2d005c000 r--p 00015000 00:1f 298272                     /usr/lib/jvm/java-21-openjdk-21.0.6.0.7-1.fc41.x86_64/lib/libnio.so
7fb2d005c000-7fb2d005d000 rw-p 00016000 00:1f 298272                     /usr/lib/jvm/java-21-openjdk-21.0.6.0.7-1.fc41.x86_64/lib/libnio.so
7fb2d005d000-7fb2d00f9000 rw-p 00000000 00:00 0 
7fb2d00f9000-7fb2d00fa000 ---p 00000000 00:00 0 
7fb2d00fa000-7fb2d01fa000 rw-p 00000000 00:00 0 
7fb2d01fa000-7fb2d05fe000 rw-p 00000000 00:00 0 
7fb2d05fe000-7fb2d05ff000 ---p 00000000 00:00 0 
7fb2d05ff000-7fb2d06ff000 rw-p 00000000 00:00 0 
7fb2d06ff000-7fb2d0700000 ---p 00000000 00:00 0 
7fb2d0700000-7fb2d0800000 rw-p 00000000 00:00 0 
7fb2d0800000-7fb2d09f0000 rw-p 00000000 00:00 0 
7fb2d09f0000-7fb2d27f8000 ---p 00000000 00:00 0 
7fb2d27f8000-7fb2d283e000 rw-p 00000000 00:00 0 
7fb2d283e000-7fb2d2bff000 ---p 00000000 00:00 0 
7fb2d2bff000-7fb2d2c3e000 rw-p 00000000 00:00 0 
7fb2d2c3e000-7fb2d2fff000 ---p 00000000 00:00 0 
7fb2d2fff000-7fb2d3000000 rw-p 00000000 00:00 0 
7fb2d3001000-7fb2d3002000 r--p 00000000 00:1f 298278                     /usr/lib/jvm/java-21-openjdk-21.0.6.0.7-1.fc41.x86_64/lib/libsystemconf.so
7fb2d3002000-7fb2d3003000 r-xp 00001000 00:1f 298278                     /usr/lib/jvm/java-21-openjdk-21.0.6.0.7-1.fc41.x86_64/lib/libsystemconf.so
7fb2d3003000-7fb2d3004000 r--p 00002000 00:1f 298278                     /usr/lib/jvm/java-21-openjdk-21.0.6.0.7-1.fc41.x86_64/lib/libsystemconf.so
7fb2d3004000-7fb2d3005000 r--p 00002000 00:1f 298278                     /usr/lib/jvm/java-21-openjdk-21.0.6.0.7-1.fc41.x86_64/lib/libsystemconf.so
7fb2d3005000-7fb2d3006000 rw-p 00000000 00:00 0 
7fb2d3006000-7fb2d3008000 r--p 00000000 00:1f 298280                     /usr/lib/jvm/java-21-openjdk-21.0.6.0.7-1.fc41.x86_64/lib/libzip.so
7fb2d3008000-7fb2d301b000 r-xp 00002000 00:1f 298280                     /usr/lib/jvm/java-21-openjdk-21.0.6.0.7-1.fc41.x86_64/lib/libzip.so
7fb2d301b000-7fb2d3023000 r--p 00015000 00:1f 298280                     /usr/lib/jvm/java-21-openjdk-21.0.6.0.7-1.fc41.x86_64/lib/libzip.so
7fb2d3023000-7fb2d3024000 r--p 0001c000 00:1f 298280                     /usr/lib/jvm/java-21-openjdk-21.0.6.0.7-1.fc41.x86_64/lib/libzip.so
7fb2d3024000-7fb2d3025000 rw-p 00000000 00:00 0 
7fb2d3025000-7fb2d3026000 ---p 00000000 00:00 0 
7fb2d3026000-7fb2d3126000 rw-p 00000000 00:00 0 
7fb2d3126000-7fb2d352f000 rw-p 00000000 00:00 0 
7fb2d352f000-7fb2d3615000 ---p 00000000 00:00 0 
7fb2d3615000-7fb2d3620000 rw-p 00000000 00:00 0 
7fb2d3620000-7fb2d3700000 ---p 00000000 00:00 0 
7fb2d3700000-7fb2d3704000 ---p 00000000 00:00 0 
7fb2d3704000-7fb2d3800000 rw-p 00000000 00:00 0 
7fb2d3800000-7fb2d380f000 r--p 00000000 00:1f 298289                     /usr/lib/jvm/java-21-openjdk-21.0.6.0.7-1.fc41.x86_64/lib/server/libjvm.so
7fb2d380f000-7fb2d4723000 r-xp 0000f000 00:1f 298289                     /usr/lib/jvm/java-21-openjdk-21.0.6.0.7-1.fc41.x86_64/lib/server/libjvm.so
7fb2d4723000-7fb2d49fc000 r--p 00f23000 00:1f 298289                     /usr/lib/jvm/java-21-openjdk-21.0.6.0.7-1.fc41.x86_64/lib/server/libjvm.so
7fb2d49fc000-7fb2d4ad3000 r--p 011fb000 00:1f 298289                     /usr/lib/jvm/java-21-openjdk-21.0.6.0.7-1.fc41.x86_64/lib/server/libjvm.so
7fb2d4ad3000-7fb2d4b03000 rw-p 012d2000 00:1f 298289                     /usr/lib/jvm/java-21-openjdk-21.0.6.0.7-1.fc41.x86_64/lib/server/libjvm.so
7fb2d4b03000-7fb2d4b69000 rw-p 00000000 00:00 0 
7fb2d4b6c000-7fb2d4bb6000 rw-p 00000000 00:00 0 
7fb2d4bb6000-7fb2d4bbd000 ---p 00000000 00:00 0 
7fb2d4bbd000-7fb2d4bc5000 rw-s 00000000 00:32 238                        /tmp/hsperfdata_rohit/5203
7fb2d4bc5000-7fb2d4bcf000 r--p 00000000 00:1f 298257                     /usr/lib/jvm/java-21-openjdk-21.0.6.0.7-1.fc41.x86_64/lib/libjava.so
7fb2d4bcf000-7fb2d4bdf000 r-xp 0000a000 00:1f 298257                     /usr/lib/jvm/java-21-openjdk-21.0.6.0.7-1.fc41.x86_64/lib/libjava.so
7fb2d4bdf000-7fb2d4be4000 r--p 0001a000 00:1f 298257                     /usr/lib/jvm/java-21-openjdk-21.0.6.0.7-1.fc41.x86_64/lib/libjava.so
7fb2d4be4000-7fb2d4be5000 r--p 0001f000 00:1f 298257                     /usr/lib/jvm/java-21-openjdk-21.0.6.0.7-1.fc41.x86_64/lib/libjava.so
7fb2d4be5000-7fb2d4be6000 rw-p 00020000 00:1f 298257                     /usr/lib/jvm/java-21-openjdk-21.0.6.0.7-1.fc41.x86_64/lib/libjava.so
7fb2d4be6000-7fb2d4be7000 rw-p 00000000 00:00 0 
7fb2d4be7000-7fb2d4be9000 r--p 00000000 00:1f 298260                     /usr/lib/jvm/java-21-openjdk-21.0.6.0.7-1.fc41.x86_64/lib/libjimage.so
7fb2d4be9000-7fb2d4c01000 r-xp 00002000 00:1f 298260                     /usr/lib/jvm/java-21-openjdk-21.0.6.0.7-1.fc41.x86_64/lib/libjimage.so
7fb2d4c01000-7fb2d4c07000 r--p 0001a000 00:1f 298260                     /usr/lib/jvm/java-21-openjdk-21.0.6.0.7-1.fc41.x86_64/lib/libjimage.so
7fb2d4c07000-7fb2d4c09000 r--p 0001f000 00:1f 298260                     /usr/lib/jvm/java-21-openjdk-21.0.6.0.7-1.fc41.x86_64/lib/libjimage.so
7fb2d4c09000-7fb2d4c0a000 rw-p 00021000 00:1f 298260                     /usr/lib/jvm/java-21-openjdk-21.0.6.0.7-1.fc41.x86_64/lib/libjimage.so
7fb2d4c0a000-7fb2d4c0b000 r--p 00000000 00:1f 142762                     /usr/lib64/libm.so.6
7fb2d4c0b000-7fb2d4c84000 r-xp 00001000 00:1f 142762                     /usr/lib64/libm.so.6
7fb2d4c84000-7fb2d4cee000 r--p 0007a000 00:1f 142762                     /usr/lib64/libm.so.6
7fb2d4cee000-7fb2d4cef000 r--p 000e3000 00:1f 142762                     /usr/lib64/libm.so.6
7fb2d4cef000-7fb2d4cf0000 rw-p 000e4000 00:1f 142762                     /usr/lib64/libm.so.6
7fb2d4cf0000-7fb2d4cf3000 rw-p 00000000 00:00 0 
7fb2d4cf3000-7fb2d4cf4000 r--p 00000000 00:1f 142760                     /usr/lib64/libc.so.6
7fb2d4cf4000-7fb2d4e63000 r-xp 00001000 00:1f 142760                     /usr/lib64/libc.so.6
7fb2d4e63000-7fb2d4ed8000 r--p 00170000 00:1f 142760                     /usr/lib64/libc.so.6
7fb2d4ed8000-7fb2d4edc000 r--p 001e5000 00:1f 142760                     /usr/lib64/libc.so.6
7fb2d4edc000-7fb2d4ede000 rw-p 001e9000 00:1f 142760                     /usr/lib64/libc.so.6
7fb2d4ede000-7fb2d4ee6000 rw-p 00000000 00:00 0 
7fb2d4eea000-7fb2d4eec000 r--p 00000000 00:1f 298252                     /usr/lib/jvm/java-21-openjdk-21.0.6.0.7-1.fc41.x86_64/lib/libinstrument.so
7fb2d4eec000-7fb2d4ef3000 r-xp 00002000 00:1f 298252                     /usr/lib/jvm/java-21-openjdk-21.0.6.0.7-1.fc41.x86_64/lib/libinstrument.so
7fb2d4ef3000-7fb2d4ef6000 r--p 00009000 00:1f 298252                     /usr/lib/jvm/java-21-openjdk-21.0.6.0.7-1.fc41.x86_64/lib/libinstrument.so
7fb2d4ef6000-7fb2d4ef7000 r--p 0000b000 00:1f 298252                     /usr/lib/jvm/java-21-openjdk-21.0.6.0.7-1.fc41.x86_64/lib/libinstrument.so
7fb2d4ef7000-7fb2d4ef8000 rw-p 0000c000 00:1f 298252                     /usr/lib/jvm/java-21-openjdk-21.0.6.0.7-1.fc41.x86_64/lib/libinstrument.so
7fb2d4ef8000-7fb2d4ef9000 ---p 00000000 00:00 0 
7fb2d4ef9000-7fb2d4efa000 r--p 00000000 00:00 0 
7fb2d4efa000-7fb2d4efb000 ---p 00000000 00:00 0 
7fb2d4efb000-7fb2d4efd000 r--p 00000000 00:1f 298261                     /usr/lib/jvm/java-21-openjdk-21.0.6.0.7-1.fc41.x86_64/lib/libjli.so
7fb2d4efd000-7fb2d4f0f000 r-xp 00002000 00:1f 298261                     /usr/lib/jvm/java-21-openjdk-21.0.6.0.7-1.fc41.x86_64/lib/libjli.so
7fb2d4f0f000-7fb2d4f16000 r--p 00014000 00:1f 298261                     /usr/lib/jvm/java-21-openjdk-21.0.6.0.7-1.fc41.x86_64/lib/libjli.so
7fb2d4f16000-7fb2d4f17000 r--p 0001a000 00:1f 298261                     /usr/lib/jvm/java-21-openjdk-21.0.6.0.7-1.fc41.x86_64/lib/libjli.so
7fb2d4f17000-7fb2d4f18000 rw-p 0001b000 00:1f 298261                     /usr/lib/jvm/java-21-openjdk-21.0.6.0.7-1.fc41.x86_64/lib/libjli.so
7fb2d4f18000-7fb2d4f1a000 rw-p 00000000 00:00 0 
7fb2d4f1a000-7fb2d4f1e000 r--p 00000000 00:00 0                          [vvar]
7fb2d4f1e000-7fb2d4f20000 r-xp 00000000 00:00 0                          [vdso]
7fb2d4f20000-7fb2d4f21000 r--p 00000000 00:1f 142757                     /usr/lib64/ld-linux-x86-64.so.2
7fb2d4f21000-7fb2d4f4a000 r-xp 00001000 00:1f 142757                     /usr/lib64/ld-linux-x86-64.so.2
7fb2d4f4a000-7fb2d4f55000 r--p 0002a000 00:1f 142757                     /usr/lib64/ld-linux-x86-64.so.2
7fb2d4f55000-7fb2d4f57000 r--p 00035000 00:1f 142757                     /usr/lib64/ld-linux-x86-64.so.2
7fb2d4f57000-7fb2d4f59000 rw-p 00037000 00:1f 142757                     /usr/lib64/ld-linux-x86-64.so.2
7ffd83242000-7ffd83264000 rw-p 00000000 00:00 0                          [stack]
ffffffffff600000-ffffffffff601000 --xp 00000000 00:00 0                  [vsyscall]
Total number of mappings: 323


VM Arguments:
jvm_args: --add-opens=java.base/java.lang=ALL-UNNAMED --add-opens=java.base/java.lang.invoke=ALL-UNNAMED --add-opens=java.base/java.util=ALL-UNNAMED --add-opens=java.prefs/java.util.prefs=ALL-UNNAMED --add-exports=jdk.compiler/com.sun.tools.javac.api=ALL-UNNAMED --add-exports=jdk.compiler/com.sun.tools.javac.util=ALL-UNNAMED --add-opens=java.base/java.util=ALL-UNNAMED --add-opens=java.prefs/java.util.prefs=ALL-UNNAMED --add-opens=java.base/java.nio.charset=ALL-UNNAMED --add-opens=java.base/java.net=ALL-UNNAMED --add-opens=java.base/java.util.concurrent.atomic=ALL-UNNAMED --add-opens=java.xml/javax.xml.namespace=ALL-UNNAMED -Xmx2048m -Dfile.encoding=UTF-8 -Duser.country=US -Duser.language=en -Duser.variant -javaagent:/home/rohit/.gradle/wrapper/dists/gradle-8.12.1-bin/eumc4uhoysa37zql93vfjkxy0/gradle-8.12.1/lib/agents/gradle-instrumentation-agent-8.12.1.jar 
java_command: org.gradle.launcher.daemon.bootstrap.GradleDaemon 8.12.1
java_class_path (initial): /home/rohit/.gradle/wrapper/dists/gradle-8.12.1-bin/eumc4uhoysa37zql93vfjkxy0/gradle-8.12.1/lib/gradle-daemon-main-8.12.1.jar
Launcher Type: SUN_STANDARD

[Global flags]
     intx CICompilerCount                          = 3                                         {product} {ergonomic}
     uint ConcGCThreads                            = 1                                         {product} {ergonomic}
     uint G1ConcRefinementThreads                  = 4                                         {product} {ergonomic}
   size_t G1HeapRegionSize                         = 1048576                                   {product} {ergonomic}
    uintx GCDrainStackTargetSize                   = 64                                        {product} {ergonomic}
   size_t InitialHeapSize                          = 130023424                                 {product} {ergonomic}
   size_t MarkStackSize                            = 4194304                                   {product} {ergonomic}
   size_t MaxHeapSize                              = 2147483648                                {product} {command line}
   size_t MaxNewSize                               = 1287651328                                {product} {ergonomic}
   size_t MinHeapDeltaBytes                        = 1048576                                   {product} {ergonomic}
   size_t MinHeapSize                              = 8388608                                   {product} {ergonomic}
    uintx NonNMethodCodeHeapSize                   = 5832780                                {pd product} {ergonomic}
    uintx NonProfiledCodeHeapSize                  = 122912730                              {pd product} {ergonomic}
    uintx ProfiledCodeHeapSize                     = 122912730                              {pd product} {ergonomic}
    uintx ReservedCodeCacheSize                    = 251658240                              {pd product} {ergonomic}
     bool SegmentedCodeCache                       = true                                      {product} {ergonomic}
   size_t SoftMaxHeapSize                          = 2147483648                             {manageable} {ergonomic}
     bool UseCompressedOops                        = true                           {product lp64_product} {ergonomic}
     bool UseG1GC                                  = true                                      {product} {ergonomic}

Logging:
Log output configuration:
 #0: stdout all=warning uptime,level,tags foldmultilines=false
 #1: stderr all=off uptime,level,tags foldmultilines=false

Environment Variables:
PATH=/home/rohit/.wasmer/bin:/home/rohit/.cargo/bin:/home/rohit/.wasmer/bin:/home/rohit/.local/bin:/home/rohit/bin:/usr/local/bin:/usr/local/sbin:/usr/bin:/usr/sbin:/home/rohit/Android/android-studio/bin:/home/rohit/Programs/node/bin:/home/rohit/Android/android-studio/jbr/bin/:/bin:/usr/bin:/home/rohit/Android/android-studio/bin:/home/rohit/Programs/node/bin:/home/rohit/Android/android-studio/jbr/bin/:/bin:/usr/bin
USERNAME=rohit
SHELL=/bin/bash
DISPLAY=:0
LANG=en_US.UTF-8
TERM=xterm-256color

Active Locale:
LC_ALL=en_US.UTF-8
LC_COLLATE=en_US.UTF-8
LC_CTYPE=en_US.UTF-8
LC_MESSAGES=en_US.UTF-8
LC_MONETARY=en_US.UTF-8
LC_NUMERIC=en_US.UTF-8
LC_TIME=en_US.UTF-8

Signal Handlers:
   SIGSEGV: crash_handler in libjvm.so, mask=11100100010111111101111111111110, flags=SA_RESTART|SA_SIGINFO, unblocked
    SIGBUS: crash_handler in libjvm.so, mask=11100100010111111101111111111110, flags=SA_RESTART|SA_SIGINFO, unblocked
    SIGFPE: crash_handler in libjvm.so, mask=11100100010111111101111111111110, flags=SA_RESTART|SA_SIGINFO, unblocked
   SIGPIPE: SIG_IGN, mask=00000000000000000000000000000000, flags=none, blocked
  *** Handler was modified!
  *** Expected: javaSignalHandler in libjvm.so, mask=11100100110111111111111111111110, flags=SA_RESTART|SA_SIGINFO
   SIGXFSZ: javaSignalHandler in libjvm.so, mask=11100100010111111101111111111110, flags=SA_RESTART|SA_SIGINFO, blocked
    SIGILL: crash_handler in libjvm.so, mask=11100100010111111101111111111110, flags=SA_RESTART|SA_SIGINFO, unblocked
   SIGUSR2: SR_handler in libjvm.so, mask=00000000000000000000000000000000, flags=SA_RESTART|SA_SIGINFO, blocked
    SIGHUP: UserHandler in libjvm.so, mask=11100100010111111101111111111110, flags=SA_RESTART|SA_SIGINFO, blocked
    SIGINT: UserHandler in libjvm.so, mask=11100100010111111101111111111110, flags=SA_RESTART|SA_SIGINFO, blocked
   SIGTERM: UserHandler in libjvm.so, mask=11100100010111111101111111111110, flags=SA_RESTART|SA_SIGINFO, blocked
   SIGQUIT: UserHandler in libjvm.so, mask=11100100010111111101111111111110, flags=SA_RESTART|SA_SIGINFO, blocked
   SIGTRAP: crash_handler in libjvm.so, mask=11100100010111111101111111111110, flags=SA_RESTART|SA_SIGINFO, unblocked


Periodic native trim disabled

---------------  S Y S T E M  ---------------

OS:
Fedora release 41 (Forty One)
uname: Linux 6.12.11-200.fc41.x86_64 #1 SMP PREEMPT_DYNAMIC Fri Jan 24 04:59:58 UTC 2025 x86_64
OS uptime: 0 days 0:30 hours
libc: glibc 2.40 NPTL 2.40 
rlimit (soft/hard): STACK 8192k/infinity , CORE infinity/infinity , NPROC 31191/31191 , NOFILE 524288/524288 , AS infinity/infinity , CPU infinity/infinity , DATA infinity/infinity , FSIZE infinity/infinity , MEMLOCK 8192k/8192k
load average: 1.48 2.67 2.06

/proc/meminfo:
MemTotal:        8025116 kB
MemFree:          285160 kB
MemAvailable:    1794668 kB
Buffers:             280 kB
Cached:          1776484 kB
SwapCached:         1208 kB
Active:          3142336 kB
Inactive:        3141112 kB
Active(anon):    2054788 kB
Inactive(anon):  2548540 kB
Active(file):    1087548 kB
Inactive(file):   592572 kB
Unevictable:       20524 kB
Mlocked:              16 kB
SwapTotal:       8025084 kB
SwapFree:        5024444 kB
Zswap:                 0 kB
Zswapped:              0 kB
Dirty:               668 kB
Writeback:             0 kB
AnonPages:       4526504 kB
Mapped:           186728 kB
Shmem:             96948 kB
KReclaimable:     106932 kB
Slab:             253608 kB
SReclaimable:     106932 kB
SUnreclaim:       146676 kB
KernelStack:       15872 kB
PageTables:        48068 kB
SecPageTables:      2056 kB
NFS_Unstable:          0 kB
Bounce:                0 kB
WritebackTmp:          0 kB
CommitLimit:    12037640 kB
Committed_AS:   14636168 kB
VmallocTotal:   34359738367 kB
VmallocUsed:       79176 kB
VmallocChunk:          0 kB
Percpu:             2976 kB
EarlyMemtestBad:      15 kB
HardwareCorrupted:     0 kB
AnonHugePages:         0 kB
ShmemHugePages:        0 kB
ShmemPmdMapped:        0 kB
FileHugePages:         0 kB
FilePmdMapped:         0 kB
CmaTotal:              0 kB
CmaFree:               0 kB
Unaccepted:            0 kB
HugePages_Total:       0
HugePages_Free:        0
HugePages_Rsvd:        0
HugePages_Surp:        0
Hugepagesize:       2048 kB
Hugetlb:               0 kB
DirectMap4k:      199056 kB
DirectMap2M:     7045120 kB
DirectMap1G:     1048576 kB

/sys/kernel/mm/transparent_hugepage/enabled: always [madvise] never
/sys/kernel/mm/transparent_hugepage/hpage_pmd_size: 2097152
/sys/kernel/mm/transparent_hugepage/defrag (defrag/compaction efforts parameter): always defer defer+madvise [madvise] never

Process Memory:
Virtual Size: 6032792K (peak: 6032792K)
Resident Set Size: 232808K (peak: 232808K) (anon: 209420K, file: 23388K, shmem: 0K)
Swapped out: 0K
C-Heap outstanding allocations: 92206K, retained: 6189K
glibc malloc tunables: (default)

/proc/sys/kernel/threads-max (system-wide limit on the number of threads): 62382
/proc/sys/vm/max_map_count (maximum number of memory map areas a process may have): 1048576
/proc/sys/vm/swappiness (control to define how aggressively the kernel swaps out anonymous memory): 10
/proc/sys/kernel/pid_max (system-wide limit on number of process identifiers): 4194304

container information not found.
Steal ticks since vm start: 0
Steal ticks percentage since vm start:  0.000

CPU: total 4 (initial active 4) (2 cores per cpu, 2 threads per core) family 6 model 78 stepping 3 microcode 0x84, cx8, cmov, fxsr, ht, mmx, 3dnowpref, sse, sse2, sse3, ssse3, sse4.1, sse4.2, popcnt, lzcnt, tsc, tscinvbit, avx, avx2, aes, erms, clmul, bmi1, bmi2, adx, fma, vzeroupper, clflush, clflushopt, rdtscp, f16c
CPU Model and flags from /proc/cpuinfo:
model name	: Intel(R) Core(TM) i3-6006U CPU @ 2.00GHz
flags		: fpu vme de pse tsc msr pae mce cx8 apic sep mtrr pge mca cmov pat pse36 clflush dts acpi mmx fxsr sse sse2 ss ht tm pbe syscall nx pdpe1gb rdtscp lm constant_tsc art arch_perfmon pebs bts rep_good nopl xtopology nonstop_tsc cpuid aperfmperf pni pclmulqdq dtes64 monitor ds_cpl vmx est tm2 ssse3 sdbg fma cx16 xtpr pdcm pcid sse4_1 sse4_2 x2apic movbe popcnt aes xsave avx f16c rdrand lahf_lm abm 3dnowprefetch cpuid_fault pti tpr_shadow flexpriority ept vpid ept_ad fsgsbase tsc_adjust bmi1 avx2 smep bmi2 erms invpcid mpx rdseed adx smap clflushopt intel_pt xsaveopt xsavec xgetbv1 xsaves dtherm arat pln pts hwp hwp_notify hwp_act_window hwp_epp vnmi

Online cpus: 0-3
Offline cpus: 
BIOS frequency limitation: <Not Available>
Frequency switch latency (ns): 0
Available cpu frequencies: <Not Available>
Current governor: performance
Core performance/turbo boost: <Not Available>

Memory: 4k page, physical 8025116k(1794744k free), swap 8025084k(5024444k free)
Page Sizes: 4k

vm_info: OpenJDK 64-Bit Server VM (21.0.6+7) for linux-amd64 JRE (21.0.6+7), built on 2025-01-27T00:00:00Z by "mockbuild" with gcc 14.2.1 20240912 (Red Hat 14.2.1-3)

END.
