#
# A fatal error has been detected by the Java Runtime Environment:
#
#  SIGSEGV (0xb) at pc=0x00007fe5fa16def3, pid=4250, tid=4256
#
# JRE version: OpenJDK Runtime Environment (21.0.3) (build 21.0.3+-12282718-b509.11)
# Java VM: OpenJDK 64-Bit Server VM (21.0.3+-12282718-b509.11, mixed mode, tiered, compressed oops, compressed class ptrs, g1 gc, linux-amd64)
# Problematic frame:
# V  [libjvm.so+0x96def3]  G1CMOopClosure::do_oop(narrowOop*)+0x113
#
# Core dump will be written. Default location: Core dumps may be processed with "/usr/lib/systemd/systemd-coredump %P %u %g %s %t %c %h" (or dumping to /home/rohit/AndroidStudioProjects/ExpectedKeyboard/core.4250)
#
# If you would like to submit a bug report, please visit:
#   https://youtrack.jetbrains.com/issues/JBR
#

---------------  S U M M A R Y ------------

Command Line: --add-opens=java.base/java.lang=ALL-UNNAMED --add-opens=java.base/java.lang.invoke=ALL-UNNAMED --add-opens=java.base/java.util=ALL-UNNAMED --add-opens=java.prefs/java.util.prefs=ALL-UNNAMED --add-exports=jdk.compiler/com.sun.tools.javac.api=ALL-UNNAMED --add-exports=jdk.compiler/com.sun.tools.javac.util=ALL-UNNAMED --add-opens=java.base/java.util=ALL-UNNAMED --add-opens=java.prefs/java.util.prefs=ALL-UNNAMED --add-opens=java.base/java.nio.charset=ALL-UNNAMED --add-opens=java.base/java.net=ALL-UNNAMED --add-opens=java.base/java.util.concurrent.atomic=ALL-UNNAMED --add-opens=java.xml/javax.xml.namespace=ALL-UNNAMED -Xmx2048m -Dfile.encoding=UTF-8 -Duser.country=US -Duser.language=en -Duser.variant -javaagent:/home/rohit/.gradle/wrapper/dists/gradle-8.12.1-bin/eumc4uhoysa37zql93vfjkxy0/gradle-8.12.1/lib/agents/gradle-instrumentation-agent-8.12.1.jar -Dawt.toolkit.name=XToolkit org.gradle.launcher.daemon.bootstrap.GradleDaemon 8.12.1

Host: Intel(R) Core(TM) i3-6006U CPU @ 2.00GHz, 4 cores, 7G, Fedora release 41 (Forty One)
Time: Tue Feb 25 13:03:14 2025 IST elapsed time: 5.313702 seconds (0d 0h 0m 5s)

---------------  T H R E A D  ---------------

Current thread (0x00007fe5f4096080):  WorkerThread "G1 Conc#0"      [id=4256, stack(0x00007fe5f84fe000,0x00007fe5f85fe000) (1024K)]

Stack: [0x00007fe5f84fe000,0x00007fe5f85fe000],  sp=0x00007fe5f85fac20,  free space=1011k
Native frames: (J=compiled Java code, j=interpreted, Vv=VM code, C=native code)
V  [libjvm.so+0x96def3]  G1CMOopClosure::do_oop(narrowOop*)+0x113
V  [libjvm.so+0x96e4eb]  void OopOopIterateDispatch<G1CMOopClosure>::Table::oop_oop_iterate<InstanceRefKlass, narrowOop>(G1CMOopClosure*, oopDesc*, Klass*)+0xab
V  [libjvm.so+0x98a3ec]  G1CMBitMapClosure::do_addr(HeapWordImpl**)+0x1cc
V  [libjvm.so+0x9908dd]  G1CMTask::do_marking_step(double, bool, bool)+0x39d
V  [libjvm.so+0x992d54]  G1CMConcurrentMarkingTask::work(unsigned int)+0xc4
V  [libjvm.so+0x10b99d4]  WorkerThread::run()+0x84
V  [libjvm.so+0x1002f3b]  Thread::call_run()+0xab
V  [libjvm.so+0xe50899]  thread_native_entry(Thread*)+0x119
C  [libc.so.6+0x71168]  start_thread+0x3b8

siginfo: si_signo: 11 (SIGSEGV), si_code: 1 (SEGV_MAPERR), si_addr: 0x0000000404063308

Registers:
RAX=0x00007fe5fa99cb50, RBX=0x00007fe5f4097270, RCX=0x0000000000000003, RDX=0x0000000000000001
RSP=0x00007fe5f85fac20, RBP=0x00007fe5f85fac50, RSI=0x00007fe5dfe20368, RDI=0x0000000404063300
R8 =0x000000000000406d, R9 =0x00007fe5fa99d140, R10=0x00007fe5f4084610, R11=0x0000000000260000
R12=0x00007fe5f4084600, R13=0x0000000000000000, R14=0x000000008080db40, R15=0x00007fe5fa9cf9f8
RIP=0x00007fe5fa16def3, EFLAGS=0x0000000000010206, CSGSFS=0x002b000000000033, ERR=0x0000000000000004
  TRAPNO=0x000000000000000e


Register to memory mapping:

RAX=0x00007fe5fa99cb50: <offset 0x000000000119cb50> in /home/rohit/Android/android-studio/jbr/lib/server/libjvm.so at 0x00007fe5f9800000
RBX=0x00007fe5f4097270 points into unknown readable memory: 0x00007fe5fa97e6d8 | d8 e6 97 fa e5 7f 00 00
RCX=0x0000000000000003 is an unknown value
RDX=0x0000000000000001 is an unknown value
RSP=0x00007fe5f85fac20 points into unknown readable memory: 0x0000000000000002 | 02 00 00 00 00 00 00 00
RBP=0x00007fe5f85fac50 points into unknown readable memory: 0x00007fe5f85faca0 | a0 ac 5f f8 e5 7f 00 00
RSI=0x00007fe5dfe20368 points into unknown readable memory: 0x0000818449292481 | 81 24 29 49 84 81 00 00
RDI=0x0000000404063300 is an unknown value
R8 =0x000000000000406d is an unknown value
R9 =0x00007fe5fa99d140: <offset 0x000000000119d140> in /home/rohit/Android/android-studio/jbr/lib/server/libjvm.so at 0x00007fe5f9800000
R10=0x00007fe5f4084610 points into unknown readable memory: 0x00007fe5fa97ea18 | 18 ea 97 fa e5 7f 00 00
R11=0x0000000000260000 is an unknown value
R12=0x00007fe5f4084600 points into unknown readable memory: 0x00007fe5f40950e0 | e0 50 09 f4 e5 7f 00 00
R13=0x0 is null
R14=0x000000008080db40 is pointing into object: [Ljava.lang.Class; 
{0x000000008080db38} - klass: 'java/lang/Class'[]
 - length: 11
R15=0x00007fe5fa9cf9f8: <offset 0x00000000011cf9f8> in /home/rohit/Android/android-studio/jbr/lib/server/libjvm.so at 0x00007fe5f9800000

Top of Stack: (sp=0x00007fe5f85fac20)
0x00007fe5f85fac20:   0000000000000002 00007fe5f85fcce8
0x00007fe5f85fac30:   0000000081283188 00000001000470c8
0x00007fe5f85fac40:   0000000081283190 00000001000470d0
0x00007fe5f85fac50:   00007fe5f85faca0 00007fe5fa16e4eb
0x00007fe5f85fac60:   00007fe5f85faca0 0000000081283178
0x00007fe5f85fac70:   0000000100046e68 00007fe5f85fcd10
0x00007fe5f85fac80:   0000000000000005 00007fe5f4097270
0x00007fe5f85fac90:   0000000100046e68 00007fe5f85fcce8
0x00007fe5f85faca0:   00007fe5f85face0 00007fe5fa18a3ec
0x00007fe5f85facb0:   0000000000000000 00007fe5f4097270
0x00007fe5f85facc0:   00007fe5fa9cfa08 00007fe5fa9cf9f8
0x00007fe5f85facd0:   000000000025062f 0000000081283178
0x00007fe5f85face0:   00007fe5f85fcd90 00007fe5fa1908dd
0x00007fe5f85facf0:   0000000000000000 0000000000000000
0x00007fe5f85fad00:   0000000000000000 0000000000000000
0x00007fe5f85fad10:   0000000000000000 0000000000000000
0x00007fe5f85fad20:   0000000000000000 0000000000000000
0x00007fe5f85fad30:   0000000000000000 0000000000000000
0x00007fe5f85fad40:   0000000000000000 0000000000000000
0x00007fe5f85fad50:   0000000000000000 0000000000000000
0x00007fe5f85fad60:   0000000000000000 0000000000000000
0x00007fe5f85fad70:   0000000000000000 0000000000000000
0x00007fe5f85fad80:   0000000000000000 0000000000000000
0x00007fe5f85fad90:   0000000000000000 0000000000000000
0x00007fe5f85fada0:   0000000000000000 0000000000000000
0x00007fe5f85fadb0:   0000000000000000 0000000000000000
0x00007fe5f85fadc0:   0000000000000000 0000000000000000
0x00007fe5f85fadd0:   0000000000000000 0000000000000000
0x00007fe5f85fade0:   0000000000000000 0000000000000000
0x00007fe5f85fadf0:   0000000000000000 0000000000000000
0x00007fe5f85fae00:   0000000000000000 0000000000000000
0x00007fe5f85fae10:   0000000000000000 0000000000000000 

Instructions: (pc=0x00007fe5fa16def3)
0x00007fe5fa16ddf3:   ff 83 b8 00 00 00 8b 16 48 8d 05 3e ed 82 00 0f
0x00007fe5fa16de03:   b6 48 08 49 89 d6 49 d3 e6 48 85 d2 0f 84 dc 02
0x00007fe5fa16de13:   00 00 4c 03 30 0f 84 d3 02 00 00 4c 8b 63 20 44
0x00007fe5fa16de23:   8b 6b 10 49 8b 44 24 08 48 8b 90 f8 01 00 00 48
0x00007fe5fa16de33:   8b b0 10 02 00 00 0f b6 88 18 02 00 00 48 d3 e6
0x00007fe5fa16de43:   4c 89 f0 48 29 f0 4c 8d 3d a8 1b 86 00 41 0f b6
0x00007fe5fa16de53:   0f 48 d3 e8 89 c0 48 8b 04 c2 48 8b 40 68 4c 39
0x00007fe5fa16de63:   f0 0f 86 87 02 00 00 49 8d 7c 24 10 49 8b 44 24
0x00007fe5fa16de73:   10 4c 89 f6 ff 10 4c 89 f0 49 2b 44 24 18 48 c1
0x00007fe5fa16de83:   e8 03 41 0f b6 4c 24 28 48 d3 e8 49 8b 7c 24 30
0x00007fe5fa16de93:   49 89 c0 ba 01 00 00 00 89 c1 48 d3 e2 49 c1 e8
0x00007fe5fa16dea3:   06 4a 8d 34 c7 4a 8b 0c c7 0f 1f 40 00 48 89 cf
0x00007fe5fa16deb3:   48 09 d7 48 39 cf 0f 84 32 02 00 00 48 89 c8 f0
0x00007fe5fa16dec3:   48 0f b1 3e 48 39 c8 48 89 c1 75 e1 4c 8d 0d 6a
0x00007fe5fa16ded3:   f2 82 00 41 0f b6 11 84 d2 74 25 41 8b 7e 08 48
0x00007fe5fa16dee3:   8d 05 67 ec 82 00 0f b6 48 08 48 d3 e7 48 03 38
0x00007fe5fa16def3:   8b 47 08 85 c0 7e 14 a8 01 75 14 c1 e8 03 eb 5b
0x00007fe5fa16df03:   49 8b 7e 08 8b 47 08 85 c0 7f ec 85 c0 78 15 48
0x00007fe5fa16df13:   8b 07 4c 89 f6 ff 90 00 01 00 00 4c 8d 0d 1b f2
0x00007fe5fa16df23:   82 00 eb 37 31 c9 84 d2 0f 94 c1 49 63 54 8e 0c
0x00007fe5fa16df33:   89 c1 48 d3 e2 c1 e8 10 0f b6 c0 48 01 d0 48 8d
0x00007fe5fa16df43:   0d e0 ef 82 00 48 63 09 48 8d 14 01 48 ff ca f7
0x00007fe5fa16df53:   d9 48 63 c1 48 21 d0 48 c1 e8 03 49 8b 8c 24 b8
0x00007fe5fa16df63:   02 00 00 4a 8b 14 e9 48 8b 4a 18 48 8b b9 10 02
0x00007fe5fa16df73:   00 00 0f b6 89 18 02 00 00 48 d3 e7 4c 89 f6 48
0x00007fe5fa16df83:   29 fe 41 0f b6 0f 48 d3 ee 48 8b 7a 40 44 8b 42
0x00007fe5fa16df93:   60 41 21 f0 49 c1 e0 04 4a 8d 0c 07 42 8b 3c 07
0x00007fe5fa16dfa3:   41 b8 18 00 00 00 39 f7 74 26 4c 8b 41 08 4d 85
0x00007fe5fa16dfb3:   c0 74 0d 48 c1 e7 03 48 03 7a 38 f0 4c 0f c1 07
0x00007fe5fa16dfc3:   48 c7 41 08 00 00 00 00 89 31 41 b8 20 00 00 00
0x00007fe5fa16dfd3:   4a ff 44 02 38 48 01 41 08 48 8b 43 20 48 8b 80
0x00007fe5fa16dfe3:   a0 02 00 00 48 8b 8b 90 00 00 00 48 85 c9 74 1e 


Stack slot to memory mapping:

stack at sp + 0 slots: 0x0000000000000002 is an unknown value
stack at sp + 1 slots: 0x00007fe5f85fcce8 points into unknown readable memory: 0x00007fe5fa97e778 | 78 e7 97 fa e5 7f 00 00
stack at sp + 2 slots: 0x0000000081283188 is pointing into object: java.lang.ref.SoftReference 
{0x0000000081283178} - klass: 'java/lang/ref/SoftReference'
 - ---- fields (total size 5 words):
 - private 'referent' 'Ljava/lang/Object;' @12  a 'sun/util/locale/BaseLocale'{0x000000008131aa50} (0x8131aa50)
 - volatile 'queue' 'Ljava/lang/ref/ReferenceQueue;' @16  
[error occurred during error reporting (inspecting top of stack), id 0xb, SIGSEGV (0xb) at pc=0x00007fe5fa63f895]
stack at sp + 3 slots: 0x00000001000470c8 is pointing into metadata
stack at sp + 4 slots: 0x0000000081283190 is pointing into object: java.lang.ref.SoftReference 
{0x0000000081283178} - klass: 'java/lang/ref/SoftReference'
 - ---- fields (total size 5 words):
 - private 'referent' 'Ljava/lang/Object;' @12  a 'sun/util/locale/BaseLocale'{0x000000008131aa50} (0x8131aa50)
 - volatile 'queue' 'Ljava/lang/ref/ReferenceQueue;' @16  
[error occurred during error reporting (inspecting top of stack, attempt 2), id 0xb, SIGSEGV (0xb) at pc=0x00007fe5fa63f895]
stack at sp + 5 slots: 0x00000001000470d0 is a pointer to class: 
java.lang.ref.WeakReference {0x00000001000470d0}
 - instance size:     4
 - klass size:        77
 - access:            public synchronized 
 - flags:             rewritten has_nonstatic_fields 
 - state:             fully_initialized
 - name:              'java/lang/ref/WeakReference'
 - super:             'java/lang/ref/Reference'
 - sub:               'com/google/common/collect/MapMakerInternalMap$AbstractWeakKeyEntry'   'sun/security/provider/FileInputStreamPool$StreamRef'   'java/util/logging/LogManager$LoggerWeakRef'   'java/util/logging/Level$KnownLevel'   (6 more klasses...)
 - arrays:            'java/lang/ref/WeakReference'[]
 - methods:           Array<T>(0x00007fe5bc042ae8)
 - method ordering:   Array<T>(0x00007fe5bc000018)
 - default_methods:   Array<T>(0x0000000000000000)
 - local interfaces:  Array<T>(0x00007fe5bc000058)
 - trans. interfaces: Array<T>(0x00007fe5bc000058)
 - constants:         constant pool [31] {0x00007fe5bc042990} for 'java/lang/ref/WeakReference' cache=0x00007fe5bc325048
 - class loader data:  loader data: 0x00007fe5f411a9f0 of 'bootstrap'
 - class annotations:       Array<T>(0x0000000000000000)
 - class type annotations:  Array<T>(0x0000000000000000)
 - field annotations:       Array<T>(0x0000000000000000)
 - field type annotations:  Array<T>(0x0000000000000000)
 - generic signature: '<T:Ljava/lang/Object;>Ljava/lang/ref/Reference<TT;>;'
 - inner classes:     Array<T>(0x00007fe5bc000028)
 - nest members:     Array<T>(0x00007fe5bc000028)
 - permitted subclasses:     Array<T>(0x00007fe5bc000028)
 - java mirror:       a 'java/lang/Class'{0x00000000805698d8} = 'java/lang/ref/WeakReference'
 - vtable length      12  (start addr: 0x00000001000472c0)
 - itable length      2 (start addr: 0x0000000100047320)
 - ---- static fields (0 words):
 - ---- non-static fields (4 words):
 - private 'referent' 'Ljava/lang/Object;' @12 
 - volatile 'queue' 'Ljava/lang/ref/ReferenceQueue;' @16 
 - volatile 'next' 'Ljava/lang/ref/Reference;' @20 
 - private transient 'discovered' 'Ljava/lang/ref/Reference;' @24 
 - non-static oop maps: 16-20 
stack at sp + 6 slots: 0x00007fe5f85faca0 points into unknown readable memory: 0x00007fe5f85face0 | e0 ac 5f f8 e5 7f 00 00
stack at sp + 7 slots: 0x00007fe5fa16e4eb: <offset 0x000000000096e4eb> in /home/rohit/Android/android-studio/jbr/lib/server/libjvm.so at 0x00007fe5f9800000


---------------  P R O C E S S  ---------------

Threads class SMR info:
_java_thread_list=0x00007fe558aab030, length=28, elements={
0x00007fe5f402a860, 0x00007fe5f41feb70, 0x00007fe5f41ffbc0, 0x00007fe5f42017b0,
0x00007fe5f4202d20, 0x00007fe5f420c2f0, 0x00007fe5f420ddb0, 0x00007fe5f420f3e0,
0x00007fe5f4275620, 0x00007fe5f43906e0, 0x00007fe59410c8d0, 0x00007fe5f5551d50,
0x00007fe5f55dd360, 0x00007fe5f561eb50, 0x00007fe574017180, 0x00007fe56c004480,
0x00007fe56c007ce0, 0x00007fe56c00a7a0, 0x00007fe558005970, 0x00007fe558009600,
0x00007fe55800b8d0, 0x00007fe558255020, 0x00007fe558260130, 0x00007fe55811c870,
0x00007fe558962cc0, 0x00007fe55896b940, 0x00007fe558aa6a30, 0x00007fe558aa9f40
}

Java Threads: ( => current thread )
  0x00007fe5f402a860 JavaThread "main"                              [_thread_blocked, id=4253, stack(0x00007fe5f9700000,0x00007fe5f9800000) (1024K)]
  0x00007fe5f41feb70 JavaThread "Reference Handler"          daemon [_thread_blocked, id=4261, stack(0x00007fe5dd7e2000,0x00007fe5dd8e2000) (1024K)]
  0x00007fe5f41ffbc0 JavaThread "Finalizer"                  daemon [_thread_blocked, id=4262, stack(0x00007fe5dd6e2000,0x00007fe5dd7e2000) (1024K)]
  0x00007fe5f42017b0 JavaThread "Signal Dispatcher"          daemon [_thread_blocked, id=4263, stack(0x00007fe5dd5e2000,0x00007fe5dd6e2000) (1024K)]
  0x00007fe5f4202d20 JavaThread "Service Thread"             daemon [_thread_blocked, id=4264, stack(0x00007fe5dd4e2000,0x00007fe5dd5e2000) (1024K)]
  0x00007fe5f420c2f0 JavaThread "Monitor Deflation Thread"   daemon [_thread_blocked, id=4265, stack(0x00007fe5dd3e2000,0x00007fe5dd4e2000) (1024K)]
  0x00007fe5f420ddb0 JavaThread "C2 CompilerThread0"         daemon [_thread_blocked, id=4266, stack(0x00007fe5dd2e2000,0x00007fe5dd3e2000) (1024K)]
  0x00007fe5f420f3e0 JavaThread "C1 CompilerThread0"         daemon [_thread_blocked, id=4267, stack(0x00007fe5dd1e2000,0x00007fe5dd2e2000) (1024K)]
  0x00007fe5f4275620 JavaThread "Common-Cleaner"             daemon [_thread_blocked, id=4268, stack(0x00007fe5dd0e2000,0x00007fe5dd1e2000) (1024K)]
  0x00007fe5f43906e0 JavaThread "Notification Thread"        daemon [_thread_blocked, id=4269, stack(0x00007fe5dcfe2000,0x00007fe5dd0e2000) (1024K)]
  0x00007fe59410c8d0 JavaThread "C2 CompilerThread1"         daemon [_thread_in_native, id=4270, stack(0x00007fe5dcee2000,0x00007fe5dcfe2000) (1024K)]
  0x00007fe5f5551d50 JavaThread "Daemon health stats"               [_thread_blocked, id=4274, stack(0x00007fe5dc7ff000,0x00007fe5dc8ff000) (1024K)]
  0x00007fe5f55dd360 JavaThread "Incoming local TCP Connector on port 43399"        [_thread_in_native, id=4275, stack(0x00007fe5dc6ff000,0x00007fe5dc7ff000) (1024K)]
  0x00007fe5f561eb50 JavaThread "Daemon periodic checks"            [_thread_blocked, id=4276, stack(0x00007fe5dc5ff000,0x00007fe5dc6ff000) (1024K)]
  0x00007fe574017180 JavaThread "Daemon"                            [_thread_blocked, id=4277, stack(0x00007fe5dc4ff000,0x00007fe5dc5ff000) (1024K)]
  0x00007fe56c004480 JavaThread "Handler for socket connection from /127.0.0.1:43399 to /127.0.0.1:58650"        [_thread_in_native, id=4278, stack(0x00007fe5dc3ff000,0x00007fe5dc4ff000) (1024K)]
  0x00007fe56c007ce0 JavaThread "Cancel handler"                    [_thread_blocked, id=4279, stack(0x00007fe5dc2ff000,0x00007fe5dc3ff000) (1024K)]
  0x00007fe56c00a7a0 JavaThread "Daemon worker"                     [_thread_blocked, id=4280, stack(0x00007fe5dc1ff000,0x00007fe5dc2ff000) (1024K)]
  0x00007fe558005970 JavaThread "Asynchronous log dispatcher for DefaultDaemonConnection: socket connection from /127.0.0.1:43399 to /127.0.0.1:58650"        [_thread_blocked, id=4281, stack(0x00007fe5dc0ff000,0x00007fe5dc1ff000) (1024K)]
  0x00007fe558009600 JavaThread "Stdin handler"                     [_thread_blocked, id=4282, stack(0x00007fe5ae100000,0x00007fe5ae200000) (1024K)]
  0x00007fe55800b8d0 JavaThread "Daemon client event forwarder"        [_thread_blocked, id=4283, stack(0x00007fe5ae000000,0x00007fe5ae100000) (1024K)]
  0x00007fe558255020 JavaThread "Cache worker for journal cache (/home/rohit/.gradle/caches/journal-1)"        [_thread_blocked, id=4285, stack(0x00007fe5adf00000,0x00007fe5ae000000) (1024K)]
  0x00007fe558260130 JavaThread "File lock request listener"        [_thread_in_native, id=4286, stack(0x00007fe5ade00000,0x00007fe5adf00000) (1024K)]
  0x00007fe55811c870 JavaThread "Cache worker for file hash cache (/home/rohit/.gradle/caches/8.12.1/fileHashes)"        [_thread_blocked, id=4287, stack(0x00007fe5add00000,0x00007fe5ade00000) (1024K)]
  0x00007fe558962cc0 JavaThread "Cache worker for file hash cache (/home/rohit/AndroidStudioProjects/ExpectedKeyboard/.gradle/8.12.1/fileHashes)"        [_thread_blocked, id=4292, stack(0x00007fe5adc00000,0x00007fe5add00000) (1024K)]
  0x00007fe55896b940 JavaThread "Cache worker for Build Output Cleanup Cache (/home/rohit/AndroidStudioProjects/ExpectedKeyboard/.gradle/buildOutputCleanup)"        [_thread_blocked, id=4293, stack(0x00007fe5adb00000,0x00007fe5adc00000) (1024K)]
  0x00007fe558aa6a30 JavaThread "File watcher server"        daemon [_thread_in_native, id=4300, stack(0x00007fe5ada00000,0x00007fe5adb00000) (1024K)]
  0x00007fe558aa9f40 JavaThread "File watcher consumer"      daemon [_thread_blocked, id=4301, stack(0x00007fe5ad900000,0x00007fe5ada00000) (1024K)]
Total: 28

Other Threads:
  0x00007fe5f412db70 VMThread "VM Thread"                           [id=4260, stack(0x00007fe5dd8e3000,0x00007fe5dd9e3000) (1024K)]
  0x00007fe5f4120ff0 WatcherThread "VM Periodic Task Thread"        [id=4259, stack(0x00007fe5dd9e4000,0x00007fe5ddae4000) (1024K)]
  0x00007fe5f4083af0 WorkerThread "GC Thread#0"                     [id=4254, stack(0x00007fe5f8700000,0x00007fe5f8800000) (1024K)]
  0x00007fe5c4006740 WorkerThread "GC Thread#1"                     [id=4271, stack(0x00007fe5dcde2000,0x00007fe5dcee2000) (1024K)]
  0x00007fe5c400f280 WorkerThread "GC Thread#2"                     [id=4272, stack(0x00007fe5dcce1000,0x00007fe5dcde1000) (1024K)]
  0x00007fe5c400d8b0 WorkerThread "GC Thread#3"                     [id=4273, stack(0x00007fe5dc900000,0x00007fe5dca00000) (1024K)]
  0x00007fe5f40950e0 ConcurrentGCThread "G1 Main Marker"            [id=4255, stack(0x00007fe5f85ff000,0x00007fe5f86ff000) (1024K)]
=>0x00007fe5f4096080 WorkerThread "G1 Conc#0"                       [id=4256, stack(0x00007fe5f84fe000,0x00007fe5f85fe000) (1024K)]
  0x00007fe5f410fae0 ConcurrentGCThread "G1 Refine#0"               [id=4257, stack(0x00007fe5ddd00000,0x00007fe5dde00000) (1024K)]
  0x00007fe5f4110a90 ConcurrentGCThread "G1 Service"                [id=4258, stack(0x00007fe5ddbff000,0x00007fe5ddcff000) (1024K)]
Total: 10

Threads with active compile tasks:
C2 CompilerThread1     5324 2790   !   4       java.net.URLClassLoader$1::run (81 bytes)
Total: 1

VM state: not at safepoint (normal execution)

VM Mutex/Monitor currently owned by a thread:  ([mutex/lock_event])
[0x00007fe5fa9eba50] Heap_lock - owner thread: 0x00007fe56c00a7a0

Heap address: 0x0000000080000000, size: 2048 MB, Compressed Oops mode: 32-bit

CDS archive(s) not mapped
Compressed class space mapped at: 0x0000000100000000-0x0000000140000000, reserved size: 1073741824
Narrow klass base: 0x0000000000000000, Narrow klass shift: 3, Narrow klass range: 0x140000000

GC Precious Log:
 CardTable entry size: 512
 Card Set container configuration: InlinePtr #cards 5 size 8 Array Of Cards #cards 12 size 40 Howl #buckets 4 coarsen threshold 1843 Howl Bitmap #cards 512 size 80 coarsen threshold 460 Card regions per heap region 1 cards per card region 2048
 CPUs: 4 total, 4 available
 Memory: 7837M
 Large Page Support: Disabled
 NUMA Support: Disabled
 Compressed Oops: Enabled (32-bit)
 Heap Region Size: 1M
 Heap Min Capacity: 8M
 Heap Initial Capacity: 124M
 Heap Max Capacity: 2G
 Pre-touch: Disabled
 Parallel Workers: 4
 Concurrent Workers: 1
 Concurrent Refinement Workers: 4
 Periodic GC: Disabled

Heap:
 garbage-first heap   total 86016K, used 27158K [0x0000000080000000, 0x0000000100000000)
  region size 1024K, 7 young (7168K), 5 survivors (5120K)
 Metaspace       used 35600K, committed 36480K, reserved 1114112K
  class space    used 4870K, committed 5312K, reserved 1048576K

Heap Regions: E=young(eden), S=young(survivor), O=old, HS=humongous(starts), HC=humongous(continues), CS=collection set, F=free, TAMS=top-at-mark-start, PB=parsable bottom
|   0|0x0000000080000000, 0x0000000080100000, 0x0000000080100000|100%|HS|  |TAMS 0x0000000080100000| PB 0x0000000080000000| Complete 
|   1|0x0000000080100000, 0x0000000080200000, 0x0000000080200000|100%|HC|  |TAMS 0x0000000080200000| PB 0x0000000080100000| Complete 
|   2|0x0000000080200000, 0x0000000080300000, 0x0000000080300000|100%|HC|  |TAMS 0x0000000080300000| PB 0x0000000080200000| Complete 
|   3|0x0000000080300000, 0x0000000080400000, 0x0000000080400000|100%| O|  |TAMS 0x0000000080400000| PB 0x0000000080300000| Untracked 
|   4|0x0000000080400000, 0x0000000080500000, 0x0000000080500000|100%| O|  |TAMS 0x0000000080500000| PB 0x0000000080400000| Untracked 
|   5|0x0000000080500000, 0x0000000080600000, 0x0000000080600000|100%| O|  |TAMS 0x0000000080600000| PB 0x0000000080500000| Untracked 
|   6|0x0000000080600000, 0x0000000080700000, 0x0000000080700000|100%| O|  |TAMS 0x0000000080700000| PB 0x0000000080600000| Untracked 
|   7|0x0000000080700000, 0x0000000080800000, 0x0000000080800000|100%|HS|  |TAMS 0x0000000080800000| PB 0x0000000080700000| Complete 
|   8|0x0000000080800000, 0x0000000080900000, 0x0000000080900000|100%| O|  |TAMS 0x0000000080900000| PB 0x0000000080800000| Untracked 
|   9|0x0000000080900000, 0x00000000809b79f0, 0x0000000080a00000| 71%| O|  |TAMS 0x0000000080900000| PB 0x0000000080900000| Untracked 
|  10|0x0000000080a00000, 0x0000000080b00000, 0x0000000080b00000|100%| O|  |TAMS 0x0000000080b00000| PB 0x0000000080a00000| Untracked 
|  11|0x0000000080b00000, 0x0000000080c00000, 0x0000000080c00000|100%| O|  |TAMS 0x0000000080c00000| PB 0x0000000080b00000| Untracked 
|  12|0x0000000080c00000, 0x0000000080d00000, 0x0000000080d00000|100%| O|  |TAMS 0x0000000080d00000| PB 0x0000000080c00000| Untracked 
|  13|0x0000000080d00000, 0x0000000080e00000, 0x0000000080e00000|100%| O|  |TAMS 0x0000000080e00000| PB 0x0000000080d00000| Untracked 
|  14|0x0000000080e00000, 0x0000000080f00000, 0x0000000080f00000|100%| O|  |TAMS 0x0000000080f00000| PB 0x0000000080e00000| Untracked 
|  15|0x0000000080f00000, 0x0000000081000000, 0x0000000081000000|100%| O|  |TAMS 0x0000000081000000| PB 0x0000000080f00000| Untracked 
|  16|0x0000000081000000, 0x0000000081100000, 0x0000000081100000|100%| O|  |TAMS 0x0000000081100000| PB 0x0000000081000000| Untracked 
|  17|0x0000000081100000, 0x0000000081200000, 0x0000000081200000|100%| O|  |TAMS 0x0000000081200000| PB 0x0000000081100000| Untracked 
|  18|0x0000000081200000, 0x0000000081300000, 0x0000000081300000|100%| O|  |TAMS 0x0000000081300000| PB 0x0000000081200000| Untracked 
|  19|0x0000000081300000, 0x0000000081400000, 0x0000000081400000|100%| O|  |TAMS 0x0000000081400000| PB 0x0000000081300000| Untracked 
|  20|0x0000000081400000, 0x0000000081500000, 0x0000000081500000|100%| O|  |TAMS 0x0000000081448890| PB 0x0000000081400000| Untracked 
|  21|0x0000000081500000, 0x0000000081500000, 0x0000000081600000|  0%| F|  |TAMS 0x0000000081500000| PB 0x0000000081500000| Untracked 
|  22|0x0000000081600000, 0x0000000081600000, 0x0000000081700000|  0%| F|  |TAMS 0x0000000081600000| PB 0x0000000081600000| Untracked 
|  23|0x0000000081700000, 0x0000000081700000, 0x0000000081800000|  0%| F|  |TAMS 0x0000000081700000| PB 0x0000000081700000| Untracked 
|  24|0x0000000081800000, 0x0000000081800000, 0x0000000081900000|  0%| F|  |TAMS 0x0000000081800000| PB 0x0000000081800000| Untracked 
|  25|0x0000000081900000, 0x0000000081900000, 0x0000000081a00000|  0%| F|  |TAMS 0x0000000081900000| PB 0x0000000081900000| Untracked 
|  26|0x0000000081a00000, 0x0000000081a00000, 0x0000000081b00000|  0%| F|  |TAMS 0x0000000081a00000| PB 0x0000000081a00000| Untracked 
|  27|0x0000000081b00000, 0x0000000081b00000, 0x0000000081c00000|  0%| F|  |TAMS 0x0000000081b00000| PB 0x0000000081b00000| Untracked 
|  28|0x0000000081c00000, 0x0000000081c00000, 0x0000000081d00000|  0%| F|  |TAMS 0x0000000081c00000| PB 0x0000000081c00000| Untracked 
|  29|0x0000000081d00000, 0x0000000081d00000, 0x0000000081e00000|  0%| F|  |TAMS 0x0000000081d00000| PB 0x0000000081d00000| Untracked 
|  30|0x0000000081e00000, 0x0000000081e00000, 0x0000000081f00000|  0%| F|  |TAMS 0x0000000081e00000| PB 0x0000000081e00000| Untracked 
|  31|0x0000000081f00000, 0x0000000081f00000, 0x0000000082000000|  0%| F|  |TAMS 0x0000000081f00000| PB 0x0000000081f00000| Untracked 
|  32|0x0000000082000000, 0x0000000082000000, 0x0000000082100000|  0%| F|  |TAMS 0x0000000082000000| PB 0x0000000082000000| Untracked 
|  33|0x0000000082100000, 0x0000000082100000, 0x0000000082200000|  0%| F|  |TAMS 0x0000000082100000| PB 0x0000000082100000| Untracked 
|  34|0x0000000082200000, 0x0000000082200000, 0x0000000082300000|  0%| F|  |TAMS 0x0000000082200000| PB 0x0000000082200000| Untracked 
|  35|0x0000000082300000, 0x0000000082300000, 0x0000000082400000|  0%| F|  |TAMS 0x0000000082300000| PB 0x0000000082300000| Untracked 
|  36|0x0000000082400000, 0x0000000082400000, 0x0000000082500000|  0%| F|  |TAMS 0x0000000082400000| PB 0x0000000082400000| Untracked 
|  37|0x0000000082500000, 0x0000000082500000, 0x0000000082600000|  0%| F|  |TAMS 0x0000000082500000| PB 0x0000000082500000| Untracked 
|  38|0x0000000082600000, 0x0000000082600000, 0x0000000082700000|  0%| F|  |TAMS 0x0000000082600000| PB 0x0000000082600000| Untracked 
|  39|0x0000000082700000, 0x0000000082700000, 0x0000000082800000|  0%| F|  |TAMS 0x0000000082700000| PB 0x0000000082700000| Untracked 
|  40|0x0000000082800000, 0x0000000082800000, 0x0000000082900000|  0%| F|  |TAMS 0x0000000082800000| PB 0x0000000082800000| Untracked 
|  41|0x0000000082900000, 0x0000000082900000, 0x0000000082a00000|  0%| F|  |TAMS 0x0000000082900000| PB 0x0000000082900000| Untracked 
|  42|0x0000000082a00000, 0x0000000082a00000, 0x0000000082b00000|  0%| F|  |TAMS 0x0000000082a00000| PB 0x0000000082a00000| Untracked 
|  43|0x0000000082b00000, 0x0000000082bcdfa0, 0x0000000082c00000| 80%| S|CS|TAMS 0x0000000082b00000| PB 0x0000000082b00000| Complete 
|  44|0x0000000082c00000, 0x0000000082d00000, 0x0000000082d00000|100%| S|CS|TAMS 0x0000000082c00000| PB 0x0000000082c00000| Complete 
|  45|0x0000000082d00000, 0x0000000082e00000, 0x0000000082e00000|100%| S|CS|TAMS 0x0000000082d00000| PB 0x0000000082d00000| Complete 
|  46|0x0000000082e00000, 0x0000000082f00000, 0x0000000082f00000|100%| S|CS|TAMS 0x0000000082e00000| PB 0x0000000082e00000| Complete 
|  47|0x0000000082f00000, 0x0000000083000000, 0x0000000083000000|100%| S|CS|TAMS 0x0000000082f00000| PB 0x0000000082f00000| Complete 
|  48|0x0000000083000000, 0x0000000083000000, 0x0000000083100000|  0%| F|  |TAMS 0x0000000083000000| PB 0x0000000083000000| Untracked 
|  49|0x0000000083100000, 0x0000000083100000, 0x0000000083200000|  0%| F|  |TAMS 0x0000000083100000| PB 0x0000000083100000| Untracked 
|  50|0x0000000083200000, 0x0000000083200000, 0x0000000083300000|  0%| F|  |TAMS 0x0000000083200000| PB 0x0000000083200000| Untracked 
|  51|0x0000000083300000, 0x0000000083300000, 0x0000000083400000|  0%| F|  |TAMS 0x0000000083300000| PB 0x0000000083300000| Untracked 
|  52|0x0000000083400000, 0x0000000083400000, 0x0000000083500000|  0%| F|  |TAMS 0x0000000083400000| PB 0x0000000083400000| Untracked 
|  53|0x0000000083500000, 0x0000000083500000, 0x0000000083600000|  0%| F|  |TAMS 0x0000000083500000| PB 0x0000000083500000| Untracked 
|  54|0x0000000083600000, 0x0000000083600000, 0x0000000083700000|  0%| F|  |TAMS 0x0000000083600000| PB 0x0000000083600000| Untracked 
|  55|0x0000000083700000, 0x0000000083700000, 0x0000000083800000|  0%| F|  |TAMS 0x0000000083700000| PB 0x0000000083700000| Untracked 
|  56|0x0000000083800000, 0x0000000083800000, 0x0000000083900000|  0%| F|  |TAMS 0x0000000083800000| PB 0x0000000083800000| Untracked 
|  57|0x0000000083900000, 0x0000000083900000, 0x0000000083a00000|  0%| F|  |TAMS 0x0000000083900000| PB 0x0000000083900000| Untracked 
|  58|0x0000000083a00000, 0x0000000083a00000, 0x0000000083b00000|  0%| F|  |TAMS 0x0000000083a00000| PB 0x0000000083a00000| Untracked 
|  59|0x0000000083b00000, 0x0000000083b00000, 0x0000000083c00000|  0%| F|  |TAMS 0x0000000083b00000| PB 0x0000000083b00000| Untracked 
|  60|0x0000000083c00000, 0x0000000083c00000, 0x0000000083d00000|  0%| F|  |TAMS 0x0000000083c00000| PB 0x0000000083c00000| Untracked 
|  61|0x0000000083d00000, 0x0000000083d00000, 0x0000000083e00000|  0%| F|  |TAMS 0x0000000083d00000| PB 0x0000000083d00000| Untracked 
|  62|0x0000000083e00000, 0x0000000083e00000, 0x0000000083f00000|  0%| F|  |TAMS 0x0000000083e00000| PB 0x0000000083e00000| Untracked 
|  63|0x0000000083f00000, 0x0000000083f00000, 0x0000000084000000|  0%| F|  |TAMS 0x0000000083f00000| PB 0x0000000083f00000| Untracked 
|  64|0x0000000084000000, 0x0000000084000000, 0x0000000084100000|  0%| F|  |TAMS 0x0000000084000000| PB 0x0000000084000000| Untracked 
|  65|0x0000000084100000, 0x0000000084100000, 0x0000000084200000|  0%| F|  |TAMS 0x0000000084100000| PB 0x0000000084100000| Untracked 
|  66|0x0000000084200000, 0x0000000084200000, 0x0000000084300000|  0%| F|  |TAMS 0x0000000084200000| PB 0x0000000084200000| Untracked 
|  67|0x0000000084300000, 0x0000000084300000, 0x0000000084400000|  0%| F|  |TAMS 0x0000000084300000| PB 0x0000000084300000| Untracked 
|  68|0x0000000084400000, 0x0000000084400000, 0x0000000084500000|  0%| F|  |TAMS 0x0000000084400000| PB 0x0000000084400000| Untracked 
|  69|0x0000000084500000, 0x0000000084500000, 0x0000000084600000|  0%| F|  |TAMS 0x0000000084500000| PB 0x0000000084500000| Untracked 
|  70|0x0000000084600000, 0x0000000084600000, 0x0000000084700000|  0%| F|  |TAMS 0x0000000084600000| PB 0x0000000084600000| Untracked 
|  71|0x0000000084700000, 0x0000000084700000, 0x0000000084800000|  0%| F|  |TAMS 0x0000000084700000| PB 0x0000000084700000| Untracked 
|  72|0x0000000084800000, 0x0000000084800000, 0x0000000084900000|  0%| F|  |TAMS 0x0000000084800000| PB 0x0000000084800000| Untracked 
|  73|0x0000000084900000, 0x0000000084900000, 0x0000000084a00000|  0%| F|  |TAMS 0x0000000084900000| PB 0x0000000084900000| Untracked 
|  74|0x0000000084a00000, 0x0000000084a00000, 0x0000000084b00000|  0%| F|  |TAMS 0x0000000084a00000| PB 0x0000000084a00000| Untracked 
|  75|0x0000000084b00000, 0x0000000084b00000, 0x0000000084c00000|  0%| F|  |TAMS 0x0000000084b00000| PB 0x0000000084b00000| Untracked 
|  76|0x0000000084c00000, 0x0000000084c00000, 0x0000000084d00000|  0%| F|  |TAMS 0x0000000084c00000| PB 0x0000000084c00000| Untracked 
|  77|0x0000000084d00000, 0x0000000084d00000, 0x0000000084e00000|  0%| F|  |TAMS 0x0000000084d00000| PB 0x0000000084d00000| Untracked 
|  78|0x0000000084e00000, 0x0000000084e00000, 0x0000000084f00000|  0%| F|  |TAMS 0x0000000084e00000| PB 0x0000000084e00000| Untracked 
|  79|0x0000000084f00000, 0x0000000084f00000, 0x0000000085000000|  0%| F|  |TAMS 0x0000000084f00000| PB 0x0000000084f00000| Untracked 
|  80|0x0000000085000000, 0x0000000085000000, 0x0000000085100000|  0%| F|  |TAMS 0x0000000085000000| PB 0x0000000085000000| Untracked 
|  81|0x0000000085100000, 0x0000000085100000, 0x0000000085200000|  0%| F|  |TAMS 0x0000000085100000| PB 0x0000000085100000| Untracked 
| 122|0x0000000087a00000, 0x0000000087a8c260, 0x0000000087b00000| 54%| E|  |TAMS 0x0000000087a00000| PB 0x0000000087a00000| Complete 
| 123|0x0000000087b00000, 0x0000000087c00000, 0x0000000087c00000|100%| E|CS|TAMS 0x0000000087b00000| PB 0x0000000087b00000| Complete 

Card table byte_map: [0x00007fe5f8800000,0x00007fe5f8c00000] _byte_map_base: 0x00007fe5f8400000

Marking Bits: (CMBitMap*) 0x00007fe5f4084610
 Bits: [0x00007fe5dfe00000, 0x00007fe5e1e00000)

Polling page: 0x00007fe5fad6a000

Metaspace:

Usage:
  Non-class:     30.01 MB used.
      Class:      4.76 MB used.
       Both:     34.77 MB used.

Virtual space:
  Non-class space:       64.00 MB reserved,      30.44 MB ( 48%) committed,  1 nodes.
      Class space:        1.00 GB reserved,       5.19 MB ( <1%) committed,  1 nodes.
             Both:        1.06 GB reserved,      35.62 MB (  3%) committed. 

Chunk freelists:
   Non-Class:  640.00 KB
       Class:  10.86 MB
        Both:  11.48 MB

MaxMetaspaceSize: unlimited
CompressedClassSpaceSize: 1.00 GB
Initial GC threshold: 21.00 MB
Current GC threshold: 35.62 MB
CDS: off
 - commit_granule_bytes: 65536.
 - commit_granule_words: 8192.
 - virtual_space_node_default_size: 8388608.
 - enlarge_chunks_in_place: 1.
 - use_allocation_guard: 0.


Internal statistics:

num_allocs_failed_limit: 8.
num_arena_births: 1426.
num_arena_deaths: 0.
num_vsnodes_births: 2.
num_vsnodes_deaths: 0.
num_space_committed: 570.
num_space_uncommitted: 0.
num_chunks_returned_to_freelist: 8.
num_chunks_taken_from_freelist: 2602.
num_chunk_merges: 8.
num_chunk_splits: 1669.
num_chunks_enlarged: 1053.
num_inconsistent_stats: 0.

CodeHeap 'non-profiled nmethods': size=120032Kb used=1546Kb max_used=1546Kb free=118485Kb
 bounds [0x00007fe5e98c8000, 0x00007fe5e9b38000, 0x00007fe5f0e00000]
CodeHeap 'profiled nmethods': size=120028Kb used=6046Kb max_used=6046Kb free=113981Kb
 bounds [0x00007fe5e1e00000, 0x00007fe5e23f0000, 0x00007fe5e9337000]
CodeHeap 'non-nmethods': size=5700Kb used=1466Kb max_used=1548Kb free=4233Kb
 bounds [0x00007fe5e9337000, 0x00007fe5e95a7000, 0x00007fe5e98c8000]
 total_blobs=3662 nmethods=3083 adapters=484
 compilation: enabled
              stopped_count=0, restarted_count=0
 full_count=0

Compilation events (20 events):
Event: 5.274 Thread 0x00007fe5f420f3e0 nmethod 3069 0x00007fe5e23e0c90 code [0x00007fe5e23e0e40, 0x00007fe5e23e1040]
Event: 5.274 Thread 0x00007fe5f420f3e0 3071       3       org.objectweb.asm.ByteVector::put11 (52 bytes)
Event: 5.274 Thread 0x00007fe5f420f3e0 nmethod 3071 0x00007fe5e23e1110 code [0x00007fe5e23e12c0, 0x00007fe5e23e14c8]
Event: 5.274 Thread 0x00007fe5f420f3e0 3072       3       org.gradle.model.internal.asm.ClassVisitorScope::publicMethod (11 bytes)
Event: 5.275 Thread 0x00007fe5f420f3e0 nmethod 3072 0x00007fe5e23e1610 code [0x00007fe5e23e17c0, 0x00007fe5e23e1918]
Event: 5.275 Thread 0x00007fe5f420f3e0 3074       3       org.objectweb.asm.Frame::setInputFrameFromDescriptor (175 bytes)
Event: 5.275 Thread 0x00007fe5f420f3e0 nmethod 3074 0x00007fe5e23e1a10 code [0x00007fe5e23e1c40, 0x00007fe5e23e2418]
Event: 5.276 Thread 0x00007fe5f420f3e0 3073       3       org.gradle.model.internal.asm.MethodVisitorScope::_INVOKEINTERFACE (11 bytes)
Event: 5.276 Thread 0x00007fe5f420f3e0 nmethod 3073 0x00007fe5e23e2810 code [0x00007fe5e23e29c0, 0x00007fe5e23e2c48]
Event: 5.276 Thread 0x00007fe5f420f3e0 3075       3       org.objectweb.asm.Frame::setLocal (65 bytes)
Event: 5.276 Thread 0x00007fe5f420f3e0 nmethod 3075 0x00007fe5e23e2d90 code [0x00007fe5e23e2f60, 0x00007fe5e23e3460]
Event: 5.276 Thread 0x00007fe5f420f3e0 3076       3       org.objectweb.asm.AnnotationWriter::putAnnotations (67 bytes)
Event: 5.277 Thread 0x00007fe5f420f3e0 nmethod 3076 0x00007fe5e23e3610 code [0x00007fe5e23e3820, 0x00007fe5e23e3c10]
Event: 5.277 Thread 0x00007fe5f420f3e0 3078       3       jdk.internal.org.objectweb.asm.ClassReader::readInt (52 bytes)
Event: 5.277 Thread 0x00007fe5f420f3e0 nmethod 3078 0x00007fe5e23e3e90 code [0x00007fe5e23e4020, 0x00007fe5e23e41e8]
Event: 5.277 Thread 0x00007fe5f420f3e0 3077       3       org.objectweb.asm.Attribute::putAttributes (78 bytes)
Event: 5.279 Thread 0x00007fe5f420f3e0 nmethod 3077 0x00007fe5e23e4310 code [0x00007fe5e23e4560, 0x00007fe5e23e4a60]
Event: 5.283 Thread 0x00007fe5f420ddb0 nmethod 3066 0x00007fe5e9a49e10 code [0x00007fe5e9a49fe0, 0x00007fe5e9a4a3f0]
Event: 5.288 Thread 0x00007fe5f420ddb0 3079       4       java.util.Collections$SetFromMap::add (22 bytes)
Event: 5.291 Thread 0x00007fe5f420ddb0 nmethod 3079 0x00007fe5e9a4a710 code [0x00007fe5e9a4a8a0, 0x00007fe5e9a4a9b8]

GC Heap History (12 events):
Event: 0.375 GC heap before
{Heap before GC invocations=0 (full 0):
 garbage-first heap   total 126976K, used 13312K [0x0000000080000000, 0x0000000100000000)
  region size 1024K, 13 young (13312K), 0 survivors (0K)
 Metaspace       used 7243K, committed 7360K, reserved 1114112K
  class space    used 663K, committed 704K, reserved 1048576K
}
Event: 0.382 GC heap after
{Heap after GC invocations=1 (full 0):
 garbage-first heap   total 126976K, used 1152K [0x0000000080000000, 0x0000000100000000)
  region size 1024K, 2 young (2048K), 2 survivors (2048K)
 Metaspace       used 7243K, committed 7360K, reserved 1114112K
  class space    used 663K, committed 704K, reserved 1048576K
}
Event: 1.181 GC heap before
{Heap before GC invocations=1 (full 0):
 garbage-first heap   total 126976K, used 27776K [0x0000000080000000, 0x0000000100000000)
  region size 1024K, 26 young (26624K), 2 survivors (2048K)
 Metaspace       used 11610K, committed 11840K, reserved 1114112K
  class space    used 1246K, committed 1344K, reserved 1048576K
}
Event: 1.191 GC heap after
{Heap after GC invocations=2 (full 0):
 garbage-first heap   total 126976K, used 10369K [0x0000000080000000, 0x0000000100000000)
  region size 1024K, 4 young (4096K), 4 survivors (4096K)
 Metaspace       used 11610K, committed 11840K, reserved 1114112K
  class space    used 1246K, committed 1344K, reserved 1048576K
}
Event: 2.548 GC heap before
{Heap before GC invocations=2 (full 0):
 garbage-first heap   total 126976K, used 76929K [0x0000000080000000, 0x0000000100000000)
  region size 1024K, 69 young (70656K), 4 survivors (4096K)
 Metaspace       used 21189K, committed 21504K, reserved 1114112K
  class space    used 2489K, committed 2688K, reserved 1048576K
}
Event: 2.562 GC heap after
{Heap after GC invocations=3 (full 0):
 garbage-first heap   total 126976K, used 18799K [0x0000000080000000, 0x0000000100000000)
  region size 1024K, 10 young (10240K), 10 survivors (10240K)
 Metaspace       used 21189K, committed 21504K, reserved 1114112K
  class space    used 2489K, committed 2688K, reserved 1048576K
}
Event: 3.287 GC heap before
{Heap before GC invocations=4 (full 0):
 garbage-first heap   total 71680K, used 45423K [0x0000000080000000, 0x0000000100000000)
  region size 1024K, 36 young (36864K), 10 survivors (10240K)
 Metaspace       used 25971K, committed 26496K, reserved 1114112K
  class space    used 3231K, committed 3456K, reserved 1048576K
}
Event: 3.310 GC heap after
{Heap after GC invocations=5 (full 0):
 garbage-first heap   total 71680K, used 20953K [0x0000000080000000, 0x0000000100000000)
  region size 1024K, 2 young (2048K), 2 survivors (2048K)
 Metaspace       used 25971K, committed 26496K, reserved 1114112K
  class space    used 3231K, committed 3456K, reserved 1048576K
}
Event: 4.095 GC heap before
{Heap before GC invocations=5 (full 0):
 garbage-first heap   total 71680K, used 52697K [0x0000000080000000, 0x0000000100000000)
  region size 1024K, 34 young (34816K), 2 survivors (2048K)
 Metaspace       used 30285K, committed 30976K, reserved 1114112K
  class space    used 4003K, committed 4352K, reserved 1048576K
}
Event: 4.102 GC heap after
{Heap after GC invocations=6 (full 0):
 garbage-first heap   total 86016K, used 23842K [0x0000000080000000, 0x0000000100000000)
  region size 1024K, 4 young (4096K), 4 survivors (4096K)
 Metaspace       used 30285K, committed 30976K, reserved 1114112K
  class space    used 4003K, committed 4352K, reserved 1048576K
}
Event: 5.245 GC heap before
{Heap before GC invocations=6 (full 0):
 garbage-first heap   total 86016K, used 59682K [0x0000000080000000, 0x0000000100000000)
  region size 1024K, 40 young (40960K), 4 survivors (4096K)
 Metaspace       used 35367K, committed 36160K, reserved 1114112K
  class space    used 4831K, committed 5248K, reserved 1048576K
}
Event: 5.257 GC heap after
{Heap after GC invocations=7 (full 0):
 garbage-first heap   total 86016K, used 26134K [0x0000000080000000, 0x0000000100000000)
  region size 1024K, 5 young (5120K), 5 survivors (5120K)
 Metaspace       used 35367K, committed 36160K, reserved 1114112K
  class space    used 4831K, committed 5248K, reserved 1048576K
}

Dll operation events (13 events):
Event: 0.002 Loaded shared library /home/rohit/Android/android-studio/jbr/lib/libjava.so
Event: 0.012 Loaded shared library /home/rohit/Android/android-studio/jbr/lib/libzip.so
Event: 0.187 Loaded shared library /home/rohit/Android/android-studio/jbr/lib/libinstrument.so
Event: 0.194 Loaded shared library /home/rohit/Android/android-studio/jbr/lib/libnio.so
Event: 0.204 Loaded shared library /home/rohit/Android/android-studio/jbr/lib/libzip.so
Event: 0.466 Loaded shared library /home/rohit/Android/android-studio/jbr/lib/libjimage.so
Event: 0.665 Loaded shared library /home/rohit/Android/android-studio/jbr/lib/libverify.so
Event: 0.923 Loaded shared library /home/rohit/Android/android-studio/jbr/lib/libnet.so
Event: 0.925 Loaded shared library /home/rohit/.gradle/native/1def1411415f61bf3af743bc5b6707747c0891f09f0c88961ee8f79bc544acac/linux-amd64/libnative-platform.so
Event: 0.933 Loaded shared library /home/rohit/.gradle/native/0.2.6/x86_64-linux-gnu/libgradle-fileevents.so
Event: 1.894 Loaded shared library /home/rohit/Android/android-studio/jbr/lib/libmanagement.so
Event: 1.896 Loaded shared library /home/rohit/Android/android-studio/jbr/lib/libmanagement_ext.so
Event: 2.062 Loaded shared library /home/rohit/Android/android-studio/jbr/lib/libextnet.so

Deoptimization events (20 events):
Event: 4.071 Thread 0x00007fe56c00a7a0 DEOPT PACKING pc=0x00007fe5e99c76f8 sp=0x00007fe5dc2f9df0
Event: 4.071 Thread 0x00007fe56c00a7a0 DEOPT UNPACKING pc=0x00007fe5e938af99 sp=0x00007fe5dc2f9d98 mode 2
Event: 4.071 Thread 0x00007fe56c00a7a0 Uncommon trap: trap_request=0xffffff45 fr.pc=0x00007fe5e99f31b4 relative=0x00000000000002d4
Event: 4.071 Thread 0x00007fe56c00a7a0 Uncommon trap: reason=unstable_if action=reinterpret pc=0x00007fe5e99f31b4 method=java.util.HashMap.getNode(Ljava/lang/Object;)Ljava/util/HashMap$Node; @ 131 c2
Event: 4.071 Thread 0x00007fe56c00a7a0 DEOPT PACKING pc=0x00007fe5e99f31b4 sp=0x00007fe5dc2f9e60
Event: 4.071 Thread 0x00007fe56c00a7a0 DEOPT UNPACKING pc=0x00007fe5e938af99 sp=0x00007fe5dc2f9e00 mode 2
Event: 4.340 Thread 0x00007fe56c00a7a0 Uncommon trap: trap_request=0xffffffcc fr.pc=0x00007fe5e9a18384 relative=0x0000000000000344
Event: 4.340 Thread 0x00007fe56c00a7a0 Uncommon trap: reason=intrinsic_or_type_checked_inlining action=make_not_entrant pc=0x00007fe5e9a18384 method=java.util.Arrays.copyOf([Ljava/lang/Object;ILjava/lang/Class;)[Ljava/lang/Object; @ 35 c2
Event: 4.340 Thread 0x00007fe56c00a7a0 DEOPT PACKING pc=0x00007fe5e9a18384 sp=0x00007fe5dc2f87f0
Event: 4.340 Thread 0x00007fe56c00a7a0 DEOPT UNPACKING pc=0x00007fe5e938af99 sp=0x00007fe5dc2f8780 mode 2
Event: 4.615 Thread 0x00007fe56c00a7a0 Uncommon trap: trap_request=0xffffff45 fr.pc=0x00007fe5e99b9528 relative=0x00000000000003c8
Event: 4.615 Thread 0x00007fe56c00a7a0 Uncommon trap: reason=unstable_if action=reinterpret pc=0x00007fe5e99b9528 method=jdk.internal.org.objectweb.asm.SymbolTable.addType(Ljava/lang/String;)I @ 33 c2
Event: 4.615 Thread 0x00007fe56c00a7a0 DEOPT PACKING pc=0x00007fe5e99b9528 sp=0x00007fe5dc2f8a30
Event: 4.615 Thread 0x00007fe56c00a7a0 DEOPT UNPACKING pc=0x00007fe5e938af99 sp=0x00007fe5dc2f89d8 mode 2
Event: 4.751 Thread 0x00007fe56c00a7a0 Uncommon trap: trap_request=0xffffff45 fr.pc=0x00007fe5e99e11d4 relative=0x0000000000000db4
Event: 4.751 Thread 0x00007fe56c00a7a0 Uncommon trap: reason=unstable_if action=reinterpret pc=0x00007fe5e99e11d4 method=jdk.internal.org.objectweb.asm.SymbolTable.addType(Ljava/lang/String;)I @ 33 c2
Event: 4.752 Thread 0x00007fe56c00a7a0 DEOPT PACKING pc=0x00007fe5e99e11d4 sp=0x00007fe5dc2fa400
Event: 4.752 Thread 0x00007fe56c00a7a0 DEOPT UNPACKING pc=0x00007fe5e938af99 sp=0x00007fe5dc2fa338 mode 2
Event: 5.271 Thread 0x00007fe56c00a7a0 DEOPT PACKING pc=0x00007fe5e2219f4f sp=0x00007fe5dc2f7980
Event: 5.271 Thread 0x00007fe56c00a7a0 DEOPT UNPACKING pc=0x00007fe5e938b72f sp=0x00007fe5dc2f6ea0 mode 0

Classes loaded (20 events):
Event: 4.356 Loading class java/util/zip/DeflaterOutputStream done
Event: 4.356 Loading class java/util/zip/GZIPOutputStream done
Event: 4.356 Loading class java/util/zip/GZIPInputStream
Event: 4.356 Loading class java/util/zip/GZIPInputStream done
Event: 4.361 Loading class java/io/UnsupportedEncodingException
Event: 4.361 Loading class java/io/UnsupportedEncodingException done
Event: 4.411 Loading class java/util/Collections$SingletonMap
Event: 4.411 Loading class java/util/Collections$SingletonMap done
Event: 4.814 Loading class java/util/function/UnaryOperator
Event: 4.814 Loading class java/util/function/UnaryOperator done
Event: 4.826 Loading class java/util/concurrent/CancellationException
Event: 4.826 Loading class java/util/concurrent/CancellationException done
Event: 4.828 Loading class java/util/concurrent/TimeoutException
Event: 4.828 Loading class java/util/concurrent/TimeoutException done
Event: 4.867 Loading class java/util/concurrent/locks/AbstractQueuedSynchronizer$SharedNode
Event: 4.867 Loading class java/util/concurrent/locks/AbstractQueuedSynchronizer$SharedNode done
Event: 4.884 Loading class java/io/InterruptedIOException
Event: 4.884 Loading class java/io/InterruptedIOException done
Event: 4.895 Loading class java/util/ArrayDeque$DeqSpliterator
Event: 4.895 Loading class java/util/ArrayDeque$DeqSpliterator done

Classes unloaded (0 events):
No events

Classes redefined (0 events):
No events

Internal exceptions (20 events):
Event: 3.751 Thread 0x00007fe56c00a7a0 Exception <a 'java/lang/NoSuchMethodError'{0x00000000834df980}: 'int java.lang.invoke.DirectMethodHandle$Holder.invokeStaticInit(java.lang.Object, java.lang.Object, java.lang.Object)'> (0x00000000834df980) 
thrown [src/hotspot/share/interpreter/linkResolver.cpp, line 784]
Event: 3.913 Thread 0x00007fe56c00a7a0 Exception <a 'java/lang/NoSuchMethodError'{0x0000000082e78500}: 'java.lang.Object java.lang.invoke.DirectMethodHandle$Holder.invokeVirtual(java.lang.Object, java.lang.Object, java.lang.Object, java.lang.Object, java.lang.Object, java.lang.Object, java.lang.Object, java.lang.Object, java.lang.Object, java.lang.Object, java.lang.Object, java.lang.Object, java.lang.Object, java.lang.Object, java.lang.Object, java.lang.Object, java.lang.Object, java.lang.Object, java.lang.Object, java.lang.Object, java.lang.Ob
Event: 4.089 Thread 0x00007fe56c00a7a0 Exception <a 'java/lang/NoSuchMethodError'{0x00000000826cec00}: 'java.lang.Object java.lang.invoke.DirectMethodHandle$Holder.newInvokeSpecial(java.lang.Object, java.lang.Object, java.lang.Object, java.lang.Object, java.lang.Object, java.lang.Object, java.lang.Object)'> (0x00000000826cec00) 
thrown [src/hotspot/share/interpreter/linkResolver.cpp, line 784]
Event: 4.139 Thread 0x00007fe56c00a7a0 Exception <a 'java/lang/NoSuchMethodError'{0x0000000087acfe38}: 'java.lang.Object java.lang.invoke.DirectMethodHandle$Holder.invokeVirtual(java.lang.Object, java.lang.Object, java.lang.Object, java.lang.Object, java.lang.Object, java.lang.Object, java.lang.Object, java.lang.Object, java.lang.Object, java.lang.Object, java.lang.Object)'> (0x0000000087acfe38) 
thrown [src/hotspot/share/interpreter/linkResolver.cpp, line 784]
Event: 4.384 Thread 0x00007fe56c00a7a0 Exception <a 'java/lang/NoSuchMethodError'{0x0000000084a554b0}: 'java.lang.Object java.lang.invoke.DirectMethodHandle$Holder.invokeVirtual(java.lang.Object, java.lang.Object, java.lang.Object, java.lang.Object, java.lang.Object, java.lang.Object, java.lang.Object, java.lang.Object, java.lang.Object, java.lang.Object)'> (0x0000000084a554b0) 
thrown [src/hotspot/share/interpreter/linkResolver.cpp, line 784]
Event: 4.429 Thread 0x00007fe56c00a7a0 Exception <a 'java/lang/NoSuchMethodError'{0x000000008495a320}: 'java.lang.Object java.lang.invoke.DirectMethodHandle$Holder.invokeSpecial(java.lang.Object, java.lang.Object, java.lang.Object, java.lang.Object, java.lang.Object, java.lang.Object, java.lang.Object, java.lang.Object, java.lang.Object, java.lang.Object, java.lang.Object, java.lang.Object, java.lang.Object, java.lang.Object, java.lang.Object, java.lang.Object, java.lang.Object, java.lang.Object, java.lang.Object, java.lang.Object, java.lang.Ob
Event: 4.429 Thread 0x00007fe56c00a7a0 Exception <a 'java/lang/NoSuchMethodError'{0x000000008495fcf8}: 'java.lang.Object java.lang.invoke.DelegatingMethodHandle$Holder.reinvoke_L(java.lang.Object, java.lang.Object, java.lang.Object, java.lang.Object, java.lang.Object, java.lang.Object, java.lang.Object, java.lang.Object, java.lang.Object, java.lang.Object, java.lang.Object, java.lang.Object, java.lang.Object, java.lang.Object, java.lang.Object, java.lang.Object, java.lang.Object, java.lang.Object, java.lang.Object, java.lang.Object, java.lang.O
Event: 4.430 Thread 0x00007fe56c00a7a0 Exception <a 'java/lang/NoSuchMethodError'{0x0000000084987db0}: 'java.lang.Object java.lang.invoke.DirectMethodHandle$Holder.invokeSpecial(java.lang.Object, java.lang.Object, java.lang.Object, java.lang.Object, java.lang.Object, java.lang.Object, java.lang.Object, java.lang.Object, java.lang.Object, java.lang.Object, java.lang.Object, java.lang.Object, java.lang.Object, java.lang.Object, java.lang.Object, java.lang.Object, java.lang.Object, java.lang.Object, java.lang.Object, java.lang.Object, java.lang.Ob
Event: 4.430 Thread 0x00007fe56c00a7a0 Exception <a 'java/lang/NoSuchMethodError'{0x000000008498d5a8}: 'java.lang.Object java.lang.invoke.Invokers$Holder.invoker(java.lang.Object, java.lang.Object, java.lang.Object, java.lang.Object, java.lang.Object, java.lang.Object, java.lang.Object, java.lang.Object, java.lang.Object, java.lang.Object, java.lang.Object, java.lang.Object, java.lang.Object, java.lang.Object, java.lang.Object, java.lang.Object, java.lang.Object, java.lang.Object, java.lang.Object, java.lang.Object, java.lang.Object, java.lang.
Event: 4.431 Thread 0x00007fe56c00a7a0 Exception <a 'java/lang/NoSuchMethodError'{0x0000000084993780}: 'java.lang.Object java.lang.invoke.DelegatingMethodHandle$Holder.delegate(java.lang.Object, java.lang.Object, java.lang.Object, java.lang.Object, java.lang.Object, java.lang.Object, java.lang.Object, java.lang.Object, java.lang.Object, java.lang.Object, java.lang.Object, java.lang.Object, java.lang.Object, java.lang.Object, java.lang.Object, java.lang.Object, java.lang.Object, java.lang.Object, java.lang.Object, java.lang.Object, java.lang.Obj
Event: 4.477 Thread 0x00007fe56c00a7a0 Exception <a 'java/lang/NoSuchMethodError'{0x00000000847b03c8}: 'java.lang.Object java.lang.invoke.DirectMethodHandle$Holder.invokeStaticInit(java.lang.Object, java.lang.Object, java.lang.Object, java.lang.Object)'> (0x00000000847b03c8) 
thrown [src/hotspot/share/interpreter/linkResolver.cpp, line 784]
Event: 4.549 Thread 0x00007fe56c00a7a0 Exception <a 'java/lang/NoSuchMethodError'{0x000000008458a260}: 'void java.lang.invoke.DirectMethodHandle$Holder.invokeStatic(java.lang.Object, java.lang.Object, java.lang.Object, java.lang.Object)'> (0x000000008458a260) 
thrown [src/hotspot/share/interpreter/linkResolver.cpp, line 784]
Event: 4.597 Thread 0x00007fe56c00a7a0 Exception <a 'java/lang/NoSuchMethodError'{0x0000000084422cd8}: 'java.lang.Object java.lang.invoke.DirectMethodHandle$Holder.invokeVirtual(java.lang.Object, java.lang.Object, java.lang.Object, java.lang.Object, java.lang.Object, java.lang.Object, java.lang.Object, java.lang.Object, java.lang.Object, java.lang.Object, java.lang.Object, java.lang.Object, java.lang.Object)'> (0x0000000084422cd8) 
thrown [src/hotspot/share/interpreter/linkResolver.cpp, line 784]
Event: 4.599 Thread 0x00007fe56c00a7a0 Exception <a 'java/lang/NoSuchMethodError'{0x0000000084427ee0}: 'java.lang.Object java.lang.invoke.DirectMethodHandle$Holder.invokeSpecial(java.lang.Object, java.lang.Object, java.lang.Object, java.lang.Object, java.lang.Object, java.lang.Object, java.lang.Object, java.lang.Object, java.lang.Object, java.lang.Object, java.lang.Object, java.lang.Object, java.lang.Object, java.lang.Object)'> (0x0000000084427ee0) 
thrown [src/hotspot/share/interpreter/linkResolver.cpp, line 784]
Event: 4.600 Thread 0x00007fe56c00a7a0 Exception <a 'java/lang/NoSuchMethodError'{0x000000008442cc20}: 'java.lang.Object java.lang.invoke.DelegatingMethodHandle$Holder.reinvoke_L(java.lang.Object, java.lang.Object, java.lang.Object, java.lang.Object, java.lang.Object, java.lang.Object, java.lang.Object, java.lang.Object, java.lang.Object, java.lang.Object, java.lang.Object, java.lang.Object, java.lang.Object)'> (0x000000008442cc20) 
thrown [src/hotspot/share/interpreter/linkResolver.cpp, line 784]
Event: 4.676 Thread 0x00007fe56c00a7a0 Exception <a 'java/lang/NoSuchMethodError'{0x00000000843e6a98}: 'void java.lang.invoke.DirectMethodHandle$Holder.invokeStaticInit(java.lang.Object, java.lang.Object)'> (0x00000000843e6a98) 
thrown [src/hotspot/share/interpreter/linkResolver.cpp, line 784]
Event: 4.888 Thread 0x00007fe56c00a7a0 Exception <a 'java/lang/NoSuchMethodError'{0x0000000083c85a28}: 'int java.lang.invoke.DirectMethodHandle$Holder.invokeVirtual(java.lang.Object, java.lang.Object)'> (0x0000000083c85a28) 
thrown [src/hotspot/share/interpreter/linkResolver.cpp, line 784]
Event: 4.977 Thread 0x00007fe56c00a7a0 Exception <a 'java/lang/NoSuchMethodError'{0x0000000083994888}: 'void java.lang.invoke.DirectMethodHandle$Holder.invokeInterface(java.lang.Object, java.lang.Object, java.lang.Object, java.lang.Object, java.lang.Object)'> (0x0000000083994888) 
thrown [src/hotspot/share/interpreter/linkResolver.cpp, line 784]
Event: 4.990 Thread 0x00007fe56c00a7a0 Exception <a 'java/lang/NoSuchMethodError'{0x00000000839f0748}: 'void java.lang.invoke.DirectMethodHandle$Holder.invokeStatic(java.lang.Object, java.lang.Object, java.lang.Object, java.lang.Object, java.lang.Object, java.lang.Object)'> (0x00000000839f0748) 
thrown [src/hotspot/share/interpreter/linkResolver.cpp, line 784]
Event: 5.219 Thread 0x00007fe56c00a7a0 Exception <a 'java/lang/NoSuchMethodError'{0x000000008313a798}: 'java.lang.Object java.lang.invoke.DirectMethodHandle$Holder.newInvokeSpecial(java.lang.Object, java.lang.Object, java.lang.Object, java.lang.Object, java.lang.Object, java.lang.Object, java.lang.Object, java.lang.Object, java.lang.Object)'> (0x000000008313a798) 
thrown [src/hotspot/share/interpreter/linkResolver.cpp, line 784]

ZGC Phase Switch (0 events):
No events

VM Operations (20 events):
Event: 2.548 Executing VM operation: CollectForMetadataAllocation (Metadata GC Threshold)
Event: 2.562 Executing VM operation: CollectForMetadataAllocation (Metadata GC Threshold) done
Event: 2.576 Executing VM operation: G1PauseRemark
Event: 2.578 Executing VM operation: G1PauseRemark done
Event: 2.583 Executing VM operation: G1PauseCleanup
Event: 2.584 Executing VM operation: G1PauseCleanup done
Event: 3.019 Executing VM operation: HandshakeAllThreads (Deoptimize)
Event: 3.019 Executing VM operation: HandshakeAllThreads (Deoptimize) done
Event: 3.287 Executing VM operation: G1CollectForAllocation (G1 Evacuation Pause)
Event: 3.310 Executing VM operation: G1CollectForAllocation (G1 Evacuation Pause) done
Event: 3.395 Executing VM operation: HandshakeAllThreads (Deoptimize)
Event: 3.395 Executing VM operation: HandshakeAllThreads (Deoptimize) done
Event: 3.395 Executing VM operation: HandshakeAllThreads (Deoptimize)
Event: 3.396 Executing VM operation: HandshakeAllThreads (Deoptimize) done
Event: 4.095 Executing VM operation: G1CollectForAllocation (G1 Evacuation Pause)
Event: 4.102 Executing VM operation: G1CollectForAllocation (G1 Evacuation Pause) done
Event: 4.947 Executing VM operation: HandshakeAllThreads (Deoptimize)
Event: 4.947 Executing VM operation: HandshakeAllThreads (Deoptimize) done
Event: 5.245 Executing VM operation: CollectForMetadataAllocation (Metadata GC Threshold)
Event: 5.260 Executing VM operation: CollectForMetadataAllocation (Metadata GC Threshold) done

Events (20 events):
Event: 2.363 Thread 0x00007fe558005970 Thread added: 0x00007fe558005970
Event: 2.363 Protecting memory [0x00007fe5dc0ff000,0x00007fe5dc103000] with protection modes 0
Event: 2.368 Thread 0x00007fe558009600 Thread added: 0x00007fe558009600
Event: 2.368 Protecting memory [0x00007fe5ae100000,0x00007fe5ae104000] with protection modes 0
Event: 2.371 Thread 0x00007fe55800b8d0 Thread added: 0x00007fe55800b8d0
Event: 2.371 Protecting memory [0x00007fe5ae000000,0x00007fe5ae004000] with protection modes 0
Event: 3.019 Thread 0x00007fe558255020 Thread added: 0x00007fe558255020
Event: 3.019 Protecting memory [0x00007fe5adf00000,0x00007fe5adf04000] with protection modes 0
Event: 3.032 Thread 0x00007fe558260130 Thread added: 0x00007fe558260130
Event: 3.032 Protecting memory [0x00007fe5ade00000,0x00007fe5ade04000] with protection modes 0
Event: 3.068 Thread 0x00007fe55811c870 Thread added: 0x00007fe55811c870
Event: 3.068 Protecting memory [0x00007fe5add00000,0x00007fe5add04000] with protection modes 0
Event: 4.394 Thread 0x00007fe558962cc0 Thread added: 0x00007fe558962cc0
Event: 4.395 Protecting memory [0x00007fe5adc00000,0x00007fe5adc04000] with protection modes 0
Event: 4.416 Thread 0x00007fe55896b940 Thread added: 0x00007fe55896b940
Event: 4.418 Protecting memory [0x00007fe5adb00000,0x00007fe5adb04000] with protection modes 0
Event: 4.867 Thread 0x00007fe558aa6a30 Thread added: 0x00007fe558aa6a30
Event: 4.868 Protecting memory [0x00007fe5ada00000,0x00007fe5ada04000] with protection modes 0
Event: 4.886 Thread 0x00007fe558aa9f40 Thread added: 0x00007fe558aa9f40
Event: 4.887 Protecting memory [0x00007fe5ad900000,0x00007fe5ad904000] with protection modes 0


Dynamic libraries:
80000000-85200000 rw-p 00000000 00:00 0 
85200000-87a00000 ---p 00000000 00:00 0 
87a00000-87c00000 rw-p 00000000 00:00 0 
87c00000-100000000 ---p 00000000 00:00 0 
100000000-100040000 rw-p 00000000 00:00 0 
100040000-1000c0000 rw-p 00000000 00:00 0 
1000c0000-100140000 rw-p 00000000 00:00 0 
100140000-100180000 rw-p 00000000 00:00 0 
100180000-100200000 rw-p 00000000 00:00 0 
100200000-100280000 rw-p 00000000 00:00 0 
100280000-100530000 rw-p 00000000 00:00 0 
100530000-140000000 ---p 00000000 00:00 0 
562b48810000-562b48811000 r--p 00000000 00:26 2104                       /home/rohit/Android/android-studio/jbr/bin/java
562b48811000-562b48812000 r-xp 00000000 00:26 2104                       /home/rohit/Android/android-studio/jbr/bin/java
562b48812000-562b48814000 r--p 00000000 00:26 2104                       /home/rohit/Android/android-studio/jbr/bin/java
562b48814000-562b48815000 rw-p 00001000 00:26 2104                       /home/rohit/Android/android-studio/jbr/bin/java
562b52835000-562b5287b000 rw-p 00000000 00:00 0                          [heap]
7fe550000000-7fe550021000 rw-p 00000000 00:00 0 
7fe550021000-7fe554000000 ---p 00000000 00:00 0 
7fe554000000-7fe554021000 rw-p 00000000 00:00 0 
7fe554021000-7fe558000000 ---p 00000000 00:00 0 
7fe558000000-7fe558ef3000 rw-p 00000000 00:00 0 
7fe558ef3000-7fe55c000000 ---p 00000000 00:00 0 
7fe55c000000-7fe55c021000 rw-p 00000000 00:00 0 
7fe55c021000-7fe560000000 ---p 00000000 00:00 0 
7fe560000000-7fe56004c000 rw-p 00000000 00:00 0 
7fe56004c000-7fe564000000 ---p 00000000 00:00 0 
7fe564000000-7fe564021000 rw-p 00000000 00:00 0 
7fe564021000-7fe568000000 ---p 00000000 00:00 0 
7fe568000000-7fe568021000 rw-p 00000000 00:00 0 
7fe568021000-7fe56c000000 ---p 00000000 00:00 0 
7fe56c000000-7fe56c021000 rw-p 00000000 00:00 0 
7fe56c021000-7fe570000000 ---p 00000000 00:00 0 
7fe570000000-7fe570021000 rw-p 00000000 00:00 0 
7fe570021000-7fe574000000 ---p 00000000 00:00 0 
7fe574000000-7fe574055000 rw-p 00000000 00:00 0 
7fe574055000-7fe578000000 ---p 00000000 00:00 0 
7fe578000000-7fe578021000 rw-p 00000000 00:00 0 
7fe578021000-7fe57c000000 ---p 00000000 00:00 0 
7fe57c000000-7fe57c021000 rw-p 00000000 00:00 0 
7fe57c021000-7fe580000000 ---p 00000000 00:00 0 
7fe580000000-7fe58148d000 rw-p 00000000 00:00 0 
7fe58148d000-7fe584000000 ---p 00000000 00:00 0 
7fe584000000-7fe584021000 rw-p 00000000 00:00 0 
7fe584021000-7fe588000000 ---p 00000000 00:00 0 
7fe588000000-7fe588021000 rw-p 00000000 00:00 0 
7fe588021000-7fe58c000000 ---p 00000000 00:00 0 
7fe58c000000-7fe58c021000 rw-p 00000000 00:00 0 
7fe58c021000-7fe590000000 ---p 00000000 00:00 0 
7fe590000000-7fe591550000 rw-p 00000000 00:00 0 
7fe591550000-7fe594000000 ---p 00000000 00:00 0 
7fe594000000-7fe5946fc000 rw-p 00000000 00:00 0 
7fe5946fc000-7fe598000000 ---p 00000000 00:00 0 
7fe598000000-7fe598021000 rw-p 00000000 00:00 0 
7fe598021000-7fe59c000000 ---p 00000000 00:00 0 
7fe59c000000-7fe59c021000 rw-p 00000000 00:00 0 
7fe59c021000-7fe5a0000000 ---p 00000000 00:00 0 
7fe5a0000000-7fe5a0021000 rw-p 00000000 00:00 0 
7fe5a0021000-7fe5a4000000 ---p 00000000 00:00 0 
7fe5a4000000-7fe5a4021000 rw-p 00000000 00:00 0 
7fe5a4021000-7fe5a8000000 ---p 00000000 00:00 0 
7fe5a8000000-7fe5a8021000 rw-p 00000000 00:00 0 
7fe5a8021000-7fe5ac000000 ---p 00000000 00:00 0 
7fe5ad67a000-7fe5ad900000 rw-p 00000000 00:00 0 
7fe5ad900000-7fe5ad904000 ---p 00000000 00:00 0 
7fe5ad904000-7fe5ada00000 rw-p 00000000 00:00 0 
7fe5ada00000-7fe5ada04000 ---p 00000000 00:00 0 
7fe5ada04000-7fe5adb00000 rw-p 00000000 00:00 0 
7fe5adb00000-7fe5adb04000 ---p 00000000 00:00 0 
7fe5adb04000-7fe5adc00000 rw-p 00000000 00:00 0 
7fe5adc00000-7fe5adc04000 ---p 00000000 00:00 0 
7fe5adc04000-7fe5add00000 rw-p 00000000 00:00 0 
7fe5add00000-7fe5add04000 ---p 00000000 00:00 0 
7fe5add04000-7fe5ade00000 rw-p 00000000 00:00 0 
7fe5ade00000-7fe5ade04000 ---p 00000000 00:00 0 
7fe5ade04000-7fe5adf00000 rw-p 00000000 00:00 0 
7fe5adf00000-7fe5adf04000 ---p 00000000 00:00 0 
7fe5adf04000-7fe5ae000000 rw-p 00000000 00:00 0 
7fe5ae000000-7fe5ae004000 ---p 00000000 00:00 0 
7fe5ae004000-7fe5ae100000 rw-p 00000000 00:00 0 
7fe5ae100000-7fe5ae104000 ---p 00000000 00:00 0 
7fe5ae104000-7fe5ae200000 rw-p 00000000 00:00 0 
7fe5ae200000-7fe5bbf97000 r--p 00000000 00:26 333912                     /usr/lib/locale/locale-archive
7fe5bc000000-7fe5bc500000 rw-p 00000000 00:00 0 
7fe5bc500000-7fe5bc520000 rw-p 00000000 00:00 0 
7fe5bc520000-7fe5bc540000 rw-p 00000000 00:00 0 
7fe5bc540000-7fe5bc580000 rw-p 00000000 00:00 0 
7fe5bc580000-7fe5bc680000 rw-p 00000000 00:00 0 
7fe5bc680000-7fe5bc700000 rw-p 00000000 00:00 0 
7fe5bc700000-7fe5bc900000 rw-p 00000000 00:00 0 
7fe5bc900000-7fe5bcb00000 rw-p 00000000 00:00 0 
7fe5bcb00000-7fe5bcc00000 rw-p 00000000 00:00 0 
7fe5bcc00000-7fe5bcd00000 rw-p 00000000 00:00 0 
7fe5bcd00000-7fe5bcec0000 rw-p 00000000 00:00 0 
7fe5bcec0000-7fe5bcf00000 rw-p 00000000 00:00 0 
7fe5bcf00000-7fe5bd100000 rw-p 00000000 00:00 0 
7fe5bd100000-7fe5bd580000 rw-p 00000000 00:00 0 
7fe5bd580000-7fe5bd600000 rw-p 00000000 00:00 0 
7fe5bd600000-7fe5bde60000 rw-p 00000000 00:00 0 
7fe5bde60000-7fe5bdf00000 ---p 00000000 00:00 0 
7fe5bdf00000-7fe5bdf10000 rw-p 00000000 00:00 0 
7fe5bdf10000-7fe5c0000000 ---p 00000000 00:00 0 
7fe5c0000000-7fe5c0021000 rw-p 00000000 00:00 0 
7fe5c0021000-7fe5c4000000 ---p 00000000 00:00 0 
7fe5c4000000-7fe5c4021000 rw-p 00000000 00:00 0 
7fe5c4021000-7fe5c8000000 ---p 00000000 00:00 0 
7fe5c8000000-7fe5c8021000 rw-p 00000000 00:00 0 
7fe5c8021000-7fe5cc000000 ---p 00000000 00:00 0 
7fe5cc000000-7fe5cc021000 rw-p 00000000 00:00 0 
7fe5cc021000-7fe5d0000000 ---p 00000000 00:00 0 
7fe5d0000000-7fe5d0021000 rw-p 00000000 00:00 0 
7fe5d0021000-7fe5d4000000 ---p 00000000 00:00 0 
7fe5d4000000-7fe5d4207000 rw-p 00000000 00:00 0 
7fe5d4207000-7fe5d8000000 ---p 00000000 00:00 0 
7fe5d8000000-7fe5d8021000 rw-p 00000000 00:00 0 
7fe5d8021000-7fe5dc000000 ---p 00000000 00:00 0 
7fe5dc0ff000-7fe5dc103000 ---p 00000000 00:00 0 
7fe5dc103000-7fe5dc1ff000 rw-p 00000000 00:00 0 
7fe5dc1ff000-7fe5dc203000 ---p 00000000 00:00 0 
7fe5dc203000-7fe5dc2ff000 rw-p 00000000 00:00 0 
7fe5dc2ff000-7fe5dc303000 ---p 00000000 00:00 0 
7fe5dc303000-7fe5dc3ff000 rw-p 00000000 00:00 0 
7fe5dc3ff000-7fe5dc403000 ---p 00000000 00:00 0 
7fe5dc403000-7fe5dc4ff000 rw-p 00000000 00:00 0 
7fe5dc4ff000-7fe5dc503000 ---p 00000000 00:00 0 
7fe5dc503000-7fe5dc5ff000 rw-p 00000000 00:00 0 
7fe5dc5ff000-7fe5dc603000 ---p 00000000 00:00 0 
7fe5dc603000-7fe5dc6ff000 rw-p 00000000 00:00 0 
7fe5dc6ff000-7fe5dc703000 ---p 00000000 00:00 0 
7fe5dc703000-7fe5dc7ff000 rw-p 00000000 00:00 0 
7fe5dc7ff000-7fe5dc803000 ---p 00000000 00:00 0 
7fe5dc803000-7fe5dc8ff000 rw-p 00000000 00:00 0 
7fe5dc8ff000-7fe5dc900000 ---p 00000000 00:00 0 
7fe5dc900000-7fe5dca00000 rw-p 00000000 00:00 0 
7fe5dca00000-7fe5dca05000 r-xp 00000000 00:26 1666324                    /home/rohit/.gradle/native/1def1411415f61bf3af743bc5b6707747c0891f09f0c88961ee8f79bc544acac/linux-amd64/libnative-platform.so
7fe5dca05000-7fe5dcc05000 ---p 00005000 00:26 1666324                    /home/rohit/.gradle/native/1def1411415f61bf3af743bc5b6707747c0891f09f0c88961ee8f79bc544acac/linux-amd64/libnative-platform.so
7fe5dcc05000-7fe5dcc06000 r--p 00005000 00:26 1666324                    /home/rohit/.gradle/native/1def1411415f61bf3af743bc5b6707747c0891f09f0c88961ee8f79bc544acac/linux-amd64/libnative-platform.so
7fe5dcc06000-7fe5dcc07000 rw-p 00006000 00:26 1666324                    /home/rohit/.gradle/native/1def1411415f61bf3af743bc5b6707747c0891f09f0c88961ee8f79bc544acac/linux-amd64/libnative-platform.so
7fe5dcce0000-7fe5dcce1000 ---p 00000000 00:00 0 
7fe5dcce1000-7fe5dcde1000 rw-p 00000000 00:00 0 
7fe5dcde1000-7fe5dcde2000 ---p 00000000 00:00 0 
7fe5dcde2000-7fe5dcee2000 rw-p 00000000 00:00 0 
7fe5dcee2000-7fe5dcee6000 ---p 00000000 00:00 0 
7fe5dcee6000-7fe5dcfe2000 rw-p 00000000 00:00 0 
7fe5dcfe2000-7fe5dcfe6000 ---p 00000000 00:00 0 
7fe5dcfe6000-7fe5dd0e2000 rw-p 00000000 00:00 0 
7fe5dd0e2000-7fe5dd0e6000 ---p 00000000 00:00 0 
7fe5dd0e6000-7fe5dd1e2000 rw-p 00000000 00:00 0 
7fe5dd1e2000-7fe5dd1e6000 ---p 00000000 00:00 0 
7fe5dd1e6000-7fe5dd2e2000 rw-p 00000000 00:00 0 
7fe5dd2e2000-7fe5dd2e6000 ---p 00000000 00:00 0 
7fe5dd2e6000-7fe5dd3e2000 rw-p 00000000 00:00 0 
7fe5dd3e2000-7fe5dd3e6000 ---p 00000000 00:00 0 
7fe5dd3e6000-7fe5dd4e2000 rw-p 00000000 00:00 0 
7fe5dd4e2000-7fe5dd4e6000 ---p 00000000 00:00 0 
7fe5dd4e6000-7fe5dd5e2000 rw-p 00000000 00:00 0 
7fe5dd5e2000-7fe5dd5e6000 ---p 00000000 00:00 0 
7fe5dd5e6000-7fe5dd6e2000 rw-p 00000000 00:00 0 
7fe5dd6e2000-7fe5dd6e6000 ---p 00000000 00:00 0 
7fe5dd6e6000-7fe5dd7e2000 rw-p 00000000 00:00 0 
7fe5dd7e2000-7fe5dd7e6000 ---p 00000000 00:00 0 
7fe5dd7e6000-7fe5dd8e2000 rw-p 00000000 00:00 0 
7fe5dd8e2000-7fe5dd8e3000 ---p 00000000 00:00 0 
7fe5dd8e3000-7fe5dd9e3000 rw-p 00000000 00:00 0 
7fe5dd9e3000-7fe5dd9e4000 ---p 00000000 00:00 0 
7fe5dd9e4000-7fe5ddae4000 rw-p 00000000 00:00 0 
7fe5ddbfe000-7fe5ddbff000 ---p 00000000 00:00 0 
7fe5ddbff000-7fe5ddcff000 rw-p 00000000 00:00 0 
7fe5ddcff000-7fe5ddd00000 ---p 00000000 00:00 0 
7fe5ddd00000-7fe5dde00000 rw-p 00000000 00:00 0 
7fe5dde00000-7fe5dff48000 rw-p 00000000 00:00 0 
7fe5dff48000-7fe5dffe8000 ---p 00000000 00:00 0 
7fe5dffe8000-7fe5dfff0000 rw-p 00000000 00:00 0 
7fe5dfff0000-7fe5e1e00000 ---p 00000000 00:00 0 
7fe5e1e00000-7fe5e23f0000 rwxp 00000000 00:00 0 
7fe5e23f0000-7fe5e9337000 ---p 00000000 00:00 0 
7fe5e9337000-7fe5e95a7000 rwxp 00000000 00:00 0 
7fe5e95a7000-7fe5e98c8000 ---p 00000000 00:00 0 
7fe5e98c8000-7fe5e9b38000 rwxp 00000000 00:00 0 
7fe5e9b38000-7fe5f0e00000 ---p 00000000 00:00 0 
7fe5f0e00000-7fe5f3f4c000 r--s 00000000 00:26 1823                       /home/rohit/Android/android-studio/jbr/lib/modules
7fe5f3f6f000-7fe5f3fab000 r--p 00000000 00:26 1666341                    /home/rohit/.gradle/native/0.2.6/x86_64-linux-gnu/libgradle-fileevents.so
7fe5f3fab000-7fe5f3ff3000 r-xp 0003b000 00:26 1666341                    /home/rohit/.gradle/native/0.2.6/x86_64-linux-gnu/libgradle-fileevents.so
7fe5f3ff3000-7fe5f3ffc000 r--p 00082000 00:26 1666341                    /home/rohit/.gradle/native/0.2.6/x86_64-linux-gnu/libgradle-fileevents.so
7fe5f3ffc000-7fe5f3ffd000 rw-p 0008a000 00:26 1666341                    /home/rohit/.gradle/native/0.2.6/x86_64-linux-gnu/libgradle-fileevents.so
7fe5f3ffd000-7fe5f5622000 rw-p 00000000 00:00 0 
7fe5f5622000-7fe5f8000000 ---p 00000000 00:00 0 
7fe5f802d000-7fe5f8034000 r--s 00000000 00:26 146412                     /usr/lib64/gconv/gconv-modules.cache
7fe5f8034000-7fe5f8037000 r--p 00000000 00:26 1811                       /home/rohit/Android/android-studio/jbr/lib/libmanagement_ext.so
7fe5f8037000-7fe5f803a000 r-xp 00002000 00:26 1811                       /home/rohit/Android/android-studio/jbr/lib/libmanagement_ext.so
7fe5f803a000-7fe5f803b000 r--p 00004000 00:26 1811                       /home/rohit/Android/android-studio/jbr/lib/libmanagement_ext.so
7fe5f803b000-7fe5f803c000 rw-p 00004000 00:26 1811                       /home/rohit/Android/android-studio/jbr/lib/libmanagement_ext.so
7fe5f803c000-7fe5f803f000 r--p 00000000 00:26 1731                       /home/rohit/Android/android-studio/jbr/lib/libmanagement.so
7fe5f803f000-7fe5f8041000 r-xp 00002000 00:26 1731                       /home/rohit/Android/android-studio/jbr/lib/libmanagement.so
7fe5f8041000-7fe5f8042000 r--p 00003000 00:26 1731                       /home/rohit/Android/android-studio/jbr/lib/libmanagement.so
7fe5f8042000-7fe5f8043000 rw-p 00003000 00:26 1731                       /home/rohit/Android/android-studio/jbr/lib/libmanagement.so
7fe5f8043000-7fe5f8049000 r--p 00000000 00:26 1814                       /home/rohit/Android/android-studio/jbr/lib/libverify.so
7fe5f8049000-7fe5f8051000 r-xp 00005000 00:26 1814                       /home/rohit/Android/android-studio/jbr/lib/libverify.so
7fe5f8051000-7fe5f8053000 r--p 0000c000 00:26 1814                       /home/rohit/Android/android-studio/jbr/lib/libverify.so
7fe5f8053000-7fe5f8054000 rw-p 0000d000 00:26 1814                       /home/rohit/Android/android-studio/jbr/lib/libverify.so
7fe5f8054000-7fe5f8058000 r--p 00000000 00:26 1815                       /home/rohit/Android/android-studio/jbr/lib/libnet.so
7fe5f8058000-7fe5f8060000 r-xp 00003000 00:26 1815                       /home/rohit/Android/android-studio/jbr/lib/libnet.so
7fe5f8060000-7fe5f8061000 r--p 0000a000 00:26 1815                       /home/rohit/Android/android-studio/jbr/lib/libnet.so
7fe5f8061000-7fe5f8062000 rw-p 0000a000 00:26 1815                       /home/rohit/Android/android-studio/jbr/lib/libnet.so
7fe5f8062000-7fe5f806d000 r--p 00000000 00:26 1727                       /home/rohit/Android/android-studio/jbr/lib/libnio.so
7fe5f806d000-7fe5f8076000 r-xp 0000a000 00:26 1727                       /home/rohit/Android/android-studio/jbr/lib/libnio.so
7fe5f8076000-7fe5f8077000 r--p 00012000 00:26 1727                       /home/rohit/Android/android-studio/jbr/lib/libnio.so
7fe5f8077000-7fe5f8078000 rw-p 00012000 00:26 1727                       /home/rohit/Android/android-studio/jbr/lib/libnio.so
7fe5f8078000-7fe5f84fd000 rw-p 00000000 00:00 0 
7fe5f84fd000-7fe5f84fe000 ---p 00000000 00:00 0 
7fe5f84fe000-7fe5f85fe000 rw-p 00000000 00:00 0 
7fe5f85fe000-7fe5f85ff000 ---p 00000000 00:00 0 
7fe5f85ff000-7fe5f86ff000 rw-p 00000000 00:00 0 
7fe5f86ff000-7fe5f8700000 ---p 00000000 00:00 0 
7fe5f8700000-7fe5f8800000 rw-p 00000000 00:00 0 
7fe5f8800000-7fe5f8829000 rw-p 00000000 00:00 0 
7fe5f8829000-7fe5f883d000 ---p 00000000 00:00 0 
7fe5f883d000-7fe5f883e000 rw-p 00000000 00:00 0 
7fe5f883e000-7fe5f8c00000 ---p 00000000 00:00 0 
7fe5f8c00000-7fe5f8c29000 rw-p 00000000 00:00 0 
7fe5f8c29000-7fe5f8c3d000 ---p 00000000 00:00 0 
7fe5f8c3d000-7fe5f8c3e000 rw-p 00000000 00:00 0 
7fe5f8c3e000-7fe5f9000000 ---p 00000000 00:00 0 
7fe5f9001000-7fe5f900a000 r--p 00000000 00:26 1820                       /home/rohit/Android/android-studio/jbr/lib/libzip.so
7fe5f900a000-7fe5f901f000 r-xp 00008000 00:26 1820                       /home/rohit/Android/android-studio/jbr/lib/libzip.so
7fe5f901f000-7fe5f9020000 r--p 0001c000 00:26 1820                       /home/rohit/Android/android-studio/jbr/lib/libzip.so
7fe5f9020000-7fe5f9021000 rw-p 0001c000 00:26 1820                       /home/rohit/Android/android-studio/jbr/lib/libzip.so
7fe5f9021000-7fe5f950b000 rw-p 00000000 00:00 0 
7fe5f950b000-7fe5f95f1000 ---p 00000000 00:00 0 
7fe5f95f1000-7fe5f95fd000 rw-p 00000000 00:00 0 
7fe5f95fd000-7fe5f96dc000 ---p 00000000 00:00 0 
7fe5f96dc000-7fe5f96ed000 r--p 00000000 00:26 1738                       /home/rohit/Android/android-studio/jbr/lib/libjava.so
7fe5f96ed000-7fe5f96fc000 r-xp 00010000 00:26 1738                       /home/rohit/Android/android-studio/jbr/lib/libjava.so
7fe5f96fc000-7fe5f96fe000 r--p 0001e000 00:26 1738                       /home/rohit/Android/android-studio/jbr/lib/libjava.so
7fe5f96fe000-7fe5f9700000 rw-p 0001f000 00:26 1738                       /home/rohit/Android/android-studio/jbr/lib/libjava.so
7fe5f9700000-7fe5f9704000 ---p 00000000 00:00 0 
7fe5f9704000-7fe5f9800000 rw-p 00000000 00:00 0 
7fe5f9800000-7fe5f9d4c000 r--p 00000000 00:26 1794                       /home/rohit/Android/android-studio/jbr/lib/server/libjvm.so
7fe5f9d4c000-7fe5fa8ce000 r-xp 0054b000 00:26 1794                       /home/rohit/Android/android-studio/jbr/lib/server/libjvm.so
7fe5fa8ce000-7fe5fa997000 r--p 010cc000 00:26 1794                       /home/rohit/Android/android-studio/jbr/lib/server/libjvm.so
7fe5fa997000-7fe5fa9ba000 rw-p 01194000 00:26 1794                       /home/rohit/Android/android-studio/jbr/lib/server/libjvm.so
7fe5fa9ba000-7fe5faa31000 rw-p 00000000 00:00 0 
7fe5faa37000-7fe5faa3c000 rw-p 00000000 00:00 0 
7fe5faa3c000-7fe5faa43000 ---p 00000000 00:00 0 
7fe5faa43000-7fe5faa4b000 rw-s 00000000 00:32 280                        /tmp/hsperfdata_rohit/4250
7fe5faa4b000-7fe5faa56000 r--p 00000000 00:26 1827                       /home/rohit/Android/android-studio/jbr/lib/libjimage.so
7fe5faa56000-7fe5faa6a000 r-xp 0000a000 00:26 1827                       /home/rohit/Android/android-studio/jbr/lib/libjimage.so
7fe5faa6a000-7fe5faa6c000 r--p 0001d000 00:26 1827                       /home/rohit/Android/android-studio/jbr/lib/libjimage.so
7fe5faa6c000-7fe5faa6d000 rw-p 0001e000 00:26 1827                       /home/rohit/Android/android-studio/jbr/lib/libjimage.so
7fe5faa6d000-7fe5faa6e000 rw-p 00000000 00:00 0 
7fe5faa6e000-7fe5faa6f000 r--p 00000000 00:26 142770                     /usr/lib64/librt.so.1
7fe5faa6f000-7fe5faa70000 r-xp 00001000 00:26 142770                     /usr/lib64/librt.so.1
7fe5faa70000-7fe5faa71000 r--p 00002000 00:26 142770                     /usr/lib64/librt.so.1
7fe5faa71000-7fe5faa72000 r--p 00002000 00:26 142770                     /usr/lib64/librt.so.1
7fe5faa72000-7fe5faa73000 rw-p 00000000 00:00 0 
7fe5faa73000-7fe5faa74000 r--p 00000000 00:26 142762                     /usr/lib64/libm.so.6
7fe5faa74000-7fe5faaed000 r-xp 00001000 00:26 142762                     /usr/lib64/libm.so.6
7fe5faaed000-7fe5fab57000 r--p 0007a000 00:26 142762                     /usr/lib64/libm.so.6
7fe5fab57000-7fe5fab58000 r--p 000e3000 00:26 142762                     /usr/lib64/libm.so.6
7fe5fab58000-7fe5fab59000 rw-p 000e4000 00:26 142762                     /usr/lib64/libm.so.6
7fe5fab59000-7fe5fab5b000 rw-p 00000000 00:00 0 
7fe5fab5b000-7fe5fab5c000 r--p 00000000 00:26 142760                     /usr/lib64/libc.so.6
7fe5fab5c000-7fe5faccb000 r-xp 00001000 00:26 142760                     /usr/lib64/libc.so.6
7fe5faccb000-7fe5fad40000 r--p 00170000 00:26 142760                     /usr/lib64/libc.so.6
7fe5fad40000-7fe5fad44000 r--p 001e5000 00:26 142760                     /usr/lib64/libc.so.6
7fe5fad44000-7fe5fad46000 rw-p 001e9000 00:26 142760                     /usr/lib64/libc.so.6
7fe5fad46000-7fe5fad4e000 rw-p 00000000 00:00 0 
7fe5fad4e000-7fe5fad4f000 r--p 00000000 00:26 142761                     /usr/lib64/libdl.so.2
7fe5fad4f000-7fe5fad50000 r-xp 00001000 00:26 142761                     /usr/lib64/libdl.so.2
7fe5fad50000-7fe5fad51000 r--p 00002000 00:26 142761                     /usr/lib64/libdl.so.2
7fe5fad51000-7fe5fad52000 r--p 00002000 00:26 142761                     /usr/lib64/libdl.so.2
7fe5fad52000-7fe5fad53000 rw-p 00000000 00:00 0 
7fe5fad53000-7fe5fad54000 r--p 00000000 00:26 142768                     /usr/lib64/libpthread.so.0
7fe5fad54000-7fe5fad55000 r-xp 00001000 00:26 142768                     /usr/lib64/libpthread.so.0
7fe5fad55000-7fe5fad56000 r--p 00002000 00:26 142768                     /usr/lib64/libpthread.so.0
7fe5fad56000-7fe5fad57000 r--p 00002000 00:26 142768                     /usr/lib64/libpthread.so.0
7fe5fad57000-7fe5fad58000 rw-p 00000000 00:00 0 
7fe5fad58000-7fe5fad5a000 r--p 00000000 00:26 1819                       /home/rohit/Android/android-studio/jbr/lib/libextnet.so
7fe5fad5a000-7fe5fad5b000 r-xp 00001000 00:26 1819                       /home/rohit/Android/android-studio/jbr/lib/libextnet.so
7fe5fad5b000-7fe5fad5c000 r--p 00001000 00:26 1819                       /home/rohit/Android/android-studio/jbr/lib/libextnet.so
7fe5fad5c000-7fe5fad5d000 rw-p 00001000 00:26 1819                       /home/rohit/Android/android-studio/jbr/lib/libextnet.so
7fe5fad5d000-7fe5fad61000 r--p 00000000 00:26 1822                       /home/rohit/Android/android-studio/jbr/lib/libinstrument.so
7fe5fad61000-7fe5fad68000 r-xp 00003000 00:26 1822                       /home/rohit/Android/android-studio/jbr/lib/libinstrument.so
7fe5fad68000-7fe5fad69000 r--p 00009000 00:26 1822                       /home/rohit/Android/android-studio/jbr/lib/libinstrument.so
7fe5fad69000-7fe5fad6a000 rw-p 00009000 00:26 1822                       /home/rohit/Android/android-studio/jbr/lib/libinstrument.so
7fe5fad6a000-7fe5fad6b000 ---p 00000000 00:00 0 
7fe5fad6b000-7fe5fad6c000 r--p 00000000 00:00 0 
7fe5fad6c000-7fe5fad6d000 ---p 00000000 00:00 0 
7fe5fad6d000-7fe5fad76000 r--p 00000000 00:26 1830                       /home/rohit/Android/android-studio/jbr/lib/libjli.so
7fe5fad76000-7fe5fad85000 r-xp 00008000 00:26 1830                       /home/rohit/Android/android-studio/jbr/lib/libjli.so
7fe5fad85000-7fe5fad86000 r--p 00016000 00:26 1830                       /home/rohit/Android/android-studio/jbr/lib/libjli.so
7fe5fad86000-7fe5fad87000 rw-p 00016000 00:26 1830                       /home/rohit/Android/android-studio/jbr/lib/libjli.so
7fe5fad87000-7fe5fad89000 rw-p 00000000 00:00 0 
7fe5fad89000-7fe5fad8d000 r--p 00000000 00:00 0                          [vvar]
7fe5fad8d000-7fe5fad8f000 r-xp 00000000 00:00 0                          [vdso]
7fe5fad8f000-7fe5fad90000 r--p 00000000 00:26 142757                     /usr/lib64/ld-linux-x86-64.so.2
7fe5fad90000-7fe5fadb9000 r-xp 00001000 00:26 142757                     /usr/lib64/ld-linux-x86-64.so.2
7fe5fadb9000-7fe5fadc4000 r--p 0002a000 00:26 142757                     /usr/lib64/ld-linux-x86-64.so.2
7fe5fadc4000-7fe5fadc6000 r--p 00035000 00:26 142757                     /usr/lib64/ld-linux-x86-64.so.2
7fe5fadc6000-7fe5fadc8000 rw-p 00037000 00:26 142757                     /usr/lib64/ld-linux-x86-64.so.2
7fff92a2e000-7fff92a4f000 rw-p 00000000 00:00 0                          [stack]
ffffffffff600000-ffffffffff601000 --xp 00000000 00:00 0                  [vsyscall]
Total number of mappings: 302


VM Arguments:
jvm_args: --add-opens=java.base/java.lang=ALL-UNNAMED --add-opens=java.base/java.lang.invoke=ALL-UNNAMED --add-opens=java.base/java.util=ALL-UNNAMED --add-opens=java.prefs/java.util.prefs=ALL-UNNAMED --add-exports=jdk.compiler/com.sun.tools.javac.api=ALL-UNNAMED --add-exports=jdk.compiler/com.sun.tools.javac.util=ALL-UNNAMED --add-opens=java.base/java.util=ALL-UNNAMED --add-opens=java.prefs/java.util.prefs=ALL-UNNAMED --add-opens=java.base/java.nio.charset=ALL-UNNAMED --add-opens=java.base/java.net=ALL-UNNAMED --add-opens=java.base/java.util.concurrent.atomic=ALL-UNNAMED --add-opens=java.xml/javax.xml.namespace=ALL-UNNAMED -Xmx2048m -Dfile.encoding=UTF-8 -Duser.country=US -Duser.language=en -Duser.variant -javaagent:/home/rohit/.gradle/wrapper/dists/gradle-8.12.1-bin/eumc4uhoysa37zql93vfjkxy0/gradle-8.12.1/lib/agents/gradle-instrumentation-agent-8.12.1.jar -Dawt.toolkit.name=XToolkit 
java_command: org.gradle.launcher.daemon.bootstrap.GradleDaemon 8.12.1
java_class_path (initial): /home/rohit/.gradle/wrapper/dists/gradle-8.12.1-bin/eumc4uhoysa37zql93vfjkxy0/gradle-8.12.1/lib/gradle-daemon-main-8.12.1.jar
Launcher Type: SUN_STANDARD

[Global flags]
     intx CICompilerCount                          = 3                                         {product} {ergonomic}
     uint ConcGCThreads                            = 1                                         {product} {ergonomic}
     uint G1ConcRefinementThreads                  = 4                                         {product} {ergonomic}
   size_t G1HeapRegionSize                         = 1048576                                   {product} {ergonomic}
    uintx GCDrainStackTargetSize                   = 64                                        {product} {ergonomic}
   size_t InitialHeapSize                          = 130023424                                 {product} {ergonomic}
   size_t MarkStackSize                            = 4194304                                   {product} {ergonomic}
   size_t MaxHeapSize                              = 2147483648                                {product} {command line}
   size_t MaxNewSize                               = 1287651328                                {product} {ergonomic}
   size_t MinHeapDeltaBytes                        = 1048576                                   {product} {ergonomic}
   size_t MinHeapSize                              = 8388608                                   {product} {ergonomic}
    uintx NonNMethodCodeHeapSize                   = 5832780                                {pd product} {ergonomic}
    uintx NonProfiledCodeHeapSize                  = 122912730                              {pd product} {ergonomic}
    uintx ProfiledCodeHeapSize                     = 122912730                              {pd product} {ergonomic}
    uintx ReservedCodeCacheSize                    = 251658240                              {pd product} {ergonomic}
     bool SegmentedCodeCache                       = true                                      {product} {ergonomic}
   size_t SoftMaxHeapSize                          = 2147483648                             {manageable} {ergonomic}
     bool UseCompressedOops                        = true                           {product lp64_product} {ergonomic}
     bool UseG1GC                                  = true                                      {product} {ergonomic}

Logging:
Log output configuration:
 #0: stdout all=warning uptime,level,tags foldmultilines=false
 #1: stderr all=off uptime,level,tags foldmultilines=false

Environment Variables:
PATH=/home/rohit/.cargo/bin:/home/rohit/.wasmer/bin:/home/rohit/.local/bin:/home/rohit/bin:/usr/local/bin:/usr/local/sbin:/usr/bin:/usr/sbin:/home/rohit/Android/android-studio/bin:/home/rohit/Programs/node/bin:/home/rohit/Android/android-studio/jbr/bin/:/bin:/usr/bin
USERNAME=rohit
SHELL=/bin/bash
DISPLAY=:0
LANG=en_US.UTF-8

Active Locale:
LC_ALL=en_US.UTF-8
LC_COLLATE=en_US.UTF-8
LC_CTYPE=en_US.UTF-8
LC_MESSAGES=en_US.UTF-8
LC_MONETARY=en_US.UTF-8
LC_NUMERIC=en_US.UTF-8
LC_TIME=en_US.UTF-8

Signal Handlers:
   SIGSEGV: crash_handler in libjvm.so, mask=11100100010111111101111111111110, flags=SA_RESTART|SA_SIGINFO, unblocked
    SIGBUS: crash_handler in libjvm.so, mask=11100100010111111101111111111110, flags=SA_RESTART|SA_SIGINFO, unblocked
    SIGFPE: crash_handler in libjvm.so, mask=11100100010111111101111111111110, flags=SA_RESTART|SA_SIGINFO, unblocked
   SIGPIPE: javaSignalHandler in libjvm.so, mask=11100100010111111101111111111110, flags=SA_RESTART|SA_SIGINFO, blocked
   SIGXFSZ: javaSignalHandler in libjvm.so, mask=11100100010111111101111111111110, flags=SA_RESTART|SA_SIGINFO, blocked
    SIGILL: crash_handler in libjvm.so, mask=11100100010111111101111111111110, flags=SA_RESTART|SA_SIGINFO, unblocked
   SIGUSR2: SR_handler in libjvm.so, mask=00000000000000000000000000000000, flags=SA_RESTART|SA_SIGINFO, blocked
    SIGHUP: UserHandler in libjvm.so, mask=11100100010111111101111111111110, flags=SA_RESTART|SA_SIGINFO, blocked
    SIGINT: UserHandler in libjvm.so, mask=11100100010111111101111111111110, flags=SA_RESTART|SA_SIGINFO, blocked
   SIGTERM: UserHandler in libjvm.so, mask=11100100010111111101111111111110, flags=SA_RESTART|SA_SIGINFO, blocked
   SIGQUIT: UserHandler in libjvm.so, mask=11100100010111111101111111111110, flags=SA_RESTART|SA_SIGINFO, blocked
   SIGTRAP: crash_handler in libjvm.so, mask=11100100010111111101111111111110, flags=SA_RESTART|SA_SIGINFO, unblocked


Periodic native trim disabled

JNI global refs:
JNI global refs: 26, weak refs: 0

JNI global refs memory usage: 859, weak refs: 857

Process memory usage:
Resident Set Size: 235252K (2% of 8025104K total physical memory with 3086448K free physical memory)

OOME stack traces (most recent first):
Classloader memory used:
Loader bootstrap                                                                       : 16976K
Loader org.gradle.internal.classloader.VisitableURLClassLoader                         : 15805K
Loader org.gradle.initialization.MixInLegacyTypesClassLoader                           : 2580K
Loader jdk.internal.loader.ClassLoaders$AppClassLoader                                 : 231K
Loader jdk.internal.loader.ClassLoaders$PlatformClassLoader                            : 6112B

Classes loaded by more than one classloader:
Class org.gradle.internal.classloader.FilteringClassLoader                            : loaded 2 times (x 103B)
Class org.gradle.internal.classloader.ClassLoaderHierarchy                            : loaded 2 times (x 68B)
Class org.gradle.api.internal.classpath.ManifestUtil                                  : loaded 2 times (x 69B)
Class org.gradle.internal.classloader.DefaultClassLoaderFactory                       : loaded 2 times (x 80B)
Class org.gradle.internal.classloader.ClassLoaderVisitor                              : loaded 2 times (x 74B)
Class org.gradle.api.internal.classpath.EffectiveClassPath                            : loaded 2 times (x 88B)
Class org.gradle.api.internal.DefaultClassPathProvider                                : loaded 2 times (x 74B)
Class [Lorg.gradle.api.internal.ClassPathProvider;                                    : loaded 2 times (x 67B)
Class org.gradle.api.internal.ClassPathProvider                                       : loaded 2 times (x 68B)
Class org.gradle.internal.service.UnknownServiceException                             : loaded 2 times (x 81B)
Class org.gradle.internal.classpath.TransformedClassPath                              : loaded 2 times (x 94B)
Class org.gradle.internal.classloader.InstrumentingClassLoader                        : loaded 2 times (x 68B)
Class org.gradle.internal.service.ServiceLocator                                      : loaded 2 times (x 68B)
Class org.gradle.internal.InternalTransformer                                         : loaded 2 times (x 68B)
Class org.gradle.internal.classloader.ClasspathUtil$1                                 : loaded 2 times (x 74B)
Class org.gradle.api.internal.classpath.DefaultModuleRegistry$DefaultModule           : loaded 2 times (x 84B)
Class org.gradle.api.internal.classpath.Module                                        : loaded 2 times (x 68B)
Class org.gradle.api.internal.classpath.UnknownModuleException                        : loaded 2 times (x 80B)
Class org.gradle.api.internal.DefaultClassPathRegistry                                : loaded 2 times (x 74B)
Class org.gradle.api.internal.ClassPathRegistry                                       : loaded 2 times (x 68B)
Class org.gradle.internal.classpath.DefaultClassPath$ImmutableUniqueList              : loaded 2 times (x 197B)
Class org.gradle.internal.classpath.ClassPath                                         : loaded 2 times (x 68B)
Class org.gradle.api.UncheckedIOException                                             : loaded 2 times (x 80B)
Class org.gradle.internal.installation.GradleInstallation$1                           : loaded 2 times (x 73B)
Class org.gradle.api.internal.classpath.ModuleRegistry                                : loaded 2 times (x 68B)
Class org.gradle.api.internal.classpath.DefaultModuleRegistry                         : loaded 2 times (x 84B)
Class org.gradle.internal.service.ServiceLookupException                              : loaded 2 times (x 80B)
Class org.gradle.internal.classloader.ClassLoaderFactory                              : loaded 2 times (x 68B)
Class org.gradle.internal.service.CachingServiceLocator                               : loaded 2 times (x 80B)
Class org.gradle.internal.classloader.ClasspathUtil                                   : loaded 2 times (x 69B)
Class org.gradle.api.specs.Spec                                                       : loaded 2 times (x 68B)
Class org.gradle.internal.classloader.VisitableURLClassLoader$InstrumentingVisitableURLClassLoader: loaded 2 times (x 121B)
Class org.gradle.internal.classloader.VisitableURLClassLoader$Spec                    : loaded 2 times (x 72B)
Class org.gradle.internal.classpath.DefaultClassPath                                  : loaded 2 times (x 88B)
Class org.gradle.internal.classloader.ClassLoaderSpec                                 : loaded 2 times (x 69B)
Class org.gradle.internal.classloader.VisitableURLClassLoader                         : loaded 2 times (x 115B)
Class org.gradle.internal.Cast                                                        : loaded 2 times (x 69B)
Class org.gradle.api.Action                                                           : loaded 2 times (x 68B)
Class org.gradle.internal.classpath.DefaultClassPath$ImmutableUniqueList$Builder      : loaded 2 times (x 73B)
Class org.gradle.api.GradleException                                                  : loaded 2 times (x 80B)
Class org.gradle.internal.IoActions                                                   : loaded 2 times (x 69B)
Class org.gradle.internal.classloader.SystemClassLoaderSpec                           : loaded 2 times (x 69B)
Class org.gradle.api.internal.classpath.GlobalCacheRootsProvider                      : loaded 2 times (x 68B)
Class org.gradle.internal.installation.CurrentGradleInstallationLocator               : loaded 2 times (x 69B)
Class org.gradle.internal.service.DefaultServiceLocator                               : loaded 2 times (x 81B)
Class org.gradle.internal.installation.CurrentGradleInstallation                      : loaded 2 times (x 71B)
Class org.gradle.util.internal.GUtil                                                  : loaded 2 times (x 69B)
Class org.gradle.internal.installation.GradleInstallation                             : loaded 2 times (x 73B)

---------------  S Y S T E M  ---------------

OS:
Fedora release 41 (Forty One)
uname: Linux 6.12.11-200.fc41.x86_64 #1 SMP PREEMPT_DYNAMIC Fri Jan 24 04:59:58 UTC 2025 x86_64
OS uptime: 0 days 0:20 hours
libc: glibc 2.40 NPTL 2.40 
rlimit (soft/hard): STACK 8192k/infinity , CORE infinity/infinity , NPROC 31191/31191 , NOFILE 524288/524288 , AS infinity/infinity , CPU infinity/infinity , DATA infinity/infinity , FSIZE infinity/infinity , MEMLOCK 8192k/8192k
load average: 3.14 2.66 1.82

/proc/meminfo:
MemTotal:        8025104 kB
MemFree:          775320 kB
MemAvailable:    3086448 kB
Buffers:             304 kB
Cached:          2606068 kB
SwapCached:          904 kB
Active:          1794160 kB
Inactive:        4659816 kB
Active(anon):    1080056 kB
Inactive(anon):  2881716 kB
Active(file):     714104 kB
Inactive(file):  1778100 kB
Unevictable:       26744 kB
Mlocked:               0 kB
SwapTotal:       8025084 kB
SwapFree:        6916016 kB
Zswap:                 0 kB
Zswapped:              0 kB
Dirty:              1948 kB
Writeback:             0 kB
AnonPages:       3873812 kB
Mapped:           318868 kB
Shmem:            114316 kB
KReclaimable:      86488 kB
Slab:             223636 kB
SReclaimable:      86488 kB
SUnreclaim:       137148 kB
KernelStack:       12800 kB
PageTables:        33960 kB
SecPageTables:      2056 kB
NFS_Unstable:          0 kB
Bounce:                0 kB
WritebackTmp:          0 kB
CommitLimit:    12037636 kB
Committed_AS:    9813164 kB
VmallocTotal:   34359738367 kB
VmallocUsed:       76144 kB
VmallocChunk:          0 kB
Percpu:             2928 kB
EarlyMemtestBad:      10 kB
HardwareCorrupted:     0 kB
AnonHugePages:         0 kB
ShmemHugePages:        0 kB
ShmemPmdMapped:        0 kB
FileHugePages:         0 kB
FilePmdMapped:         0 kB
CmaTotal:              0 kB
CmaFree:               0 kB
Unaccepted:            0 kB
HugePages_Total:       0
HugePages_Free:        0
HugePages_Rsvd:        0
HugePages_Surp:        0
Hugepagesize:       2048 kB
Hugetlb:               0 kB
DirectMap4k:      192912 kB
DirectMap2M:     6002688 kB
DirectMap1G:     2097152 kB

/sys/kernel/mm/transparent_hugepage/enabled: always [madvise] never
/sys/kernel/mm/transparent_hugepage/hpage_pmd_size: 2097152
/sys/kernel/mm/transparent_hugepage/defrag (defrag/compaction efforts parameter): always defer defer+madvise [madvise] never

Process Memory:
Virtual Size: 5918752K (peak: 5919880K)
Resident Set Size: 235508K (peak: 235508K) (anon: 207328K, file: 28180K, shmem: 0K)
Swapped out: 0K
C-Heap outstanding allocations: 63417K, retained: 42798K
glibc malloc tunables: (default)

/proc/sys/kernel/threads-max (system-wide limit on the number of threads): 62382
/proc/sys/vm/max_map_count (maximum number of memory map areas a process may have): 1048576
/proc/sys/kernel/pid_max (system-wide limit on number of process identifiers): 4194304

container information not found.
Steal ticks since vm start: 0
Steal ticks percentage since vm start:  0.000

CPU: total 4 (initial active 4) (2 cores per cpu, 2 threads per core) family 6 model 78 stepping 3 microcode 0x84, cx8, cmov, fxsr, ht, mmx, 3dnowpref, sse, sse2, sse3, ssse3, sse4.1, sse4.2, popcnt, lzcnt, tsc, tscinvbit, avx, avx2, aes, erms, clmul, bmi1, bmi2, adx, fma, vzeroupper, clflush, clflushopt, rdtscp, f16c
CPU Model and flags from /proc/cpuinfo:
model name	: Intel(R) Core(TM) i3-6006U CPU @ 2.00GHz
flags		: fpu vme de pse tsc msr pae mce cx8 apic sep mtrr pge mca cmov pat pse36 clflush dts acpi mmx fxsr sse sse2 ss ht tm pbe syscall nx pdpe1gb rdtscp lm constant_tsc art arch_perfmon pebs bts rep_good nopl xtopology nonstop_tsc cpuid aperfmperf pni pclmulqdq dtes64 monitor ds_cpl vmx est tm2 ssse3 sdbg fma cx16 xtpr pdcm pcid sse4_1 sse4_2 x2apic movbe popcnt aes xsave avx f16c rdrand lahf_lm abm 3dnowprefetch cpuid_fault pti tpr_shadow flexpriority ept vpid ept_ad fsgsbase tsc_adjust bmi1 avx2 smep bmi2 erms invpcid mpx rdseed adx smap clflushopt intel_pt xsaveopt xsavec xgetbv1 xsaves dtherm arat pln pts hwp hwp_notify hwp_act_window hwp_epp vnmi

Online cpus: 0-3
Offline cpus: 
BIOS frequency limitation: <Not Available>
Frequency switch latency (ns): 0
Available cpu frequencies: <Not Available>
Current governor: performance
Core performance/turbo boost: <Not Available>

Memory: 4k page, physical 8025104k(3086448k free), swap 8025084k(6916016k free)
Page Sizes: 4k

vm_info: OpenJDK 64-Bit Server VM (21.0.3+-12282718-b509.11) for linux-amd64 JRE (21.0.3+-12282718-b509.11), built on 2024-08-27T17:26:43Z by "builder" with clang Android (12085363, +pgo, +bolt, +lto, +mlgo, based on r530567) Clang 19.0.0 (https://android.googlesource.com/toolchain/llvm-project 97a699bf4812a18fb657c2779f5296a4ab2694d2)

END.
